Streaming transaction logs mentioning 2KAKX9Q4un6QmwFbvC54XePckpAEpb6iX8F5iLpGqYUi. Confirmed commitment
Transaction executed in slot 422403330:
  Signature: 58zWVgf431GPdvF8yrbjkoro3yTK3gqGUSqEBsLgYxt1saMCpfyQcydeFmWTQqJkv3HapNt4cTAt2doted7rRf3m
  Status: Ok
  Log Messages:
    Program 2KAKX9Q4un6QmwFbvC54XePckpAEpb6iX8F5iLpGqYUi invoke [1]
    Program log: Instruction: Initialize
    Program log: Greetings from: 2KAKX9Q4un6QmwFbvC54XePckpAEpb6iX8F5iLpGqYUi
    Program 2KAKX9Q4un6QmwFbvC54XePckpAEpb6iX8F5iLpGqYUi consumed 2943 of 200000 compute units
    Program 2KAKX9Q4un6QmwFbvC54XePckpAEpb6iX8F5iLpGqYUi success
Transaction executed in slot 422403332:
  Signature: 3XYUqNR7nrBqqCLtdU8QTvdesqfm33kVqqYNpS7Yai7ZyUAA1mBRuTdBUnLAMB2imXJTALMM5gcbCoqHXBSPj159
  Status: Ok
  Log Messages:
    Program 2KAKX9Q4un6QmwFbvC54XePckpAEpb6iX8F5iLpGqYUi invoke [1]
    Program log: Instruction: ProcessInitializePool
    Program 11111111111111111111111111111111 invoke [2]
    Program 11111111111111111111111111111111 success
    Program TokenkegQfeZyiNwAJbNbGKPFXCWuBvf9Ss623VQ5DA invoke [2]
    Program log: Instruction: InitializeMint2
    Program TokenkegQfeZyiNwAJbNbGKPFXCWuBvf9Ss623VQ5DA consumed 2828 of 187089 compute units
    Program TokenkegQfeZyiNwAJbNbGKPFXCWuBvf9Ss623VQ5DA success
    Program 11111111111111111111111111111111 invoke [2]
    Program 11111111111111111111111111111111 success
    Program TokenkegQfeZyiNwAJbNbGKPFXCWuBvf9Ss623VQ5DA invoke [2]
    Program log: Instruction: InitializeAccount3
    Program TokenkegQfeZyiNwAJbNbGKPFXCWuBvf9Ss623VQ5DA consumed 4241 of 163765 compute units
    Program TokenkegQfeZyiNwAJbNbGKPFXCWuBvf9Ss623VQ5DA success
    Program 11111111111111111111111111111111 invoke [2]
    Program 11111111111111111111111111111111 success
    Program 11111111111111111111111111111111 invoke [2]
    Program 11111111111111111111111111111111 success
    Program TokenkegQfeZyiNwAJbNbGKPFXCWuBvf9Ss623VQ5DA invoke [2]
    Program log: Instruction: InitializeAccount3
    Program TokenkegQfeZyiNwAJbNbGKPFXCWuBvf9Ss623VQ5DA consumed 4214 of 144724 compute units
    Program TokenkegQfeZyiNwAJbNbGKPFXCWuBvf9Ss623VQ5DA success
    Program 11111111111111111111111111111111 invoke [2]
    Program 11111111111111111111111111111111 success
    Program TokenkegQfeZyiNwAJbNbGKPFXCWuBvf9Ss623VQ5DA invoke [2]
    Program log: Instruction: InitializeAccount3
    Program TokenkegQfeZyiNwAJbNbGKPFXCWuBvf9Ss623VQ5DA consumed 4214 of 131849 compute units
    Program TokenkegQfeZyiNwAJbNbGKPFXCWuBvf9Ss623VQ5DA success
    Program log: Initializing Liquidity Pool...
    Program log: Liquidity Pool Initialized Successfully!
    Program log: Creating LP Token Metadata...
    Program metaqbxxUerdq28cj1RbAWkYQm3ybzjb6a8bt518x1s invoke [2]
    Program log: IX: Create Metadata Accounts v3
    Program 11111111111111111111111111111111 invoke [3]
    Program 11111111111111111111111111111111 success
    Program log: Allocate space for the account
    Program 11111111111111111111111111111111 invoke [3]
    Program 11111111111111111111111111111111 success
    Program log: Assign the account to the owning program
    Program 11111111111111111111111111111111 invoke [3]
    Program 11111111111111111111111111111111 success
    Program metaqbxxUerdq28cj1RbAWkYQm3ybzjb6a8bt518x1s consumed 43572 of 119064 compute units
    Program metaqbxxUerdq28cj1RbAWkYQm3ybzjb6a8bt518x1s success
    Program log: LP Token Created!
    Program 2KAKX9Q4un6QmwFbvC54XePckpAEpb6iX8F5iLpGqYUi consumed 126665 of 200000 compute units
    Program 2KAKX9Q4un6QmwFbvC54XePckpAEpb6iX8F5iLpGqYUi success
Transaction executed in slot 422403347:
  Signature: 5R2Ctd4kqcq77ZCECN3avXb79k9Xq7GSaAxtXP88nw2XmToz19EbWwG2Ho6dFJUf6GQ5qtiuhPqspqUrF6Ej24GN
  Status: Ok
  Log Messages:
    Program 2KAKX9Q4un6QmwFbvC54XePckpAEpb6iX8F5iLpGqYUi invoke [1]
    Program log: Instruction: ProcessDelegatePool
    Program 11111111111111111111111111111111 invoke [2]
    Program 11111111111111111111111111111111 success
    Program 11111111111111111111111111111111 invoke [2]
    Program 11111111111111111111111111111111 success
    Program DELeGGvXpWV2fqJUhqcF5ZSYMS4JTLjteaAMARRSaeSh invoke [2]
    Program 11111111111111111111111111111111 invoke [3]
    Program 11111111111111111111111111111111 success
    Program 11111111111111111111111111111111 invoke [3]
    Program 11111111111111111111111111111111 success
    Program DELeGGvXpWV2fqJUhqcF5ZSYMS4JTLjteaAMARRSaeSh consumed 18942 of 167118 compute units
    Program DELeGGvXpWV2fqJUhqcF5ZSYMS4JTLjteaAMARRSaeSh success
    Program log: Pool account delegated successfully!
    Program 2KAKX9Q4un6QmwFbvC54XePckpAEpb6iX8F5iLpGqYUi consumed 53876 of 200000 compute units
    Program 2KAKX9Q4un6QmwFbvC54XePckpAEpb6iX8F5iLpGqYUi success
Transaction executed in slot 422403373:
  Signature: 4NgsXYSwD6HdZcFgpDGcAZ6PS1yKMqBiALyhBrry6xTzK1aWEswZ59qtS5L3qBft7NXrMxzkWLjYb64WDKdzob39
  Status: Ok
  Log Messages:
    Program 2KAKX9Q4un6QmwFbvC54XePckpAEpb6iX8F5iLpGqYUi invoke [1]
    Program log: Instruction: ProcessInitializeLiquidityProvider
    Program 11111111111111111111111111111111 invoke [2]
    Program 11111111111111111111111111111111 success
    Program log: Initializing Liquidity Provider...
    Program log: Initialized Liquidity Provider Succesfully!
    Program log: Liquidity Provider Info: Account { account: LiquidityProvider { provider: 3oLMD8mcD1PGmi9p9Y7qQX3661nyoPBcnPo54n7CWjsi, total_liquidity_provided: 0, total_lp_tokens: 0, liquidity_pools_info: [LiquidityPoolInfo { pool: 11111111111111111111111111111111, token_mint: 11111111111111111111111111111111, liquidity_amount: 0, lp_tokens: 0 }, LiquidityPoolInfo { pool: 11111111111111111111111111111111, token_mint: 11111111111111111111111111111111, liquidity_amount: 0, lp_tokens: 0 }, LiquidityPoolInfo { pool: 11111111111111111111111111111111, token_mint: 11111111111111111111111111111111, liquidity_amount: 0, lp_tokens: 0 }, LiquidityPoolInfo { pool: 11111111111111111111111111111111, token_mint: 11111111111111111111111111111111, liquidity_amount: 0, lp_tokens: 0 }, LiquidityPoolInfo { pool: 11111111111111111111111111111111, token_mint: 11111111111111111111111111111111, liquidity_amount: 0, lp_tokens: 0 }, LiquidityPoolInfo { pool: 11111111111111111111111111111111, token_mint: 11111111111111111111111111111111, liquidity_amount: 0, lp_tokens: 0 }, LiquidityPoolInfo { pool: 11111111111111111111111111111111, token_mint: 11111111111111111111111111111111, liquidity_amount: 0, lp_tokens: 0 }, LiquidityPoolInfo { pool: 11111111111111111111111111111111, token_mint: 11111111111111111111111111111111, liquidity_amount: 0, lp_tokens: 0 }, LiquidityPoolInfo { pool: 11111111111111111111111111111111, token_mint: 11111111111111111111111111111111, liquidity_amount: 0, lp_tokens: 0 }, LiquidityPoolInfo { pool: 11111111111111111111111111111111, token_mint: 11111111111111111111111111111111, liquidity_amount: 0, lp_tokens: 0 }], latest_liquidity_provided_on: 0, bump: 251 }, info: AccountInfo { key: 6FoPaCBUGmtnEDiFVkSwyZf13A3msAmqbmJEKtPQFcw1, owner: 2KAKX9Q4un6QmwFbvC54XePckpAEpb6iX8F5iLpGqYUi, is_signer: false, is_writable: true, executable: false, rent_epoch: 18446744073709551615, lamports: 6911280, data.len: 865, data: 00000000000000000000000000000000000000000000000000000000000000000000000000000000000000000000000000000000000000000000000000000000, .. } }
    Program 2KAKX9Q4un6QmwFbvC54XePckpAEpb6iX8F5iLpGqYUi consumed 103233 of 200000 compute units
    Program 2KAKX9Q4un6QmwFbvC54XePckpAEpb6iX8F5iLpGqYUi success
Transaction executed in slot 422403375:
  Signature: 4NgsXYSwD6HdZcFgpDGcAZ6PS1yKMqBiALyhBrry6xTzK1aWEswZ59qtS5L3qBft7NXrMxzkWLjYb64WDKdzob39
  Status: Ok
  Log Messages:
    Program 2KAKX9Q4un6QmwFbvC54XePckpAEpb6iX8F5iLpGqYUi invoke [1]
    Program log: Instruction: ProcessInitializeLiquidityProvider
    Program 11111111111111111111111111111111 invoke [2]
    Program 11111111111111111111111111111111 success
    Program log: Initializing Liquidity Provider...
    Program log: Initialized Liquidity Provider Succesfully!
    Program log: Liquidity Provider Info: Account { account: LiquidityProvider { provider: 3oLMD8mcD1PGmi9p9Y7qQX3661nyoPBcnPo54n7CWjsi, total_liquidity_provided: 0, total_lp_tokens: 0, liquidity_pools_info: [LiquidityPoolInfo { pool: 11111111111111111111111111111111, token_mint: 11111111111111111111111111111111, liquidity_amount: 0, lp_tokens: 0 }, LiquidityPoolInfo { pool: 11111111111111111111111111111111, token_mint: 11111111111111111111111111111111, liquidity_amount: 0, lp_tokens: 0 }, LiquidityPoolInfo { pool: 11111111111111111111111111111111, token_mint: 11111111111111111111111111111111, liquidity_amount: 0, lp_tokens: 0 }, LiquidityPoolInfo { pool: 11111111111111111111111111111111, token_mint: 11111111111111111111111111111111, liquidity_amount: 0, lp_tokens: 0 }, LiquidityPoolInfo { pool: 11111111111111111111111111111111, token_mint: 11111111111111111111111111111111, liquidity_amount: 0, lp_tokens: 0 }, LiquidityPoolInfo { pool: 11111111111111111111111111111111, token_mint: 11111111111111111111111111111111, liquidity_amount: 0, lp_tokens: 0 }, LiquidityPoolInfo { pool: 11111111111111111111111111111111, token_mint: 11111111111111111111111111111111, liquidity_amount: 0, lp_tokens: 0 }, LiquidityPoolInfo { pool: 11111111111111111111111111111111, token_mint: 11111111111111111111111111111111, liquidity_amount: 0, lp_tokens: 0 }, LiquidityPoolInfo { pool: 11111111111111111111111111111111, token_mint: 11111111111111111111111111111111, liquidity_amount: 0, lp_tokens: 0 }, LiquidityPoolInfo { pool: 11111111111111111111111111111111, token_mint: 11111111111111111111111111111111, liquidity_amount: 0, lp_tokens: 0 }], latest_liquidity_provided_on: 0, bump: 251 }, info: AccountInfo { key: 6FoPaCBUGmtnEDiFVkSwyZf13A3msAmqbmJEKtPQFcw1, owner: 2KAKX9Q4un6QmwFbvC54XePckpAEpb6iX8F5iLpGqYUi, is_signer: false, is_writable: true, executable: false, rent_epoch: 18446744073709551615, lamports: 6911280, data.len: 865, data: 00000000000000000000000000000000000000000000000000000000000000000000000000000000000000000000000000000000000000000000000000000000, .. } }
    Program 2KAKX9Q4un6QmwFbvC54XePckpAEpb6iX8F5iLpGqYUi consumed 103233 of 200000 compute units
    Program 2KAKX9Q4un6QmwFbvC54XePckpAEpb6iX8F5iLpGqYUi success
Transaction executed in slot 422403386:
  Signature: 2CyJ1fXkR5TjcCVPjjtS1Ah96B1QMeDDk5FfayHsSCozZWp2Nfm8yKZQ9o63rtQfEdcnbdESo7LD8psrCKdx5TbU
  Status: Ok
  Log Messages:
    Program 2KAKX9Q4un6QmwFbvC54XePckpAEpb6iX8F5iLpGqYUi invoke [1]
    Program log: Instruction: ProcessDelegateLiquidityProvider
    Program 11111111111111111111111111111111 invoke [2]
    Program 11111111111111111111111111111111 success
    Program 11111111111111111111111111111111 invoke [2]
    Program 11111111111111111111111111111111 success
    Program DELeGGvXpWV2fqJUhqcF5ZSYMS4JTLjteaAMARRSaeSh invoke [2]
    Program 11111111111111111111111111111111 invoke [3]
    Program 11111111111111111111111111111111 success
    Program 11111111111111111111111111111111 invoke [3]
    Program 11111111111111111111111111111111 success
    Program DELeGGvXpWV2fqJUhqcF5ZSYMS4JTLjteaAMARRSaeSh consumed 21942 of 159167 compute units
    Program DELeGGvXpWV2fqJUhqcF5ZSYMS4JTLjteaAMARRSaeSh success
    Program log: Liquidity Provider account delegated successfully!
    Program 2KAKX9Q4un6QmwFbvC54XePckpAEpb6iX8F5iLpGqYUi consumed 65911 of 200000 compute units
    Program 2KAKX9Q4un6QmwFbvC54XePckpAEpb6iX8F5iLpGqYUi success
Transaction executed in slot 422403412:
  Signature: 5SJbyua7MvG9QL3jtaxDPG7GFG7FKc53k8vMU92NDHFzyQP4u8LrxWpRXxoFP1P4AX7GvNJFiQYSZdcf8uLLd1bf
  Status: Ok
  Log Messages:
    Program 2KAKX9Q4un6QmwFbvC54XePckpAEpb6iX8F5iLpGqYUi invoke [1]
    Program log: Instruction: ProcessDepositAddLiquidityOnChain
    Program 11111111111111111111111111111111 invoke [2]
    Program 11111111111111111111111111111111 success
    Program TokenkegQfeZyiNwAJbNbGKPFXCWuBvf9Ss623VQ5DA invoke [2]
    Program log: Instruction: Transfer
    Program TokenkegQfeZyiNwAJbNbGKPFXCWuBvf9Ss623VQ5DA consumed 4645 of 156429 compute units
    Program TokenkegQfeZyiNwAJbNbGKPFXCWuBvf9Ss623VQ5DA success
    Program log: Transferred 100 of Token A to Vault
    Program TokenkegQfeZyiNwAJbNbGKPFXCWuBvf9Ss623VQ5DA invoke [2]
    Program log: Instruction: Transfer
    Program TokenkegQfeZyiNwAJbNbGKPFXCWuBvf9Ss623VQ5DA consumed 4645 of 149486 compute units
    Program TokenkegQfeZyiNwAJbNbGKPFXCWuBvf9Ss623VQ5DA success
    Program log: Transferred 100 of Token B to Vault
    Program log: Deposit Recept created successfully!
    Program 2KAKX9Q4un6QmwFbvC54XePckpAEpb6iX8F5iLpGqYUi consumed 58507 of 200000 compute units
    Program 2KAKX9Q4un6QmwFbvC54XePckpAEpb6iX8F5iLpGqYUi success
Transaction executed in slot 422403413:
  Signature: 5SJbyua7MvG9QL3jtaxDPG7GFG7FKc53k8vMU92NDHFzyQP4u8LrxWpRXxoFP1P4AX7GvNJFiQYSZdcf8uLLd1bf
  Status: Ok
  Log Messages:
    Program 2KAKX9Q4un6QmwFbvC54XePckpAEpb6iX8F5iLpGqYUi invoke [1]
    Program log: Instruction: ProcessDepositAddLiquidityOnChain
    Program 11111111111111111111111111111111 invoke [2]
    Program 11111111111111111111111111111111 success
    Program TokenkegQfeZyiNwAJbNbGKPFXCWuBvf9Ss623VQ5DA invoke [2]
    Program log: Instruction: Transfer
    Program TokenkegQfeZyiNwAJbNbGKPFXCWuBvf9Ss623VQ5DA consumed 4645 of 156429 compute units
    Program TokenkegQfeZyiNwAJbNbGKPFXCWuBvf9Ss623VQ5DA success
    Program log: Transferred 100 of Token A to Vault
    Program TokenkegQfeZyiNwAJbNbGKPFXCWuBvf9Ss623VQ5DA invoke [2]
    Program log: Instruction: Transfer
    Program TokenkegQfeZyiNwAJbNbGKPFXCWuBvf9Ss623VQ5DA consumed 4645 of 149486 compute units
    Program TokenkegQfeZyiNwAJbNbGKPFXCWuBvf9Ss623VQ5DA success
    Program log: Transferred 100 of Token B to Vault
    Program log: Deposit Recept created successfully!
    Program 2KAKX9Q4un6QmwFbvC54XePckpAEpb6iX8F5iLpGqYUi consumed 58507 of 200000 compute units
    Program 2KAKX9Q4un6QmwFbvC54XePckpAEpb6iX8F5iLpGqYUi success
Transaction executed in slot 422403421:
  Signature: 3qEMUVajvec74prkwP7EdSAskQx16PgSntSovX3mtK12Gm4YPFn1ZHxcAfGRwd1BpubuSx1izg29pfQ5EhGXfce9
  Status: Ok
  Log Messages:
    Program 2KAKX9Q4un6QmwFbvC54XePckpAEpb6iX8F5iLpGqYUi invoke [1]
    Program log: Instruction: ProcessDelegateAddLiquidityReceipt
    Program 11111111111111111111111111111111 invoke [2]
    Program 11111111111111111111111111111111 success
    Program 11111111111111111111111111111111 invoke [2]
    Program 11111111111111111111111111111111 success
    Program DELeGGvXpWV2fqJUhqcF5ZSYMS4JTLjteaAMARRSaeSh invoke [2]
    Program 11111111111111111111111111111111 invoke [3]
    Program 11111111111111111111111111111111 success
    Program 11111111111111111111111111111111 invoke [3]
    Program 11111111111111111111111111111111 success
    Program DELeGGvXpWV2fqJUhqcF5ZSYMS4JTLjteaAMARRSaeSh consumed 24942 of 157309 compute units
    Program DELeGGvXpWV2fqJUhqcF5ZSYMS4JTLjteaAMARRSaeSh success
    Program log: Deposit receipt delegated successfully!
    Program log: Receipt : Account { account: DepositRecept { pool: EfnQu8XUKAaezyCSMSxBaJdkUysKHH7AnjsoW7FNP9bo, liquidity_provider: 3oLMD8mcD1PGmi9p9Y7qQX3661nyoPBcnPo54n7CWjsi, amount_a: 100, amount_b: 100, lp_tokens_minted: 100 }, info: AccountInfo { key: GayqinFEZXq7PkyeWk6pUmfavhmv8w99uKtSvnr6cskp, owner: DELeGGvXpWV2fqJUhqcF5ZSYMS4JTLjteaAMARRSaeSh, is_signer: false, is_writable: true, executable: false, rent_epoch: 18446744073709551615, lamports: 1559040, data.len: 96, data: 18c27466c6ffe9bfcb17592db894c205d0032a20ce7730b1b98d34c7af3bc1782048f03c4fa049822995f7ea09c9626110796e05bcfee0988df63805361f9284, .. } }
    Program 2KAKX9Q4un6QmwFbvC54XePckpAEpb6iX8F5iLpGqYUi consumed 98777 of 200000 compute units
    Program 2KAKX9Q4un6QmwFbvC54XePckpAEpb6iX8F5iLpGqYUi success
Transaction executed in slot 422403560:
  Signature: 3Qb1cJZeyBirkQrvQAxT2xXY61ZJmwaRYjnHBMP5t9YPdDVs3NsEvvBCdEQn8hfvTPb8TkYJGnJoe3QL4N39Knwa
  Status: Ok
  Log Messages:
    Program ComputeBudget111111111111111111111111111111 invoke [1]
    Program ComputeBudget111111111111111111111111111111 success
    Program ComputeBudget111111111111111111111111111111 invoke [1]
    Program ComputeBudget111111111111111111111111111111 success
    Program DELeGGvXpWV2fqJUhqcF5ZSYMS4JTLjteaAMARRSaeSh invoke [1]
    Program 11111111111111111111111111111111 invoke [2]
    Program 11111111111111111111111111111111 success
    Program 11111111111111111111111111111111 invoke [2]
    Program 11111111111111111111111111111111 success
    Program DELeGGvXpWV2fqJUhqcF5ZSYMS4JTLjteaAMARRSaeSh consumed 39383 of 409700 compute units
    Program DELeGGvXpWV2fqJUhqcF5ZSYMS4JTLjteaAMARRSaeSh success
    Program DELeGGvXpWV2fqJUhqcF5ZSYMS4JTLjteaAMARRSaeSh invoke [1]
    Program DELeGGvXpWV2fqJUhqcF5ZSYMS4JTLjteaAMARRSaeSh consumed 28931 of 370317 compute units
    Program DELeGGvXpWV2fqJUhqcF5ZSYMS4JTLjteaAMARRSaeSh success
    Program DELeGGvXpWV2fqJUhqcF5ZSYMS4JTLjteaAMARRSaeSh invoke [1]
    Program 11111111111111111111111111111111 invoke [2]
    Program 11111111111111111111111111111111 success
    Program 2KAKX9Q4un6QmwFbvC54XePckpAEpb6iX8F5iLpGqYUi invoke [2]
    Program log: Instruction: ProcessUndelegation
    Program 11111111111111111111111111111111 invoke [3]
    Program 11111111111111111111111111111111 success
    Program 2KAKX9Q4un6QmwFbvC54XePckpAEpb6iX8F5iLpGqYUi consumed 13120 of 298240 compute units
    Program 2KAKX9Q4un6QmwFbvC54XePckpAEpb6iX8F5iLpGqYUi success
    Program 11111111111111111111111111111111 invoke [2]
    Program 11111111111111111111111111111111 success
    Program DELeGGvXpWV2fqJUhqcF5ZSYMS4JTLjteaAMARRSaeSh consumed 59333 of 341386 compute units
    Program DELeGGvXpWV2fqJUhqcF5ZSYMS4JTLjteaAMARRSaeSh success
    Program DELeGGvXpWV2fqJUhqcF5ZSYMS4JTLjteaAMARRSaeSh invoke [1]
    Program log: Processing instruction: CallHandler
    Program 2KAKX9Q4un6QmwFbvC54XePckpAEpb6iX8F5iLpGqYUi invoke [2]
    Program log: Instruction: ProcessMintLpTokens
    Program log: Minting 100 LP tokens on-chain to provider
    Program TokenkegQfeZyiNwAJbNbGKPFXCWuBvf9Ss623VQ5DA invoke [3]
    Program log: Instruction: MintTo
    Program TokenkegQfeZyiNwAJbNbGKPFXCWuBvf9Ss623VQ5DA consumed 4538 of 243198 compute units
    Program TokenkegQfeZyiNwAJbNbGKPFXCWuBvf9Ss623VQ5DA success
    Program log: Successfully minted 100 LP tokens on-chain
    Program 2KAKX9Q4un6QmwFbvC54XePckpAEpb6iX8F5iLpGqYUi consumed 16748 of 254630 compute units
    Program 2KAKX9Q4un6QmwFbvC54XePckpAEpb6iX8F5iLpGqYUi success
    Program DELeGGvXpWV2fqJUhqcF5ZSYMS4JTLjteaAMARRSaeSh consumed 45053 of 282053 compute units
    Program DELeGGvXpWV2fqJUhqcF5ZSYMS4JTLjteaAMARRSaeSh success
Transaction executed in slot 422403582:
  Signature: 2Pm6ktGBdMLLU98oHRHAEjkkztSKqTuXvn5ycQ8Sh4rWiW13zMSJk7s6inmAXM4xxrEDVkWmzPTKZ8nk387AkFnG
  Status: Error processing Instruction 0: custom program error: 0x1775
  Log Messages:
    Program 2KAKX9Q4un6QmwFbvC54XePckpAEpb6iX8F5iLpGqYUi invoke [1]
    Program log: Instruction: ProcessRemoveLiquidityOnChain
    Program 11111111111111111111111111111111 invoke [2]
    Program 11111111111111111111111111111111 success
    Program log: AnchorError thrown in programs/magic-block-liquiditypool/src/instructions/remove_liquidity_on_chain.rs:150. Error Code: SlippageExceeded. Error Number: 6005. Error Message: SlippageExceeded.
    Program 2KAKX9Q4un6QmwFbvC54XePckpAEpb6iX8F5iLpGqYUi consumed 41288 of 200000 compute units
    Program 2KAKX9Q4un6QmwFbvC54XePckpAEpb6iX8F5iLpGqYUi failed: custom program error: 0x1775
Transaction executed in slot 422403588:
  Signature: 5pQF2KwPk5Y9m4bGqTGqhCWtNdrgktpzfkAc4e5DJsUSw8nBnhE5tymdxkgezJdndKGN3LUYLkRjwDv5gcPJkx7a
  Status: Error processing Instruction 0: custom program error: 0xbc4
  Log Messages:
    Program 2KAKX9Q4un6QmwFbvC54XePckpAEpb6iX8F5iLpGqYUi invoke [1]
    Program log: Instruction: ProcessDelegateRemoveLiquidityReceipt
    Program log: AnchorError caused by account: withdraw_recept. Error Code: AccountNotInitialized. Error Number: 3012. Error Message: The program expected this account to be already initialized.
    Program 2KAKX9Q4un6QmwFbvC54XePckpAEpb6iX8F5iLpGqYUi consumed 4459 of 200000 compute units
    Program 2KAKX9Q4un6QmwFbvC54XePckpAEpb6iX8F5iLpGqYUi failed: custom program error: 0xbc4
