Streaming transaction logs mentioning 33haU7VvqhMo86YsUXPgBCAEEBdedZy5w8JdKTy16JPF. Confirmed commitment
Transaction executed in slot 422643645:
  Signature: 4JLTBAyoxzNhrivn7RnjE9JfYqDdVTCL5hUop3Ee7V2CgDU5VJWjrJEjyWUs2shtEtjPJSdgNPWeMpkk7VF8Ph8z
  Status: Ok
  Log Messages:
    Program 33haU7VvqhMo86YsUXPgBCAEEBdedZy5w8JdKTy16JPF invoke [1]
    Program log: Instruction: Initialize
    Program log: Greetings from: 33haU7VvqhMo86YsUXPgBCAEEBdedZy5w8JdKTy16JPF
    Program 33haU7VvqhMo86YsUXPgBCAEEBdedZy5w8JdKTy16JPF consumed 2943 of 200000 compute units
    Program 33haU7VvqhMo86YsUXPgBCAEEBdedZy5w8JdKTy16JPF success
Transaction executed in slot 422643647:
  Signature: 3d9j8cuVQ6fSL1pUBJ6XpwdcDXxafo6xFpkgZxGTqZBKQHmMcGA7mRX8DMQQwjWMDtoEZY6STsNMYi2RjXWK3gRG
  Status: Ok
  Log Messages:
    Program 33haU7VvqhMo86YsUXPgBCAEEBdedZy5w8JdKTy16JPF invoke [1]
    Program log: Instruction: ProcessInitializePool
    Program 11111111111111111111111111111111 invoke [2]
    Program 11111111111111111111111111111111 success
    Program TokenkegQfeZyiNwAJbNbGKPFXCWuBvf9Ss623VQ5DA invoke [2]
    Program log: Instruction: InitializeMint2
    Program TokenkegQfeZyiNwAJbNbGKPFXCWuBvf9Ss623VQ5DA consumed 2828 of 187089 compute units
    Program TokenkegQfeZyiNwAJbNbGKPFXCWuBvf9Ss623VQ5DA success
    Program 11111111111111111111111111111111 invoke [2]
    Program 11111111111111111111111111111111 success
    Program TokenkegQfeZyiNwAJbNbGKPFXCWuBvf9Ss623VQ5DA invoke [2]
    Program log: Instruction: InitializeAccount3
    Program TokenkegQfeZyiNwAJbNbGKPFXCWuBvf9Ss623VQ5DA consumed 4241 of 177265 compute units
    Program TokenkegQfeZyiNwAJbNbGKPFXCWuBvf9Ss623VQ5DA success
    Program 11111111111111111111111111111111 invoke [2]
    Program 11111111111111111111111111111111 success
    Program 11111111111111111111111111111111 invoke [2]
    Program 11111111111111111111111111111111 success
    Program TokenkegQfeZyiNwAJbNbGKPFXCWuBvf9Ss623VQ5DA invoke [2]
    Program log: Instruction: InitializeAccount3
    Program TokenkegQfeZyiNwAJbNbGKPFXCWuBvf9Ss623VQ5DA consumed 4214 of 159724 compute units
    Program TokenkegQfeZyiNwAJbNbGKPFXCWuBvf9Ss623VQ5DA success
    Program 11111111111111111111111111111111 invoke [2]
    Program 11111111111111111111111111111111 success
    Program TokenkegQfeZyiNwAJbNbGKPFXCWuBvf9Ss623VQ5DA invoke [2]
    Program log: Instruction: InitializeAccount3
    Program TokenkegQfeZyiNwAJbNbGKPFXCWuBvf9Ss623VQ5DA consumed 4214 of 146849 compute units
    Program TokenkegQfeZyiNwAJbNbGKPFXCWuBvf9Ss623VQ5DA success
    Program log: Initializing Liquidity Pool...
    Program log: Liquidity Pool Initialized Successfully!
    Program log: Creating LP Token Metadata...
    Program metaqbxxUerdq28cj1RbAWkYQm3ybzjb6a8bt518x1s invoke [2]
    Program log: IX: Create Metadata Accounts v3
    Program 11111111111111111111111111111111 invoke [3]
    Program 11111111111111111111111111111111 success
    Program log: Allocate space for the account
    Program 11111111111111111111111111111111 invoke [3]
    Program 11111111111111111111111111111111 success
    Program log: Assign the account to the owning program
    Program 11111111111111111111111111111111 invoke [3]
    Program 11111111111111111111111111111111 success
    Program metaqbxxUerdq28cj1RbAWkYQm3ybzjb6a8bt518x1s consumed 36072 of 134064 compute units
    Program metaqbxxUerdq28cj1RbAWkYQm3ybzjb6a8bt518x1s success
    Program log: LP Token Created!
    Program 33haU7VvqhMo86YsUXPgBCAEEBdedZy5w8JdKTy16JPF consumed 104165 of 200000 compute units
    Program 33haU7VvqhMo86YsUXPgBCAEEBdedZy5w8JdKTy16JPF success
Transaction executed in slot 422643657:
  Signature: 4Vwu4Q84LaYHgqn8DjpdAQcT7ZXEesPpsQZX6v7m2emHxs4Xz3EJmJtWEDY2VJ2WLbLGR5nas5eMKK72oFGKbYBW
  Status: Ok
  Log Messages:
    Program 33haU7VvqhMo86YsUXPgBCAEEBdedZy5w8JdKTy16JPF invoke [1]
    Program log: Instruction: ProcessDelegatePool
    Program 11111111111111111111111111111111 invoke [2]
    Program 11111111111111111111111111111111 success
    Program 11111111111111111111111111111111 invoke [2]
    Program 11111111111111111111111111111111 success
    Program DELeGGvXpWV2fqJUhqcF5ZSYMS4JTLjteaAMARRSaeSh invoke [2]
    Program 11111111111111111111111111111111 invoke [3]
    Program 11111111111111111111111111111111 success
    Program 11111111111111111111111111111111 invoke [3]
    Program 11111111111111111111111111111111 success
    Program DELeGGvXpWV2fqJUhqcF5ZSYMS4JTLjteaAMARRSaeSh consumed 21942 of 168618 compute units
    Program DELeGGvXpWV2fqJUhqcF5ZSYMS4JTLjteaAMARRSaeSh success
    Program log: Pool account delegated successfully!
    Program 33haU7VvqhMo86YsUXPgBCAEEBdedZy5w8JdKTy16JPF consumed 55376 of 200000 compute units
    Program 33haU7VvqhMo86YsUXPgBCAEEBdedZy5w8JdKTy16JPF success
Transaction executed in slot 422643684:
  Signature: 582o63o2H1SY9CbKnRLmRLyCWKhW981vJx6ANPwLiw5VDbN3qttizs6HBGXp8bd3AWw7VtSo5mTAXGs9VDRiHS2z
  Status: Ok
  Log Messages:
    Program 33haU7VvqhMo86YsUXPgBCAEEBdedZy5w8JdKTy16JPF invoke [1]
    Program log: Instruction: ProcessInitializeLiquidityProvider
    Program 11111111111111111111111111111111 invoke [2]
    Program 11111111111111111111111111111111 success
    Program log: Initializing Liquidity Provider...
    Program log: Initialized Liquidity Provider Succesfully!
    Program log: Liquidity Provider Info: Account { account: LiquidityProvider { provider: 3oLMD8mcD1PGmi9p9Y7qQX3661nyoPBcnPo54n7CWjsi, total_liquidity_provided: 0, total_lp_tokens: 0, liquidity_pools_info: [LiquidityPoolInfo { pool: 11111111111111111111111111111111, token_mint: 11111111111111111111111111111111, liquidity_amount: 0, lp_tokens: 0 }, LiquidityPoolInfo { pool: 11111111111111111111111111111111, token_mint: 11111111111111111111111111111111, liquidity_amount: 0, lp_tokens: 0 }, LiquidityPoolInfo { pool: 11111111111111111111111111111111, token_mint: 11111111111111111111111111111111, liquidity_amount: 0, lp_tokens: 0 }, LiquidityPoolInfo { pool: 11111111111111111111111111111111, token_mint: 11111111111111111111111111111111, liquidity_amount: 0, lp_tokens: 0 }, LiquidityPoolInfo { pool: 11111111111111111111111111111111, token_mint: 11111111111111111111111111111111, liquidity_amount: 0, lp_tokens: 0 }, LiquidityPoolInfo { pool: 11111111111111111111111111111111, token_mint: 11111111111111111111111111111111, liquidity_amount: 0, lp_tokens: 0 }, LiquidityPoolInfo { pool: 11111111111111111111111111111111, token_mint: 11111111111111111111111111111111, liquidity_amount: 0, lp_tokens: 0 }, LiquidityPoolInfo { pool: 11111111111111111111111111111111, token_mint: 11111111111111111111111111111111, liquidity_amount: 0, lp_tokens: 0 }, LiquidityPoolInfo { pool: 11111111111111111111111111111111, token_mint: 11111111111111111111111111111111, liquidity_amount: 0, lp_tokens: 0 }, LiquidityPoolInfo { pool: 11111111111111111111111111111111, token_mint: 11111111111111111111111111111111, liquidity_amount: 0, lp_tokens: 0 }], latest_liquidity_provided_on: 0, bump: 251 }, info: AccountInfo { key: 8yC13ggnbJX5oJnWF9petvPDEWXWFEL3M8H9DFmv9zdE, owner: 33haU7VvqhMo86YsUXPgBCAEEBdedZy5w8JdKTy16JPF, is_signer: false, is_writable: true, executable: false, rent_epoch: 18446744073709551615, lamports: 6911280, data.len: 865, data: 00000000000000000000000000000000000000000000000000000000000000000000000000000000000000000000000000000000000000000000000000000000, .. } }
    Program 33haU7VvqhMo86YsUXPgBCAEEBdedZy5w8JdKTy16JPF consumed 103233 of 200000 compute units
    Program 33haU7VvqhMo86YsUXPgBCAEEBdedZy5w8JdKTy16JPF success
Transaction executed in slot 422643685:
  Signature: 582o63o2H1SY9CbKnRLmRLyCWKhW981vJx6ANPwLiw5VDbN3qttizs6HBGXp8bd3AWw7VtSo5mTAXGs9VDRiHS2z
  Status: Ok
  Log Messages:
    Program 33haU7VvqhMo86YsUXPgBCAEEBdedZy5w8JdKTy16JPF invoke [1]
    Program log: Instruction: ProcessInitializeLiquidityProvider
    Program 11111111111111111111111111111111 invoke [2]
    Program 11111111111111111111111111111111 success
    Program log: Initializing Liquidity Provider...
    Program log: Initialized Liquidity Provider Succesfully!
    Program log: Liquidity Provider Info: Account { account: LiquidityProvider { provider: 3oLMD8mcD1PGmi9p9Y7qQX3661nyoPBcnPo54n7CWjsi, total_liquidity_provided: 0, total_lp_tokens: 0, liquidity_pools_info: [LiquidityPoolInfo { pool: 11111111111111111111111111111111, token_mint: 11111111111111111111111111111111, liquidity_amount: 0, lp_tokens: 0 }, LiquidityPoolInfo { pool: 11111111111111111111111111111111, token_mint: 11111111111111111111111111111111, liquidity_amount: 0, lp_tokens: 0 }, LiquidityPoolInfo { pool: 11111111111111111111111111111111, token_mint: 11111111111111111111111111111111, liquidity_amount: 0, lp_tokens: 0 }, LiquidityPoolInfo { pool: 11111111111111111111111111111111, token_mint: 11111111111111111111111111111111, liquidity_amount: 0, lp_tokens: 0 }, LiquidityPoolInfo { pool: 11111111111111111111111111111111, token_mint: 11111111111111111111111111111111, liquidity_amount: 0, lp_tokens: 0 }, LiquidityPoolInfo { pool: 11111111111111111111111111111111, token_mint: 11111111111111111111111111111111, liquidity_amount: 0, lp_tokens: 0 }, LiquidityPoolInfo { pool: 11111111111111111111111111111111, token_mint: 11111111111111111111111111111111, liquidity_amount: 0, lp_tokens: 0 }, LiquidityPoolInfo { pool: 11111111111111111111111111111111, token_mint: 11111111111111111111111111111111, liquidity_amount: 0, lp_tokens: 0 }, LiquidityPoolInfo { pool: 11111111111111111111111111111111, token_mint: 11111111111111111111111111111111, liquidity_amount: 0, lp_tokens: 0 }, LiquidityPoolInfo { pool: 11111111111111111111111111111111, token_mint: 11111111111111111111111111111111, liquidity_amount: 0, lp_tokens: 0 }], latest_liquidity_provided_on: 0, bump: 251 }, info: AccountInfo { key: 8yC13ggnbJX5oJnWF9petvPDEWXWFEL3M8H9DFmv9zdE, owner: 33haU7VvqhMo86YsUXPgBCAEEBdedZy5w8JdKTy16JPF, is_signer: false, is_writable: true, executable: false, rent_epoch: 18446744073709551615, lamports: 6911280, data.len: 865, data: 00000000000000000000000000000000000000000000000000000000000000000000000000000000000000000000000000000000000000000000000000000000, .. } }
    Program 33haU7VvqhMo86YsUXPgBCAEEBdedZy5w8JdKTy16JPF consumed 103233 of 200000 compute units
    Program 33haU7VvqhMo86YsUXPgBCAEEBdedZy5w8JdKTy16JPF success
Transaction executed in slot 422643693:
  Signature: 5NngThsm2x4ZgoP5BFtAGeJRhR8iguu4X6xAdUczTBrkRv4rTjLyMKMT6ETEtGvbQhAz76vWnKVX7AUi9NHj4DXz
  Status: Ok
  Log Messages:
    Program 33haU7VvqhMo86YsUXPgBCAEEBdedZy5w8JdKTy16JPF invoke [1]
    Program log: Instruction: ProcessDelegateLiquidityProvider
    Program 11111111111111111111111111111111 invoke [2]
    Program 11111111111111111111111111111111 success
    Program 11111111111111111111111111111111 invoke [2]
    Program 11111111111111111111111111111111 success
    Program DELeGGvXpWV2fqJUhqcF5ZSYMS4JTLjteaAMARRSaeSh invoke [2]
    Program 11111111111111111111111111111111 invoke [3]
    Program 11111111111111111111111111111111 success
    Program 11111111111111111111111111111111 invoke [3]
    Program 11111111111111111111111111111111 success
    Program DELeGGvXpWV2fqJUhqcF5ZSYMS4JTLjteaAMARRSaeSh consumed 20442 of 163667 compute units
    Program DELeGGvXpWV2fqJUhqcF5ZSYMS4JTLjteaAMARRSaeSh success
    Program log: Liquidity Provider account delegated successfully!
    Program 33haU7VvqhMo86YsUXPgBCAEEBdedZy5w8JdKTy16JPF consumed 59911 of 200000 compute units
    Program 33haU7VvqhMo86YsUXPgBCAEEBdedZy5w8JdKTy16JPF success
Transaction executed in slot 422643719:
  Signature: 3V32xUjsbeCPMq5CsfRxjYd3SDYpxGkYHJu6uXaoac2MAnKRFHHcoGi8Za9jRftTtDReYcAfNyvjmoiwMeuNWxax
  Status: Ok
  Log Messages:
    Program 33haU7VvqhMo86YsUXPgBCAEEBdedZy5w8JdKTy16JPF invoke [1]
    Program log: Instruction: ProcessDepositAddLiquidityOnChain
    Program 11111111111111111111111111111111 invoke [2]
    Program 11111111111111111111111111111111 success
    Program TokenkegQfeZyiNwAJbNbGKPFXCWuBvf9Ss623VQ5DA invoke [2]
    Program log: Instruction: Transfer
    Program TokenkegQfeZyiNwAJbNbGKPFXCWuBvf9Ss623VQ5DA consumed 4645 of 168429 compute units
    Program TokenkegQfeZyiNwAJbNbGKPFXCWuBvf9Ss623VQ5DA success
    Program log: Transferred 100 of Token A to Vault
    Program TokenkegQfeZyiNwAJbNbGKPFXCWuBvf9Ss623VQ5DA invoke [2]
    Program log: Instruction: Transfer
    Program TokenkegQfeZyiNwAJbNbGKPFXCWuBvf9Ss623VQ5DA consumed 4645 of 161486 compute units
    Program TokenkegQfeZyiNwAJbNbGKPFXCWuBvf9Ss623VQ5DA success
    Program log: Transferred 100 of Token B to Vault
    Program log: Deposit Recept created successfully!
    Program 33haU7VvqhMo86YsUXPgBCAEEBdedZy5w8JdKTy16JPF consumed 46507 of 200000 compute units
    Program 33haU7VvqhMo86YsUXPgBCAEEBdedZy5w8JdKTy16JPF success
Transaction executed in slot 422643720:
  Signature: 3V32xUjsbeCPMq5CsfRxjYd3SDYpxGkYHJu6uXaoac2MAnKRFHHcoGi8Za9jRftTtDReYcAfNyvjmoiwMeuNWxax
  Status: Ok
  Log Messages:
    Program 33haU7VvqhMo86YsUXPgBCAEEBdedZy5w8JdKTy16JPF invoke [1]
    Program log: Instruction: ProcessDepositAddLiquidityOnChain
    Program 11111111111111111111111111111111 invoke [2]
    Program 11111111111111111111111111111111 success
    Program TokenkegQfeZyiNwAJbNbGKPFXCWuBvf9Ss623VQ5DA invoke [2]
    Program log: Instruction: Transfer
    Program TokenkegQfeZyiNwAJbNbGKPFXCWuBvf9Ss623VQ5DA consumed 4645 of 168429 compute units
    Program TokenkegQfeZyiNwAJbNbGKPFXCWuBvf9Ss623VQ5DA success
    Program log: Transferred 100 of Token A to Vault
    Program TokenkegQfeZyiNwAJbNbGKPFXCWuBvf9Ss623VQ5DA invoke [2]
    Program log: Instruction: Transfer
    Program TokenkegQfeZyiNwAJbNbGKPFXCWuBvf9Ss623VQ5DA consumed 4645 of 161486 compute units
    Program TokenkegQfeZyiNwAJbNbGKPFXCWuBvf9Ss623VQ5DA success
    Program log: Transferred 100 of Token B to Vault
    Program log: Deposit Recept created successfully!
    Program 33haU7VvqhMo86YsUXPgBCAEEBdedZy5w8JdKTy16JPF consumed 46507 of 200000 compute units
    Program 33haU7VvqhMo86YsUXPgBCAEEBdedZy5w8JdKTy16JPF success
Transaction executed in slot 422643728:
  Signature: 24i3gvYE65V3dt3Aw4pjNRey6SK3WHj28Zy5EpZvEspQiYUNuAci4MbCwrj5NfSW2MaA7UXLSyeyrBbaB9EX3Z24
  Status: Ok
  Log Messages:
    Program 33haU7VvqhMo86YsUXPgBCAEEBdedZy5w8JdKTy16JPF invoke [1]
    Program log: Instruction: ProcessDelegateAddLiquidityReceipt
    Program 11111111111111111111111111111111 invoke [2]
    Program 11111111111111111111111111111111 success
    Program 11111111111111111111111111111111 invoke [2]
    Program 11111111111111111111111111111111 success
    Program DELeGGvXpWV2fqJUhqcF5ZSYMS4JTLjteaAMARRSaeSh invoke [2]
    Program 11111111111111111111111111111111 invoke [3]
    Program 11111111111111111111111111111111 success
    Program 11111111111111111111111111111111 invoke [3]
    Program 11111111111111111111111111111111 success
    Program DELeGGvXpWV2fqJUhqcF5ZSYMS4JTLjteaAMARRSaeSh consumed 12942 of 178309 compute units
    Program DELeGGvXpWV2fqJUhqcF5ZSYMS4JTLjteaAMARRSaeSh success
    Program log: Deposit receipt delegated successfully!
    Program log: Receipt : Account { account: DepositRecept { pool: By8JWe938gVMZD3BrkhSbh8ir476CovBtvj4birgQTRH, liquidity_provider: 3oLMD8mcD1PGmi9p9Y7qQX3661nyoPBcnPo54n7CWjsi, amount_a: 100, amount_b: 100, lp_tokens_minted: 100 }, info: AccountInfo { key: 71mfq6tpUJCaZdVWNYgxtrjWy2abctPGZhiWoGFFWppx, owner: DELeGGvXpWV2fqJUhqcF5ZSYMS4JTLjteaAMARRSaeSh, is_signer: false, is_writable: true, executable: false, rent_epoch: 18446744073709551615, lamports: 1559040, data.len: 96, data: 18c27466c6ffe9bfa2f5a69f98c5171199bd63a34da2571b5051561679f6957ee22e4151897ace102995f7ea09c9626110796e05bcfee0988df63805361f9284, .. } }
    Program 33haU7VvqhMo86YsUXPgBCAEEBdedZy5w8JdKTy16JPF consumed 65669 of 200000 compute units
    Program 33haU7VvqhMo86YsUXPgBCAEEBdedZy5w8JdKTy16JPF success
Transaction executed in slot 422643827:
  Signature: 2VQ4x3SVBZafPCKPSfCVRKzCWRujraJsvwMbBF2thN6FuJ1uARBwimFTogQDtVE3N5rwXjvoJm54EnAj8YWhAgZB
  Status: Ok
  Log Messages:
    Program ComputeBudget111111111111111111111111111111 invoke [1]
    Program ComputeBudget111111111111111111111111111111 success
    Program ComputeBudget111111111111111111111111111111 invoke [1]
    Program ComputeBudget111111111111111111111111111111 success
    Program DELeGGvXpWV2fqJUhqcF5ZSYMS4JTLjteaAMARRSaeSh invoke [1]
    Program 11111111111111111111111111111111 invoke [2]
    Program 11111111111111111111111111111111 success
    Program 11111111111111111111111111111111 invoke [2]
    Program 11111111111111111111111111111111 success
    Program DELeGGvXpWV2fqJUhqcF5ZSYMS4JTLjteaAMARRSaeSh consumed 54383 of 409700 compute units
    Program DELeGGvXpWV2fqJUhqcF5ZSYMS4JTLjteaAMARRSaeSh success
    Program DELeGGvXpWV2fqJUhqcF5ZSYMS4JTLjteaAMARRSaeSh invoke [1]
    Program DELeGGvXpWV2fqJUhqcF5ZSYMS4JTLjteaAMARRSaeSh consumed 34931 of 355317 compute units
    Program DELeGGvXpWV2fqJUhqcF5ZSYMS4JTLjteaAMARRSaeSh success
    Program DELeGGvXpWV2fqJUhqcF5ZSYMS4JTLjteaAMARRSaeSh invoke [1]
    Program 11111111111111111111111111111111 invoke [2]
    Program 11111111111111111111111111111111 success
    Program 33haU7VvqhMo86YsUXPgBCAEEBdedZy5w8JdKTy16JPF invoke [2]
    Program log: Instruction: ProcessUndelegation
    Program 11111111111111111111111111111111 invoke [3]
    Program 11111111111111111111111111111111 success
    Program 33haU7VvqhMo86YsUXPgBCAEEBdedZy5w8JdKTy16JPF consumed 7120 of 274240 compute units
    Program 33haU7VvqhMo86YsUXPgBCAEEBdedZy5w8JdKTy16JPF success
    Program 11111111111111111111111111111111 invoke [2]
    Program 11111111111111111111111111111111 success
    Program DELeGGvXpWV2fqJUhqcF5ZSYMS4JTLjteaAMARRSaeSh consumed 56333 of 320386 compute units
    Program DELeGGvXpWV2fqJUhqcF5ZSYMS4JTLjteaAMARRSaeSh success
    Program DELeGGvXpWV2fqJUhqcF5ZSYMS4JTLjteaAMARRSaeSh invoke [1]
    Program log: Processing instruction: CallHandler
    Program 33haU7VvqhMo86YsUXPgBCAEEBdedZy5w8JdKTy16JPF invoke [2]
    Program log: Instruction: ProcessMintLpTokens
    Program log: Minting 100 LP tokens on-chain to provider
    Program TokenkegQfeZyiNwAJbNbGKPFXCWuBvf9Ss623VQ5DA invoke [3]
    Program log: Instruction: MintTo
    Program TokenkegQfeZyiNwAJbNbGKPFXCWuBvf9Ss623VQ5DA consumed 4538 of 225198 compute units
    Program TokenkegQfeZyiNwAJbNbGKPFXCWuBvf9Ss623VQ5DA success
    Program log: Successfully minted 100 LP tokens on-chain
    Program 33haU7VvqhMo86YsUXPgBCAEEBdedZy5w8JdKTy16JPF consumed 16748 of 236630 compute units
    Program 33haU7VvqhMo86YsUXPgBCAEEBdedZy5w8JdKTy16JPF success
    Program DELeGGvXpWV2fqJUhqcF5ZSYMS4JTLjteaAMARRSaeSh consumed 45053 of 264053 compute units
    Program DELeGGvXpWV2fqJUhqcF5ZSYMS4JTLjteaAMARRSaeSh success
Transaction executed in slot 422643847:
  Signature: 5YJiJTWNBanjwmVqVibHe2EwKNRUVid2vGwrckNwSHQ4M4RoDCscw2u4HpS8zDDjMpDog6ARUX3rJ2coKpzpddYA
  Status: Ok
  Log Messages:
    Program 33haU7VvqhMo86YsUXPgBCAEEBdedZy5w8JdKTy16JPF invoke [1]
    Program log: Instruction: ProcessRemoveLiquidityOnChain
    Program 11111111111111111111111111111111 invoke [2]
    Program 11111111111111111111111111111111 success
    Program TokenkegQfeZyiNwAJbNbGKPFXCWuBvf9Ss623VQ5DA invoke [2]
    Program log: Instruction: Burn
    Program TokenkegQfeZyiNwAJbNbGKPFXCWuBvf9Ss623VQ5DA consumed 4753 of 166550 compute units
    Program TokenkegQfeZyiNwAJbNbGKPFXCWuBvf9Ss623VQ5DA success
    Program log: Burned 5 LP tokens
    Program TokenkegQfeZyiNwAJbNbGKPFXCWuBvf9Ss623VQ5DA invoke [2]
    Program log: Instruction: Transfer
    Program TokenkegQfeZyiNwAJbNbGKPFXCWuBvf9Ss623VQ5DA consumed 4645 of 159490 compute units
    Program TokenkegQfeZyiNwAJbNbGKPFXCWuBvf9Ss623VQ5DA success
    Program log: Transferred 5 of token A to provider
    Program TokenkegQfeZyiNwAJbNbGKPFXCWuBvf9Ss623VQ5DA invoke [2]
    Program log: Instruction: Transfer
    Program TokenkegQfeZyiNwAJbNbGKPFXCWuBvf9Ss623VQ5DA consumed 4645 of 152553 compute units
    Program TokenkegQfeZyiNwAJbNbGKPFXCWuBvf9Ss623VQ5DA success
    Program log: Transferred 5 of token B to provider
    Program log: Created withdraw receipt account
    Program log: LP tokens burned: 5
    Program log: Token A withdrawn: 5
    Program log: Token B withdrawn: 5
    Program 33haU7VvqhMo86YsUXPgBCAEEBdedZy5w8JdKTy16JPF consumed 54647 of 200000 compute units
    Program 33haU7VvqhMo86YsUXPgBCAEEBdedZy5w8JdKTy16JPF success
Transaction executed in slot 422643848:
  Signature: 5YJiJTWNBanjwmVqVibHe2EwKNRUVid2vGwrckNwSHQ4M4RoDCscw2u4HpS8zDDjMpDog6ARUX3rJ2coKpzpddYA
  Status: Ok
  Log Messages:
    Program 33haU7VvqhMo86YsUXPgBCAEEBdedZy5w8JdKTy16JPF invoke [1]
    Program log: Instruction: ProcessRemoveLiquidityOnChain
    Program 11111111111111111111111111111111 invoke [2]
    Program 11111111111111111111111111111111 success
    Program TokenkegQfeZyiNwAJbNbGKPFXCWuBvf9Ss623VQ5DA invoke [2]
    Program log: Instruction: Burn
    Program TokenkegQfeZyiNwAJbNbGKPFXCWuBvf9Ss623VQ5DA consumed 4753 of 166550 compute units
    Program TokenkegQfeZyiNwAJbNbGKPFXCWuBvf9Ss623VQ5DA success
    Program log: Burned 5 LP tokens
    Program TokenkegQfeZyiNwAJbNbGKPFXCWuBvf9Ss623VQ5DA invoke [2]
    Program log: Instruction: Transfer
    Program TokenkegQfeZyiNwAJbNbGKPFXCWuBvf9Ss623VQ5DA consumed 4645 of 159490 compute units
    Program TokenkegQfeZyiNwAJbNbGKPFXCWuBvf9Ss623VQ5DA success
    Program log: Transferred 5 of token A to provider
    Program TokenkegQfeZyiNwAJbNbGKPFXCWuBvf9Ss623VQ5DA invoke [2]
    Program log: Instruction: Transfer
    Program TokenkegQfeZyiNwAJbNbGKPFXCWuBvf9Ss623VQ5DA consumed 4645 of 152553 compute units
    Program TokenkegQfeZyiNwAJbNbGKPFXCWuBvf9Ss623VQ5DA success
    Program log: Transferred 5 of token B to provider
    Program log: Created withdraw receipt account
    Program log: LP tokens burned: 5
    Program log: Token A withdrawn: 5
    Program log: Token B withdrawn: 5
    Program 33haU7VvqhMo86YsUXPgBCAEEBdedZy5w8JdKTy16JPF consumed 54647 of 200000 compute units
    Program 33haU7VvqhMo86YsUXPgBCAEEBdedZy5w8JdKTy16JPF success
Transaction executed in slot 422643856:
  Signature: 3ZJA735EpPXXWH8gYKo4SCFd7Zr6fa6BZPzVi5GJB6Eb7uAMbBtcc3xSkHMHBkPJKHPUxwi6RgK3Gg9GbE9BxLNf
  Status: Ok
  Log Messages:
    Program 33haU7VvqhMo86YsUXPgBCAEEBdedZy5w8JdKTy16JPF invoke [1]
    Program log: Instruction: ProcessDelegateRemoveLiquidityReceipt
    Program 11111111111111111111111111111111 invoke [2]
    Program 11111111111111111111111111111111 success
    Program 11111111111111111111111111111111 invoke [2]
    Program 11111111111111111111111111111111 success
    Program DELeGGvXpWV2fqJUhqcF5ZSYMS4JTLjteaAMARRSaeSh invoke [2]
    Program 11111111111111111111111111111111 invoke [3]
    Program 11111111111111111111111111111111 success
    Program 11111111111111111111111111111111 invoke [3]
    Program 11111111111111111111111111111111 success
    Program DELeGGvXpWV2fqJUhqcF5ZSYMS4JTLjteaAMARRSaeSh consumed 14442 of 175291 compute units
    Program DELeGGvXpWV2fqJUhqcF5ZSYMS4JTLjteaAMARRSaeSh success
    Program log: Withdraw receipt delegated successfully!
    Program log: Receipt: Account { account: WithdrawRecept { pool: By8JWe938gVMZD3BrkhSbh8ir476CovBtvj4birgQTRH, liquidity_provider: 3oLMD8mcD1PGmi9p9Y7qQX3661nyoPBcnPo54n7CWjsi, lp_tokens_to_burn: 5, amount_a_withdrawn: 5, amount_b_withdrawn: 5 }, info: AccountInfo { key: AH6abH45qu9fozUzk8vhbYM3wuFVHzgGzPTKuGsLnYw1, owner: DELeGGvXpWV2fqJUhqcF5ZSYMS4JTLjteaAMARRSaeSh, is_signer: false, is_writable: true, executable: false, rent_epoch: 18446744073709551615, lamports: 1559040, data.len: 96, data: 13f2be76443025dca2f5a69f98c5171199bd63a34da2571b5051561679f6957ee22e4151897ace102995f7ea09c9626110796e05bcfee0988df63805361f9284, .. } }
    Program 33haU7VvqhMo86YsUXPgBCAEEBdedZy5w8JdKTy16JPF consumed 70366 of 200000 compute units
    Program 33haU7VvqhMo86YsUXPgBCAEEBdedZy5w8JdKTy16JPF success
