Streaming transaction logs mentioning 4j5vokUHTaCttmyuMWrGWPtq6BG8zCjGGgzqAAwLjdyv. Confirmed commitment
Transaction executed in slot 419429799:
  Signature: 4upDkAwyxt8hkFYJBW3ACevoE3JvZTgPvkEoVEiq7k3HooPsAHFVrwrwvCUpi1kBuoCTty37qB5Cu3GqaQuC7TqV
  Status: Ok
  Log Messages:
    Program 4j5vokUHTaCttmyuMWrGWPtq6BG8zCjGGgzqAAwLjdyv invoke [1]
    Program log: Instruction: Initialize
    Program log: Greetings from: 4j5vokUHTaCttmyuMWrGWPtq6BG8zCjGGgzqAAwLjdyv
    Program 4j5vokUHTaCttmyuMWrGWPtq6BG8zCjGGgzqAAwLjdyv consumed 2963 of 200000 compute units
    Program 4j5vokUHTaCttmyuMWrGWPtq6BG8zCjGGgzqAAwLjdyv success
Transaction executed in slot 419429800:
  Signature: 4upDkAwyxt8hkFYJBW3ACevoE3JvZTgPvkEoVEiq7k3HooPsAHFVrwrwvCUpi1kBuoCTty37qB5Cu3GqaQuC7TqV
  Status: Ok
  Log Messages:
    Program 4j5vokUHTaCttmyuMWrGWPtq6BG8zCjGGgzqAAwLjdyv invoke [1]
    Program log: Instruction: Initialize
    Program log: Greetings from: 4j5vokUHTaCttmyuMWrGWPtq6BG8zCjGGgzqAAwLjdyv
    Program 4j5vokUHTaCttmyuMWrGWPtq6BG8zCjGGgzqAAwLjdyv consumed 2963 of 200000 compute units
    Program 4j5vokUHTaCttmyuMWrGWPtq6BG8zCjGGgzqAAwLjdyv success
Transaction executed in slot 419429808:
  Signature: 3p7XZ7DEK5wPxHwEXz8ViunVvYBNn58p7NcxH8axPDHSK7YRznFhtwKwwohoy99TKGWk12mfGd9QtvC6615Zva5z
  Status: Ok
  Log Messages:
    Program 4j5vokUHTaCttmyuMWrGWPtq6BG8zCjGGgzqAAwLjdyv invoke [1]
    Program log: Instruction: ProcessDelegatePool
    Program 11111111111111111111111111111111 invoke [2]
    Program 11111111111111111111111111111111 success
    Program 11111111111111111111111111111111 invoke [2]
    Program 11111111111111111111111111111111 success
    Program DELeGGvXpWV2fqJUhqcF5ZSYMS4JTLjteaAMARRSaeSh invoke [2]
    Program 11111111111111111111111111111111 invoke [3]
    Program 11111111111111111111111111111111 success
    Program 11111111111111111111111111111111 invoke [3]
    Program 11111111111111111111111111111111 success
    Program DELeGGvXpWV2fqJUhqcF5ZSYMS4JTLjteaAMARRSaeSh consumed 15942 of 172443 compute units
    Program DELeGGvXpWV2fqJUhqcF5ZSYMS4JTLjteaAMARRSaeSh success
    Program log: Pool account delegated successfully!
    Program 4j5vokUHTaCttmyuMWrGWPtq6BG8zCjGGgzqAAwLjdyv consumed 45576 of 200000 compute units
    Program 4j5vokUHTaCttmyuMWrGWPtq6BG8zCjGGgzqAAwLjdyv success
Transaction executed in slot 419429834:
  Signature: 3xuqLoKrCcWkj2DNgCu2JLLGUxfG7uhpde7iXyuw163kSCP47QavZprYFPeFp1XazQBDVa46z43Ne9U9SEa5ZbjT
  Status: Ok
  Log Messages:
    Program 4j5vokUHTaCttmyuMWrGWPtq6BG8zCjGGgzqAAwLjdyv invoke [1]
    Program log: Instruction: ProcessInitializeLiquidityProvider
    Program 11111111111111111111111111111111 invoke [2]
    Program 11111111111111111111111111111111 success
    Program log: Initializing Liquidity Provider...
    Program log: Initialized Liquidity Provider Succesfully!
    Program log: Liquidity Provider Info: Account { account: LiquidityProvider { provider: 3oLMD8mcD1PGmi9p9Y7qQX3661nyoPBcnPo54n7CWjsi, total_liquidity_provided: 0, total_lp_tokens: 0, liquidity_pools_info: [LiquidityPoolInfo { pool: 11111111111111111111111111111111, token_mint: 11111111111111111111111111111111, liquidity_amount: 0, lp_tokens: 0 }, LiquidityPoolInfo { pool: 11111111111111111111111111111111, token_mint: 11111111111111111111111111111111, liquidity_amount: 0, lp_tokens: 0 }, LiquidityPoolInfo { pool: 11111111111111111111111111111111, token_mint: 11111111111111111111111111111111, liquidity_amount: 0, lp_tokens: 0 }, LiquidityPoolInfo { pool: 11111111111111111111111111111111, token_mint: 11111111111111111111111111111111, liquidity_amount: 0, lp_tokens: 0 }, LiquidityPoolInfo { pool: 11111111111111111111111111111111, token_mint: 11111111111111111111111111111111, liquidity_amount: 0, lp_tokens: 0 }, LiquidityPoolInfo { pool: 11111111111111111111111111111111, token_mint: 11111111111111111111111111111111, liquidity_amount: 0, lp_tokens: 0 }, LiquidityPoolInfo { pool: 11111111111111111111111111111111, token_mint: 11111111111111111111111111111111, liquidity_amount: 0, lp_tokens: 0 }, LiquidityPoolInfo { pool: 11111111111111111111111111111111, token_mint: 11111111111111111111111111111111, liquidity_amount: 0, lp_tokens: 0 }, LiquidityPoolInfo { pool: 11111111111111111111111111111111, token_mint: 11111111111111111111111111111111, liquidity_amount: 0, lp_tokens: 0 }, LiquidityPoolInfo { pool: 11111111111111111111111111111111, token_mint: 11111111111111111111111111111111, liquidity_amount: 0, lp_tokens: 0 }], latest_liquidity_provided_on: 0, bump: 255 }, info: AccountInfo { key: 49FZQQAM36Mn5LcZwXuNLX4WRacfqXvjnV2oQHiDag1h, owner: 4j5vokUHTaCttmyuMWrGWPtq6BG8zCjGGgzqAAwLjdyv, is_signer: false, is_writable: true, executable: false, rent_epoch: 18446744073709551615, lamports: 6911280, data.len: 865, data: 00000000000000000000000000000000000000000000000000000000000000000000000000000000000000000000000000000000000000000000000000000000, .. } }
    Program 4j5vokUHTaCttmyuMWrGWPtq6BG8zCjGGgzqAAwLjdyv consumed 98736 of 200000 compute units
    Program 4j5vokUHTaCttmyuMWrGWPtq6BG8zCjGGgzqAAwLjdyv success
Transaction executed in slot 419429835:
  Signature: 3xuqLoKrCcWkj2DNgCu2JLLGUxfG7uhpde7iXyuw163kSCP47QavZprYFPeFp1XazQBDVa46z43Ne9U9SEa5ZbjT
  Status: Ok
  Log Messages:
    Program 4j5vokUHTaCttmyuMWrGWPtq6BG8zCjGGgzqAAwLjdyv invoke [1]
    Program log: Instruction: ProcessInitializeLiquidityProvider
    Program 11111111111111111111111111111111 invoke [2]
    Program 11111111111111111111111111111111 success
    Program log: Initializing Liquidity Provider...
    Program log: Initialized Liquidity Provider Succesfully!
    Program log: Liquidity Provider Info: Account { account: LiquidityProvider { provider: 3oLMD8mcD1PGmi9p9Y7qQX3661nyoPBcnPo54n7CWjsi, total_liquidity_provided: 0, total_lp_tokens: 0, liquidity_pools_info: [LiquidityPoolInfo { pool: 11111111111111111111111111111111, token_mint: 11111111111111111111111111111111, liquidity_amount: 0, lp_tokens: 0 }, LiquidityPoolInfo { pool: 11111111111111111111111111111111, token_mint: 11111111111111111111111111111111, liquidity_amount: 0, lp_tokens: 0 }, LiquidityPoolInfo { pool: 11111111111111111111111111111111, token_mint: 11111111111111111111111111111111, liquidity_amount: 0, lp_tokens: 0 }, LiquidityPoolInfo { pool: 11111111111111111111111111111111, token_mint: 11111111111111111111111111111111, liquidity_amount: 0, lp_tokens: 0 }, LiquidityPoolInfo { pool: 11111111111111111111111111111111, token_mint: 11111111111111111111111111111111, liquidity_amount: 0, lp_tokens: 0 }, LiquidityPoolInfo { pool: 11111111111111111111111111111111, token_mint: 11111111111111111111111111111111, liquidity_amount: 0, lp_tokens: 0 }, LiquidityPoolInfo { pool: 11111111111111111111111111111111, token_mint: 11111111111111111111111111111111, liquidity_amount: 0, lp_tokens: 0 }, LiquidityPoolInfo { pool: 11111111111111111111111111111111, token_mint: 11111111111111111111111111111111, liquidity_amount: 0, lp_tokens: 0 }, LiquidityPoolInfo { pool: 11111111111111111111111111111111, token_mint: 11111111111111111111111111111111, liquidity_amount: 0, lp_tokens: 0 }, LiquidityPoolInfo { pool: 11111111111111111111111111111111, token_mint: 11111111111111111111111111111111, liquidity_amount: 0, lp_tokens: 0 }], latest_liquidity_provided_on: 0, bump: 255 }, info: AccountInfo { key: 49FZQQAM36Mn5LcZwXuNLX4WRacfqXvjnV2oQHiDag1h, owner: 4j5vokUHTaCttmyuMWrGWPtq6BG8zCjGGgzqAAwLjdyv, is_signer: false, is_writable: true, executable: false, rent_epoch: 18446744073709551615, lamports: 6911280, data.len: 865, data: 00000000000000000000000000000000000000000000000000000000000000000000000000000000000000000000000000000000000000000000000000000000, .. } }
    Program 4j5vokUHTaCttmyuMWrGWPtq6BG8zCjGGgzqAAwLjdyv consumed 98736 of 200000 compute units
    Program 4j5vokUHTaCttmyuMWrGWPtq6BG8zCjGGgzqAAwLjdyv success
Transaction executed in slot 419429845:
  Signature: 4P52y6GB9zP4Ad2yV3FMKWd8qb4WsVAaiP92HJ9KS8QrfodHQkACoLwh1vN1F1Z5JWsNRCAGEUqQELHqteVDKg8d
  Status: Ok
  Log Messages:
    Program 4j5vokUHTaCttmyuMWrGWPtq6BG8zCjGGgzqAAwLjdyv invoke [1]
    Program log: Instruction: ProcessDelegateLiquidityProvider
    Program 11111111111111111111111111111111 invoke [2]
    Program 11111111111111111111111111111111 success
    Program 11111111111111111111111111111111 invoke [2]
    Program 11111111111111111111111111111111 success
    Program DELeGGvXpWV2fqJUhqcF5ZSYMS4JTLjteaAMARRSaeSh invoke [2]
    Program 11111111111111111111111111111111 invoke [3]
    Program 11111111111111111111111111111111 success
    Program 11111111111111111111111111111111 invoke [3]
    Program 11111111111111111111111111111111 success
    Program DELeGGvXpWV2fqJUhqcF5ZSYMS4JTLjteaAMARRSaeSh consumed 21942 of 158490 compute units
    Program DELeGGvXpWV2fqJUhqcF5ZSYMS4JTLjteaAMARRSaeSh success
    Program log: Liquidity Provider account delegated successfully!
    Program 4j5vokUHTaCttmyuMWrGWPtq6BG8zCjGGgzqAAwLjdyv consumed 66639 of 200000 compute units
    Program 4j5vokUHTaCttmyuMWrGWPtq6BG8zCjGGgzqAAwLjdyv success
Transaction executed in slot 419429945:
  Signature: 47Be9T2b7U1cYK2jthzmbD9kRUpYamAqtWZCfiL28k3JLAwGACsNA9tedjkHGqrdVkyK3zbA49Uhf2GroXwsitA7
  Status: Ok
  Log Messages:
    Program ComputeBudget111111111111111111111111111111 invoke [1]
    Program ComputeBudget111111111111111111111111111111 success
    Program ComputeBudget111111111111111111111111111111 invoke [1]
    Program ComputeBudget111111111111111111111111111111 success
    Program DELeGGvXpWV2fqJUhqcF5ZSYMS4JTLjteaAMARRSaeSh invoke [1]
    Program 11111111111111111111111111111111 invoke [2]
    Program 11111111111111111111111111111111 success
    Program 11111111111111111111111111111111 invoke [2]
    Program 11111111111111111111111111111111 success
    Program DELeGGvXpWV2fqJUhqcF5ZSYMS4JTLjteaAMARRSaeSh consumed 36023 of 579700 compute units
    Program DELeGGvXpWV2fqJUhqcF5ZSYMS4JTLjteaAMARRSaeSh success
    Program DELeGGvXpWV2fqJUhqcF5ZSYMS4JTLjteaAMARRSaeSh invoke [1]
    Program 11111111111111111111111111111111 invoke [2]
    Program 11111111111111111111111111111111 success
    Program 11111111111111111111111111111111 invoke [2]
    Program 11111111111111111111111111111111 success
    Program DELeGGvXpWV2fqJUhqcF5ZSYMS4JTLjteaAMARRSaeSh consumed 39023 of 543677 compute units
    Program DELeGGvXpWV2fqJUhqcF5ZSYMS4JTLjteaAMARRSaeSh success
    Program DELeGGvXpWV2fqJUhqcF5ZSYMS4JTLjteaAMARRSaeSh invoke [1]
    Program DELeGGvXpWV2fqJUhqcF5ZSYMS4JTLjteaAMARRSaeSh consumed 25929 of 504654 compute units
    Program DELeGGvXpWV2fqJUhqcF5ZSYMS4JTLjteaAMARRSaeSh success
    Program DELeGGvXpWV2fqJUhqcF5ZSYMS4JTLjteaAMARRSaeSh invoke [1]
    Program DELeGGvXpWV2fqJUhqcF5ZSYMS4JTLjteaAMARRSaeSh consumed 28929 of 478725 compute units
    Program DELeGGvXpWV2fqJUhqcF5ZSYMS4JTLjteaAMARRSaeSh success
    Program DELeGGvXpWV2fqJUhqcF5ZSYMS4JTLjteaAMARRSaeSh invoke [1]
    Program log: Processing instruction: CallHandler
    Program 4j5vokUHTaCttmyuMWrGWPtq6BG8zCjGGgzqAAwLjdyv invoke [2]
    Program log: Instruction: ProcessDepositLiquidityOnChain
    Program log: Hello World!
    Program 4j5vokUHTaCttmyuMWrGWPtq6BG8zCjGGgzqAAwLjdyv consumed 5613 of 414289 compute units
    Program 4j5vokUHTaCttmyuMWrGWPtq6BG8zCjGGgzqAAwLjdyv success
    Program DELeGGvXpWV2fqJUhqcF5ZSYMS4JTLjteaAMARRSaeSh consumed 42722 of 449796 compute units
    Program DELeGGvXpWV2fqJUhqcF5ZSYMS4JTLjteaAMARRSaeSh success
