Streaming transaction logs mentioning 4kfv6eEAny1E5eqrhsDop9L4B6DUwEcKCCM88UeMKmPn. Confirmed commitment
Transaction executed in slot 422638908:
  Signature: 9VtQDgqPBf1m3DPGFUXP2FQxYgev97SyhjYgTiEWXpNSEV6947vbaY8bBrSYT9BGpcPoQGDApYUi3CkSaMCCVBt
  Status: Ok
  Log Messages:
    Program 4kfv6eEAny1E5eqrhsDop9L4B6DUwEcKCCM88UeMKmPn invoke [1]
    Program log: Instruction: Initialize
    Program log: Greetings from: 4kfv6eEAny1E5eqrhsDop9L4B6DUwEcKCCM88UeMKmPn
    Program 4kfv6eEAny1E5eqrhsDop9L4B6DUwEcKCCM88UeMKmPn consumed 2943 of 200000 compute units
    Program 4kfv6eEAny1E5eqrhsDop9L4B6DUwEcKCCM88UeMKmPn success
Transaction executed in slot 422638910:
  Signature: 2cQJeSuBf38XC3VWUKGLPEdBz2N3GayPGCAXX7KU7m4LRk9GSLWfg9EVH1LmzzwizcBh4yuXw6LN4ePyGfAg2pn8
  Status: Ok
  Log Messages:
    Program 4kfv6eEAny1E5eqrhsDop9L4B6DUwEcKCCM88UeMKmPn invoke [1]
    Program log: Instruction: ProcessInitializePool
    Program 11111111111111111111111111111111 invoke [2]
    Program 11111111111111111111111111111111 success
    Program TokenkegQfeZyiNwAJbNbGKPFXCWuBvf9Ss623VQ5DA invoke [2]
    Program log: Instruction: InitializeMint2
    Program TokenkegQfeZyiNwAJbNbGKPFXCWuBvf9Ss623VQ5DA consumed 2828 of 185589 compute units
    Program TokenkegQfeZyiNwAJbNbGKPFXCWuBvf9Ss623VQ5DA success
    Program 11111111111111111111111111111111 invoke [2]
    Program 11111111111111111111111111111111 success
    Program TokenkegQfeZyiNwAJbNbGKPFXCWuBvf9Ss623VQ5DA invoke [2]
    Program log: Instruction: InitializeAccount3
    Program TokenkegQfeZyiNwAJbNbGKPFXCWuBvf9Ss623VQ5DA consumed 4241 of 175765 compute units
    Program TokenkegQfeZyiNwAJbNbGKPFXCWuBvf9Ss623VQ5DA success
    Program 11111111111111111111111111111111 invoke [2]
    Program 11111111111111111111111111111111 success
    Program 11111111111111111111111111111111 invoke [2]
    Program 11111111111111111111111111111111 success
    Program TokenkegQfeZyiNwAJbNbGKPFXCWuBvf9Ss623VQ5DA invoke [2]
    Program log: Instruction: InitializeAccount3
    Program TokenkegQfeZyiNwAJbNbGKPFXCWuBvf9Ss623VQ5DA consumed 4214 of 153724 compute units
    Program TokenkegQfeZyiNwAJbNbGKPFXCWuBvf9Ss623VQ5DA success
    Program 11111111111111111111111111111111 invoke [2]
    Program 11111111111111111111111111111111 success
    Program TokenkegQfeZyiNwAJbNbGKPFXCWuBvf9Ss623VQ5DA invoke [2]
    Program log: Instruction: InitializeAccount3
    Program TokenkegQfeZyiNwAJbNbGKPFXCWuBvf9Ss623VQ5DA consumed 4214 of 139349 compute units
    Program TokenkegQfeZyiNwAJbNbGKPFXCWuBvf9Ss623VQ5DA success
    Program log: Initializing Liquidity Pool...
    Program log: Liquidity Pool Initialized Successfully!
    Program log: Creating LP Token Metadata...
    Program metaqbxxUerdq28cj1RbAWkYQm3ybzjb6a8bt518x1s invoke [2]
    Program log: IX: Create Metadata Accounts v3
    Program 11111111111111111111111111111111 invoke [3]
    Program 11111111111111111111111111111111 success
    Program log: Allocate space for the account
    Program 11111111111111111111111111111111 invoke [3]
    Program 11111111111111111111111111111111 success
    Program log: Assign the account to the owning program
    Program 11111111111111111111111111111111 invoke [3]
    Program 11111111111111111111111111111111 success
    Program metaqbxxUerdq28cj1RbAWkYQm3ybzjb6a8bt518x1s consumed 36072 of 126564 compute units
    Program metaqbxxUerdq28cj1RbAWkYQm3ybzjb6a8bt518x1s success
    Program log: LP Token Created!
    Program 4kfv6eEAny1E5eqrhsDop9L4B6DUwEcKCCM88UeMKmPn consumed 111665 of 200000 compute units
    Program 4kfv6eEAny1E5eqrhsDop9L4B6DUwEcKCCM88UeMKmPn success
Transaction executed in slot 422638920:
  Signature: 5BGRvQenHdwXUuRr61ibHHShgDsE6Jz2qcTHWj1g2SMLFayC5vtZN7JC6UKQgmKNoK1ZWXG5Cx7ZoJS1gZKW3KaY
  Status: Ok
  Log Messages:
    Program 4kfv6eEAny1E5eqrhsDop9L4B6DUwEcKCCM88UeMKmPn invoke [1]
    Program log: Instruction: ProcessDelegatePool
    Program 11111111111111111111111111111111 invoke [2]
    Program 11111111111111111111111111111111 success
    Program 11111111111111111111111111111111 invoke [2]
    Program 11111111111111111111111111111111 success
    Program DELeGGvXpWV2fqJUhqcF5ZSYMS4JTLjteaAMARRSaeSh invoke [2]
    Program 11111111111111111111111111111111 invoke [3]
    Program 11111111111111111111111111111111 success
    Program 11111111111111111111111111111111 invoke [3]
    Program 11111111111111111111111111111111 success
    Program DELeGGvXpWV2fqJUhqcF5ZSYMS4JTLjteaAMARRSaeSh consumed 17442 of 168618 compute units
    Program DELeGGvXpWV2fqJUhqcF5ZSYMS4JTLjteaAMARRSaeSh success
    Program log: Pool account delegated successfully!
    Program 4kfv6eEAny1E5eqrhsDop9L4B6DUwEcKCCM88UeMKmPn consumed 50876 of 200000 compute units
    Program 4kfv6eEAny1E5eqrhsDop9L4B6DUwEcKCCM88UeMKmPn success
Transaction executed in slot 422638947:
  Signature: 3LPwPJuJfhCQGHgTSaAy7PoNRW5ijqZN7EczvDpbA9FL5y1wsFJw4JKPRzzeKykwZsZisuYDkSYvtuSx85UX85AS
  Status: Ok
  Log Messages:
    Program 4kfv6eEAny1E5eqrhsDop9L4B6DUwEcKCCM88UeMKmPn invoke [1]
    Program log: Instruction: ProcessInitializeLiquidityProvider
    Program 11111111111111111111111111111111 invoke [2]
    Program 11111111111111111111111111111111 success
    Program log: Initializing Liquidity Provider...
    Program log: Initialized Liquidity Provider Succesfully!
    Program log: Liquidity Provider Info: Account { account: LiquidityProvider { provider: 3oLMD8mcD1PGmi9p9Y7qQX3661nyoPBcnPo54n7CWjsi, total_liquidity_provided: 0, total_lp_tokens: 0, liquidity_pools_info: [LiquidityPoolInfo { pool: 11111111111111111111111111111111, token_mint: 11111111111111111111111111111111, liquidity_amount: 0, lp_tokens: 0 }, LiquidityPoolInfo { pool: 11111111111111111111111111111111, token_mint: 11111111111111111111111111111111, liquidity_amount: 0, lp_tokens: 0 }, LiquidityPoolInfo { pool: 11111111111111111111111111111111, token_mint: 11111111111111111111111111111111, liquidity_amount: 0, lp_tokens: 0 }, LiquidityPoolInfo { pool: 11111111111111111111111111111111, token_mint: 11111111111111111111111111111111, liquidity_amount: 0, lp_tokens: 0 }, LiquidityPoolInfo { pool: 11111111111111111111111111111111, token_mint: 11111111111111111111111111111111, liquidity_amount: 0, lp_tokens: 0 }, LiquidityPoolInfo { pool: 11111111111111111111111111111111, token_mint: 11111111111111111111111111111111, liquidity_amount: 0, lp_tokens: 0 }, LiquidityPoolInfo { pool: 11111111111111111111111111111111, token_mint: 11111111111111111111111111111111, liquidity_amount: 0, lp_tokens: 0 }, LiquidityPoolInfo { pool: 11111111111111111111111111111111, token_mint: 11111111111111111111111111111111, liquidity_amount: 0, lp_tokens: 0 }, LiquidityPoolInfo { pool: 11111111111111111111111111111111, token_mint: 11111111111111111111111111111111, liquidity_amount: 0, lp_tokens: 0 }, LiquidityPoolInfo { pool: 11111111111111111111111111111111, token_mint: 11111111111111111111111111111111, liquidity_amount: 0, lp_tokens: 0 }], latest_liquidity_provided_on: 0, bump: 254 }, info: AccountInfo { key: 9QFMGvr4DXhLhLkP1TxvkTcEgAgrgry979eUuw5NmWga, owner: 4kfv6eEAny1E5eqrhsDop9L4B6DUwEcKCCM88UeMKmPn, is_signer: false, is_writable: true, executable: false, rent_epoch: 18446744073709551615, lamports: 6911280, data.len: 865, data: 00000000000000000000000000000000000000000000000000000000000000000000000000000000000000000000000000000000000000000000000000000000, .. } }
    Program 4kfv6eEAny1E5eqrhsDop9L4B6DUwEcKCCM88UeMKmPn consumed 98733 of 200000 compute units
    Program 4kfv6eEAny1E5eqrhsDop9L4B6DUwEcKCCM88UeMKmPn success
Transaction executed in slot 422638948:
  Signature: 3LPwPJuJfhCQGHgTSaAy7PoNRW5ijqZN7EczvDpbA9FL5y1wsFJw4JKPRzzeKykwZsZisuYDkSYvtuSx85UX85AS
  Status: Ok
  Log Messages:
    Program 4kfv6eEAny1E5eqrhsDop9L4B6DUwEcKCCM88UeMKmPn invoke [1]
    Program log: Instruction: ProcessInitializeLiquidityProvider
    Program 11111111111111111111111111111111 invoke [2]
    Program 11111111111111111111111111111111 success
    Program log: Initializing Liquidity Provider...
    Program log: Initialized Liquidity Provider Succesfully!
    Program log: Liquidity Provider Info: Account { account: LiquidityProvider { provider: 3oLMD8mcD1PGmi9p9Y7qQX3661nyoPBcnPo54n7CWjsi, total_liquidity_provided: 0, total_lp_tokens: 0, liquidity_pools_info: [LiquidityPoolInfo { pool: 11111111111111111111111111111111, token_mint: 11111111111111111111111111111111, liquidity_amount: 0, lp_tokens: 0 }, LiquidityPoolInfo { pool: 11111111111111111111111111111111, token_mint: 11111111111111111111111111111111, liquidity_amount: 0, lp_tokens: 0 }, LiquidityPoolInfo { pool: 11111111111111111111111111111111, token_mint: 11111111111111111111111111111111, liquidity_amount: 0, lp_tokens: 0 }, LiquidityPoolInfo { pool: 11111111111111111111111111111111, token_mint: 11111111111111111111111111111111, liquidity_amount: 0, lp_tokens: 0 }, LiquidityPoolInfo { pool: 11111111111111111111111111111111, token_mint: 11111111111111111111111111111111, liquidity_amount: 0, lp_tokens: 0 }, LiquidityPoolInfo { pool: 11111111111111111111111111111111, token_mint: 11111111111111111111111111111111, liquidity_amount: 0, lp_tokens: 0 }, LiquidityPoolInfo { pool: 11111111111111111111111111111111, token_mint: 11111111111111111111111111111111, liquidity_amount: 0, lp_tokens: 0 }, LiquidityPoolInfo { pool: 11111111111111111111111111111111, token_mint: 11111111111111111111111111111111, liquidity_amount: 0, lp_tokens: 0 }, LiquidityPoolInfo { pool: 11111111111111111111111111111111, token_mint: 11111111111111111111111111111111, liquidity_amount: 0, lp_tokens: 0 }, LiquidityPoolInfo { pool: 11111111111111111111111111111111, token_mint: 11111111111111111111111111111111, liquidity_amount: 0, lp_tokens: 0 }], latest_liquidity_provided_on: 0, bump: 254 }, info: AccountInfo { key: 9QFMGvr4DXhLhLkP1TxvkTcEgAgrgry979eUuw5NmWga, owner: 4kfv6eEAny1E5eqrhsDop9L4B6DUwEcKCCM88UeMKmPn, is_signer: false, is_writable: true, executable: false, rent_epoch: 18446744073709551615, lamports: 6911280, data.len: 865, data: 00000000000000000000000000000000000000000000000000000000000000000000000000000000000000000000000000000000000000000000000000000000, .. } }
    Program 4kfv6eEAny1E5eqrhsDop9L4B6DUwEcKCCM88UeMKmPn consumed 98733 of 200000 compute units
    Program 4kfv6eEAny1E5eqrhsDop9L4B6DUwEcKCCM88UeMKmPn success
Transaction executed in slot 422638955:
  Signature: 3ptr5okeGmpGrGy1x4rEUtxPcJdk7th1km8P2Bu2YheW65b9u48f5Ee3PE1FqfHjNwJWhA4kwR4gjHL4mhVkiyt9
  Status: Ok
  Log Messages:
    Program 4kfv6eEAny1E5eqrhsDop9L4B6DUwEcKCCM88UeMKmPn invoke [1]
    Program log: Instruction: ProcessDelegateLiquidityProvider
    Program 11111111111111111111111111111111 invoke [2]
    Program 11111111111111111111111111111111 success
    Program 11111111111111111111111111111111 invoke [2]
    Program 11111111111111111111111111111111 success
    Program DELeGGvXpWV2fqJUhqcF5ZSYMS4JTLjteaAMARRSaeSh invoke [2]
    Program 11111111111111111111111111111111 invoke [3]
    Program 11111111111111111111111111111111 success
    Program 11111111111111111111111111111111 invoke [3]
    Program 11111111111111111111111111111111 success
    Program DELeGGvXpWV2fqJUhqcF5ZSYMS4JTLjteaAMARRSaeSh consumed 26442 of 156167 compute units
    Program DELeGGvXpWV2fqJUhqcF5ZSYMS4JTLjteaAMARRSaeSh success
    Program log: Liquidity Provider account delegated successfully!
    Program 4kfv6eEAny1E5eqrhsDop9L4B6DUwEcKCCM88UeMKmPn consumed 73411 of 200000 compute units
    Program 4kfv6eEAny1E5eqrhsDop9L4B6DUwEcKCCM88UeMKmPn success
Transaction executed in slot 422638983:
  Signature: 2JMfAQ6sUReFNi9NBR8i6LAc5zLRAH93bb9e5bH1JwaxSjLH2fG133FjakZiaXbDLeWVgDCohoacKvPzALfkwK71
  Status: Ok
  Log Messages:
    Program 4kfv6eEAny1E5eqrhsDop9L4B6DUwEcKCCM88UeMKmPn invoke [1]
    Program log: Instruction: ProcessDepositAddLiquidityOnChain
    Program 11111111111111111111111111111111 invoke [2]
    Program 11111111111111111111111111111111 success
    Program TokenkegQfeZyiNwAJbNbGKPFXCWuBvf9Ss623VQ5DA invoke [2]
    Program log: Instruction: Transfer
    Program TokenkegQfeZyiNwAJbNbGKPFXCWuBvf9Ss623VQ5DA consumed 4645 of 160929 compute units
    Program TokenkegQfeZyiNwAJbNbGKPFXCWuBvf9Ss623VQ5DA success
    Program log: Transferred 100 of Token A to Vault
    Program TokenkegQfeZyiNwAJbNbGKPFXCWuBvf9Ss623VQ5DA invoke [2]
    Program log: Instruction: Transfer
    Program TokenkegQfeZyiNwAJbNbGKPFXCWuBvf9Ss623VQ5DA consumed 4645 of 153986 compute units
    Program TokenkegQfeZyiNwAJbNbGKPFXCWuBvf9Ss623VQ5DA success
    Program log: Transferred 100 of Token B to Vault
    Program log: Deposit Recept created successfully!
    Program 4kfv6eEAny1E5eqrhsDop9L4B6DUwEcKCCM88UeMKmPn consumed 54007 of 200000 compute units
    Program 4kfv6eEAny1E5eqrhsDop9L4B6DUwEcKCCM88UeMKmPn success
Transaction executed in slot 422638990:
  Signature: 4ZkgvsqmvypPcsG2rupzub8BJHzTP9Aqi88ePfKbynLLgneaeRRgSLaB7yzgCX1ne4hKbaw4j35wLDc4RFB8Rjhb
  Status: Ok
  Log Messages:
    Program 4kfv6eEAny1E5eqrhsDop9L4B6DUwEcKCCM88UeMKmPn invoke [1]
    Program log: Instruction: ProcessDelegateAddLiquidityReceipt
    Program 11111111111111111111111111111111 invoke [2]
    Program 11111111111111111111111111111111 success
    Program 11111111111111111111111111111111 invoke [2]
    Program 11111111111111111111111111111111 success
    Program DELeGGvXpWV2fqJUhqcF5ZSYMS4JTLjteaAMARRSaeSh invoke [2]
    Program 11111111111111111111111111111111 invoke [3]
    Program 11111111111111111111111111111111 success
    Program 11111111111111111111111111111111 invoke [3]
    Program 11111111111111111111111111111111 success
    Program DELeGGvXpWV2fqJUhqcF5ZSYMS4JTLjteaAMARRSaeSh consumed 15942 of 172309 compute units
    Program DELeGGvXpWV2fqJUhqcF5ZSYMS4JTLjteaAMARRSaeSh success
    Program log: Deposit receipt delegated successfully!
    Program log: Receipt : Account { account: DepositRecept { pool: HvBGn9zM1BVYz36WztXWCqEd3rKdEbzztDgxtELkNXKB, liquidity_provider: 3oLMD8mcD1PGmi9p9Y7qQX3661nyoPBcnPo54n7CWjsi, amount_a: 100, amount_b: 100, lp_tokens_minted: 100 }, info: AccountInfo { key: GGnSjPAMN7gty4L2h6wBpNMMFZ8bzAzrhBLoUF8TyEQr, owner: DELeGGvXpWV2fqJUhqcF5ZSYMS4JTLjteaAMARRSaeSh, is_signer: false, is_writable: true, executable: false, rent_epoch: 18446744073709551615, lamports: 1559040, data.len: 96, data: 18c27466c6ffe9bffb5a636a36c03fffd9e9716db7dfdf2db714e543e3f268568a9766d49fb80dee2995f7ea09c9626110796e05bcfee0988df63805361f9284, .. } }
    Program 4kfv6eEAny1E5eqrhsDop9L4B6DUwEcKCCM88UeMKmPn consumed 74723 of 200000 compute units
    Program 4kfv6eEAny1E5eqrhsDop9L4B6DUwEcKCCM88UeMKmPn success
Transaction executed in slot 422639057:
  Signature: 3nUmqoMtcQfmpwfzyMspC7FR4S3htFE8YAoj5uskH2DjYykkZCoaRqrxG7q9BU4VgatZ9T4LobBqrLPyKDT6bQ9V
  Status: Ok
  Log Messages:
    Program ComputeBudget111111111111111111111111111111 invoke [1]
    Program ComputeBudget111111111111111111111111111111 success
    Program ComputeBudget111111111111111111111111111111 invoke [1]
    Program ComputeBudget111111111111111111111111111111 success
    Program DELeGGvXpWV2fqJUhqcF5ZSYMS4JTLjteaAMARRSaeSh invoke [1]
    Program 11111111111111111111111111111111 invoke [2]
    Program 11111111111111111111111111111111 success
    Program 11111111111111111111111111111111 invoke [2]
    Program 11111111111111111111111111111111 success
    Program DELeGGvXpWV2fqJUhqcF5ZSYMS4JTLjteaAMARRSaeSh consumed 31883 of 409700 compute units
    Program DELeGGvXpWV2fqJUhqcF5ZSYMS4JTLjteaAMARRSaeSh success
    Program DELeGGvXpWV2fqJUhqcF5ZSYMS4JTLjteaAMARRSaeSh invoke [1]
    Program DELeGGvXpWV2fqJUhqcF5ZSYMS4JTLjteaAMARRSaeSh consumed 24431 of 377817 compute units
    Program DELeGGvXpWV2fqJUhqcF5ZSYMS4JTLjteaAMARRSaeSh success
    Program DELeGGvXpWV2fqJUhqcF5ZSYMS4JTLjteaAMARRSaeSh invoke [1]
    Program 11111111111111111111111111111111 invoke [2]
    Program 11111111111111111111111111111111 success
    Program 4kfv6eEAny1E5eqrhsDop9L4B6DUwEcKCCM88UeMKmPn invoke [2]
    Program log: Instruction: ProcessUndelegation
    Program 11111111111111111111111111111111 invoke [3]
    Program 11111111111111111111111111111111 success
    Program 4kfv6eEAny1E5eqrhsDop9L4B6DUwEcKCCM88UeMKmPn consumed 10120 of 313240 compute units
    Program 4kfv6eEAny1E5eqrhsDop9L4B6DUwEcKCCM88UeMKmPn success
    Program 11111111111111111111111111111111 invoke [2]
    Program 11111111111111111111111111111111 success
    Program DELeGGvXpWV2fqJUhqcF5ZSYMS4JTLjteaAMARRSaeSh consumed 53333 of 353386 compute units
    Program DELeGGvXpWV2fqJUhqcF5ZSYMS4JTLjteaAMARRSaeSh success
    Program DELeGGvXpWV2fqJUhqcF5ZSYMS4JTLjteaAMARRSaeSh invoke [1]
    Program log: Processing instruction: CallHandler
    Program 4kfv6eEAny1E5eqrhsDop9L4B6DUwEcKCCM88UeMKmPn invoke [2]
    Program log: Instruction: ProcessMintLpTokens
    Program log: Minting 100 LP tokens on-chain to provider
    Program TokenkegQfeZyiNwAJbNbGKPFXCWuBvf9Ss623VQ5DA invoke [3]
    Program log: Instruction: MintTo
    Program TokenkegQfeZyiNwAJbNbGKPFXCWuBvf9Ss623VQ5DA consumed 4538 of 259698 compute units
    Program TokenkegQfeZyiNwAJbNbGKPFXCWuBvf9Ss623VQ5DA success
    Program log: Successfully minted 100 LP tokens on-chain
    Program 4kfv6eEAny1E5eqrhsDop9L4B6DUwEcKCCM88UeMKmPn consumed 18248 of 272630 compute units
    Program 4kfv6eEAny1E5eqrhsDop9L4B6DUwEcKCCM88UeMKmPn success
    Program DELeGGvXpWV2fqJUhqcF5ZSYMS4JTLjteaAMARRSaeSh consumed 46553 of 300053 compute units
    Program DELeGGvXpWV2fqJUhqcF5ZSYMS4JTLjteaAMARRSaeSh success
Transaction executed in slot 422639074:
  Signature: 2wTRSPvEaKmKPFF9ZrL1y1J7wfq2ZNwRPvNEVHzGwp4XM6a6G2R8bU7NY3bSso2MYnDHcVRuwsvGh9cqdLNrdrxQ
  Status: Ok
  Log Messages:
    Program 4kfv6eEAny1E5eqrhsDop9L4B6DUwEcKCCM88UeMKmPn invoke [1]
    Program log: Instruction: ProcessRemoveLiquidityOnChain
    Program 11111111111111111111111111111111 invoke [2]
    Program 11111111111111111111111111111111 success
    Program TokenkegQfeZyiNwAJbNbGKPFXCWuBvf9Ss623VQ5DA invoke [2]
    Program log: Instruction: Burn
    Program TokenkegQfeZyiNwAJbNbGKPFXCWuBvf9Ss623VQ5DA consumed 4753 of 163550 compute units
    Program TokenkegQfeZyiNwAJbNbGKPFXCWuBvf9Ss623VQ5DA success
    Program log: Burned 5 LP tokens
    Program TokenkegQfeZyiNwAJbNbGKPFXCWuBvf9Ss623VQ5DA invoke [2]
    Program log: Instruction: Transfer
    Program TokenkegQfeZyiNwAJbNbGKPFXCWuBvf9Ss623VQ5DA consumed 4645 of 156490 compute units
    Program TokenkegQfeZyiNwAJbNbGKPFXCWuBvf9Ss623VQ5DA success
    Program log: Transferred 5 of token A to provider
    Program TokenkegQfeZyiNwAJbNbGKPFXCWuBvf9Ss623VQ5DA invoke [2]
    Program log: Instruction: Transfer
    Program TokenkegQfeZyiNwAJbNbGKPFXCWuBvf9Ss623VQ5DA consumed 4645 of 149553 compute units
    Program TokenkegQfeZyiNwAJbNbGKPFXCWuBvf9Ss623VQ5DA success
    Program log: Transferred 5 of token B to provider
    Program log: Created withdraw receipt account
    Program log: LP tokens burned: 5
    Program log: Token A withdrawn: 5
    Program log: Token B withdrawn: 5
    Program 4kfv6eEAny1E5eqrhsDop9L4B6DUwEcKCCM88UeMKmPn consumed 57647 of 200000 compute units
    Program 4kfv6eEAny1E5eqrhsDop9L4B6DUwEcKCCM88UeMKmPn success
Transaction executed in slot 422639075:
  Signature: 2wTRSPvEaKmKPFF9ZrL1y1J7wfq2ZNwRPvNEVHzGwp4XM6a6G2R8bU7NY3bSso2MYnDHcVRuwsvGh9cqdLNrdrxQ
  Status: Ok
  Log Messages:
    Program 4kfv6eEAny1E5eqrhsDop9L4B6DUwEcKCCM88UeMKmPn invoke [1]
    Program log: Instruction: ProcessRemoveLiquidityOnChain
    Program 11111111111111111111111111111111 invoke [2]
    Program 11111111111111111111111111111111 success
    Program TokenkegQfeZyiNwAJbNbGKPFXCWuBvf9Ss623VQ5DA invoke [2]
    Program log: Instruction: Burn
    Program TokenkegQfeZyiNwAJbNbGKPFXCWuBvf9Ss623VQ5DA consumed 4753 of 163550 compute units
    Program TokenkegQfeZyiNwAJbNbGKPFXCWuBvf9Ss623VQ5DA success
    Program log: Burned 5 LP tokens
    Program TokenkegQfeZyiNwAJbNbGKPFXCWuBvf9Ss623VQ5DA invoke [2]
    Program log: Instruction: Transfer
    Program TokenkegQfeZyiNwAJbNbGKPFXCWuBvf9Ss623VQ5DA consumed 4645 of 156490 compute units
    Program TokenkegQfeZyiNwAJbNbGKPFXCWuBvf9Ss623VQ5DA success
    Program log: Transferred 5 of token A to provider
    Program TokenkegQfeZyiNwAJbNbGKPFXCWuBvf9Ss623VQ5DA invoke [2]
    Program log: Instruction: Transfer
    Program TokenkegQfeZyiNwAJbNbGKPFXCWuBvf9Ss623VQ5DA consumed 4645 of 149553 compute units
    Program TokenkegQfeZyiNwAJbNbGKPFXCWuBvf9Ss623VQ5DA success
    Program log: Transferred 5 of token B to provider
    Program log: Created withdraw receipt account
    Program log: LP tokens burned: 5
    Program log: Token A withdrawn: 5
    Program log: Token B withdrawn: 5
    Program 4kfv6eEAny1E5eqrhsDop9L4B6DUwEcKCCM88UeMKmPn consumed 57647 of 200000 compute units
    Program 4kfv6eEAny1E5eqrhsDop9L4B6DUwEcKCCM88UeMKmPn success
Transaction executed in slot 422639083:
  Signature: TeoqK5QLyGHD6w5KP6AmgAdqPnmoSBE2W3aZkafPp7dr6ktodne4eZAZULzpqQM59sLYpdR2wZvYcKbmfhjB2dB
  Status: Ok
  Log Messages:
    Program 4kfv6eEAny1E5eqrhsDop9L4B6DUwEcKCCM88UeMKmPn invoke [1]
    Program log: Instruction: ProcessDelegateRemoveLiquidityReceipt
    Program 11111111111111111111111111111111 invoke [2]
    Program 11111111111111111111111111111111 success
    Program 11111111111111111111111111111111 invoke [2]
    Program 11111111111111111111111111111111 success
    Program DELeGGvXpWV2fqJUhqcF5ZSYMS4JTLjteaAMARRSaeSh invoke [2]
    Program 11111111111111111111111111111111 invoke [3]
    Program 11111111111111111111111111111111 success
    Program 11111111111111111111111111111111 invoke [3]
    Program 11111111111111111111111111111111 success
    Program DELeGGvXpWV2fqJUhqcF5ZSYMS4JTLjteaAMARRSaeSh consumed 14442 of 175291 compute units
    Program DELeGGvXpWV2fqJUhqcF5ZSYMS4JTLjteaAMARRSaeSh success
    Program log: Withdraw receipt delegated successfully!
    Program log: Receipt: Account { account: WithdrawRecept { pool: HvBGn9zM1BVYz36WztXWCqEd3rKdEbzztDgxtELkNXKB, liquidity_provider: 3oLMD8mcD1PGmi9p9Y7qQX3661nyoPBcnPo54n7CWjsi, lp_tokens_to_burn: 5, amount_a_withdrawn: 5, amount_b_withdrawn: 5 }, info: AccountInfo { key: 5mQQ2v53baqgCR77auyFAEVbLfp1btYrKkUy76qnWNKW, owner: DELeGGvXpWV2fqJUhqcF5ZSYMS4JTLjteaAMARRSaeSh, is_signer: false, is_writable: true, executable: false, rent_epoch: 18446744073709551615, lamports: 1559040, data.len: 96, data: 13f2be76443025dcfb5a636a36c03fffd9e9716db7dfdf2db714e543e3f268568a9766d49fb80dee2995f7ea09c9626110796e05bcfee0988df63805361f9284, .. } }
    Program 4kfv6eEAny1E5eqrhsDop9L4B6DUwEcKCCM88UeMKmPn consumed 70420 of 200000 compute units
    Program 4kfv6eEAny1E5eqrhsDop9L4B6DUwEcKCCM88UeMKmPn success
