Streaming transaction logs mentioning 53ZWSoYgVT48uk5h7txNrjFfijQhamJRgz4C9oGyfaYQ. Confirmed commitment
Transaction executed in slot 419308738:
  Signature: 4zUv7oXx981wH5YnM3QKvqAQsKHcuRA2xacoh2uGciqE4rtFJFrNtA1Ku8JHUxgGpw5fuwb2o3wS6ZqCRGjkaj6m
  Status: Ok
  Log Messages:
    Program 53ZWSoYgVT48uk5h7txNrjFfijQhamJRgz4C9oGyfaYQ invoke [1]
    Program log: Instruction: Initialize
    Program log: Greetings from: 53ZWSoYgVT48uk5h7txNrjFfijQhamJRgz4C9oGyfaYQ
    Program 53ZWSoYgVT48uk5h7txNrjFfijQhamJRgz4C9oGyfaYQ consumed 2963 of 200000 compute units
    Program 53ZWSoYgVT48uk5h7txNrjFfijQhamJRgz4C9oGyfaYQ success
Transaction executed in slot 419308740:
  Signature: 4zUv7oXx981wH5YnM3QKvqAQsKHcuRA2xacoh2uGciqE4rtFJFrNtA1Ku8JHUxgGpw5fuwb2o3wS6ZqCRGjkaj6m
  Status: Ok
  Log Messages:
    Program 53ZWSoYgVT48uk5h7txNrjFfijQhamJRgz4C9oGyfaYQ invoke [1]
    Program log: Instruction: Initialize
    Program log: Greetings from: 53ZWSoYgVT48uk5h7txNrjFfijQhamJRgz4C9oGyfaYQ
    Program 53ZWSoYgVT48uk5h7txNrjFfijQhamJRgz4C9oGyfaYQ consumed 2963 of 200000 compute units
    Program 53ZWSoYgVT48uk5h7txNrjFfijQhamJRgz4C9oGyfaYQ success
Transaction executed in slot 419308755:
  Signature: 4KUhM96XBoJKCRnEwUmFHbNbd6dSMeMKQcoGs5CR1dT1bP9gqqkm8Gi9WKLjixbzfPyB4xCSwrxCNy9zQQ6bnD4b
  Status: Ok
  Log Messages:
    Program 53ZWSoYgVT48uk5h7txNrjFfijQhamJRgz4C9oGyfaYQ invoke [1]
    Program log: Instruction: ProcessDelegatePool
    Program 11111111111111111111111111111111 invoke [2]
    Program 11111111111111111111111111111111 success
    Program 11111111111111111111111111111111 invoke [2]
    Program 11111111111111111111111111111111 success
    Program DELeGGvXpWV2fqJUhqcF5ZSYMS4JTLjteaAMARRSaeSh invoke [2]
    Program 11111111111111111111111111111111 invoke [3]
    Program 11111111111111111111111111111111 success
    Program 11111111111111111111111111111111 invoke [3]
    Program 11111111111111111111111111111111 success
    Program DELeGGvXpWV2fqJUhqcF5ZSYMS4JTLjteaAMARRSaeSh consumed 32442 of 149943 compute units
    Program DELeGGvXpWV2fqJUhqcF5ZSYMS4JTLjteaAMARRSaeSh success
    Program log: Pool account delegated successfully!
    Program 53ZWSoYgVT48uk5h7txNrjFfijQhamJRgz4C9oGyfaYQ consumed 84576 of 200000 compute units
    Program 53ZWSoYgVT48uk5h7txNrjFfijQhamJRgz4C9oGyfaYQ success
Transaction executed in slot 419308781:
  Signature: 55KbT89nKhFPbns8csNhHchMM8zE3EdATvd9NPJyVn6atoKC4jq1Y8yiYbUpFFz8zVdUTs5BgN3DmFtmVKzyFMFu
  Status: Ok
  Log Messages:
    Program 53ZWSoYgVT48uk5h7txNrjFfijQhamJRgz4C9oGyfaYQ invoke [1]
    Program log: Instruction: ProcessInitializeLiquidityProvider
    Program 11111111111111111111111111111111 invoke [2]
    Program 11111111111111111111111111111111 success
    Program log: Initializing Liquidity Provider...
    Program log: Initialized Liquidity Provider Succesfully!
    Program log: Liquidity Provider Info: Account { account: LiquidityProvider { provider: 3oLMD8mcD1PGmi9p9Y7qQX3661nyoPBcnPo54n7CWjsi, total_liquidity_provided: 0, total_lp_tokens: 0, liquidity_pools_info: [LiquidityPoolInfo { pool: 11111111111111111111111111111111, token_mint: 11111111111111111111111111111111, liquidity_amount: 0, lp_tokens: 0 }, LiquidityPoolInfo { pool: 11111111111111111111111111111111, token_mint: 11111111111111111111111111111111, liquidity_amount: 0, lp_tokens: 0 }, LiquidityPoolInfo { pool: 11111111111111111111111111111111, token_mint: 11111111111111111111111111111111, liquidity_amount: 0, lp_tokens: 0 }, LiquidityPoolInfo { pool: 11111111111111111111111111111111, token_mint: 11111111111111111111111111111111, liquidity_amount: 0, lp_tokens: 0 }, LiquidityPoolInfo { pool: 11111111111111111111111111111111, token_mint: 11111111111111111111111111111111, liquidity_amount: 0, lp_tokens: 0 }, LiquidityPoolInfo { pool: 11111111111111111111111111111111, token_mint: 11111111111111111111111111111111, liquidity_amount: 0, lp_tokens: 0 }, LiquidityPoolInfo { pool: 11111111111111111111111111111111, token_mint: 11111111111111111111111111111111, liquidity_amount: 0, lp_tokens: 0 }, LiquidityPoolInfo { pool: 11111111111111111111111111111111, token_mint: 11111111111111111111111111111111, liquidity_amount: 0, lp_tokens: 0 }, LiquidityPoolInfo { pool: 11111111111111111111111111111111, token_mint: 11111111111111111111111111111111, liquidity_amount: 0, lp_tokens: 0 }, LiquidityPoolInfo { pool: 11111111111111111111111111111111, token_mint: 11111111111111111111111111111111, liquidity_amount: 0, lp_tokens: 0 }], latest_liquidity_provided_on: 0, bump: 255 }, info: AccountInfo { key: 5ngBNMjt87DQsprVX122RvVDhary7Jbz6D7PbQ6S3BE8, owner: 53ZWSoYgVT48uk5h7txNrjFfijQhamJRgz4C9oGyfaYQ, is_signer: false, is_writable: true, executable: false, rent_epoch: 18446744073709551615, lamports: 6911280, data.len: 865, data: 00000000000000000000000000000000000000000000000000000000000000000000000000000000000000000000000000000000000000000000000000000000, .. } }
    Program 53ZWSoYgVT48uk5h7txNrjFfijQhamJRgz4C9oGyfaYQ consumed 98736 of 200000 compute units
    Program 53ZWSoYgVT48uk5h7txNrjFfijQhamJRgz4C9oGyfaYQ success
Transaction executed in slot 419308782:
  Signature: 55KbT89nKhFPbns8csNhHchMM8zE3EdATvd9NPJyVn6atoKC4jq1Y8yiYbUpFFz8zVdUTs5BgN3DmFtmVKzyFMFu
  Status: Ok
  Log Messages:
    Program 53ZWSoYgVT48uk5h7txNrjFfijQhamJRgz4C9oGyfaYQ invoke [1]
    Program log: Instruction: ProcessInitializeLiquidityProvider
    Program 11111111111111111111111111111111 invoke [2]
    Program 11111111111111111111111111111111 success
    Program log: Initializing Liquidity Provider...
    Program log: Initialized Liquidity Provider Succesfully!
    Program log: Liquidity Provider Info: Account { account: LiquidityProvider { provider: 3oLMD8mcD1PGmi9p9Y7qQX3661nyoPBcnPo54n7CWjsi, total_liquidity_provided: 0, total_lp_tokens: 0, liquidity_pools_info: [LiquidityPoolInfo { pool: 11111111111111111111111111111111, token_mint: 11111111111111111111111111111111, liquidity_amount: 0, lp_tokens: 0 }, LiquidityPoolInfo { pool: 11111111111111111111111111111111, token_mint: 11111111111111111111111111111111, liquidity_amount: 0, lp_tokens: 0 }, LiquidityPoolInfo { pool: 11111111111111111111111111111111, token_mint: 11111111111111111111111111111111, liquidity_amount: 0, lp_tokens: 0 }, LiquidityPoolInfo { pool: 11111111111111111111111111111111, token_mint: 11111111111111111111111111111111, liquidity_amount: 0, lp_tokens: 0 }, LiquidityPoolInfo { pool: 11111111111111111111111111111111, token_mint: 11111111111111111111111111111111, liquidity_amount: 0, lp_tokens: 0 }, LiquidityPoolInfo { pool: 11111111111111111111111111111111, token_mint: 11111111111111111111111111111111, liquidity_amount: 0, lp_tokens: 0 }, LiquidityPoolInfo { pool: 11111111111111111111111111111111, token_mint: 11111111111111111111111111111111, liquidity_amount: 0, lp_tokens: 0 }, LiquidityPoolInfo { pool: 11111111111111111111111111111111, token_mint: 11111111111111111111111111111111, liquidity_amount: 0, lp_tokens: 0 }, LiquidityPoolInfo { pool: 11111111111111111111111111111111, token_mint: 11111111111111111111111111111111, liquidity_amount: 0, lp_tokens: 0 }, LiquidityPoolInfo { pool: 11111111111111111111111111111111, token_mint: 11111111111111111111111111111111, liquidity_amount: 0, lp_tokens: 0 }], latest_liquidity_provided_on: 0, bump: 255 }, info: AccountInfo { key: 5ngBNMjt87DQsprVX122RvVDhary7Jbz6D7PbQ6S3BE8, owner: 53ZWSoYgVT48uk5h7txNrjFfijQhamJRgz4C9oGyfaYQ, is_signer: false, is_writable: true, executable: false, rent_epoch: 18446744073709551615, lamports: 6911280, data.len: 865, data: 00000000000000000000000000000000000000000000000000000000000000000000000000000000000000000000000000000000000000000000000000000000, .. } }
    Program 53ZWSoYgVT48uk5h7txNrjFfijQhamJRgz4C9oGyfaYQ consumed 98736 of 200000 compute units
    Program 53ZWSoYgVT48uk5h7txNrjFfijQhamJRgz4C9oGyfaYQ success
Transaction executed in slot 419308796:
  Signature: 2rYfMTmeqbFEhrSq3agQtdAWkYEUVvSRt7By477fAvajaVLU5KcwxibnE154WFMNQW87eiDX25ned1oNvesqRP6N
  Status: Ok
  Log Messages:
    Program 53ZWSoYgVT48uk5h7txNrjFfijQhamJRgz4C9oGyfaYQ invoke [1]
    Program log: Instruction: ProcessDelegateLiquidityProvider
    Program 11111111111111111111111111111111 invoke [2]
    Program 11111111111111111111111111111111 success
    Program 11111111111111111111111111111111 invoke [2]
    Program 11111111111111111111111111111111 success
    Program DELeGGvXpWV2fqJUhqcF5ZSYMS4JTLjteaAMARRSaeSh invoke [2]
    Program 11111111111111111111111111111111 invoke [3]
    Program 11111111111111111111111111111111 success
    Program 11111111111111111111111111111111 invoke [3]
    Program 11111111111111111111111111111111 success
    Program DELeGGvXpWV2fqJUhqcF5ZSYMS4JTLjteaAMARRSaeSh consumed 29442 of 158490 compute units
    Program DELeGGvXpWV2fqJUhqcF5ZSYMS4JTLjteaAMARRSaeSh success
    Program log: Liquidity Provider account delegated successfully!
    Program 53ZWSoYgVT48uk5h7txNrjFfijQhamJRgz4C9oGyfaYQ consumed 74139 of 200000 compute units
    Program 53ZWSoYgVT48uk5h7txNrjFfijQhamJRgz4C9oGyfaYQ success
Disconnected: receiving on an empty and disconnected channel
