Streaming transaction logs mentioning 6aaiUUVLjJaiqcdTRNcJy5Ekb8XQu3AY2nfB3q2KhvzH. Confirmed commitment
Transaction executed in slot 419712132:
  Signature: 2dQVtjwMS5itkzE8ehGDSg66hMiVULXBAhypXAUDpz5Ei6QtPKXy4a854H7puDAepqKXtu1sfdNFVycwo46QjbiR
  Status: Ok
  Log Messages:
    Program 6aaiUUVLjJaiqcdTRNcJy5Ekb8XQu3AY2nfB3q2KhvzH invoke [1]
    Program log: Instruction: Initialize
    Program log: Greetings from: 6aaiUUVLjJaiqcdTRNcJy5Ekb8XQu3AY2nfB3q2KhvzH
    Program 6aaiUUVLjJaiqcdTRNcJy5Ekb8XQu3AY2nfB3q2KhvzH consumed 2963 of 200000 compute units
    Program 6aaiUUVLjJaiqcdTRNcJy5Ekb8XQu3AY2nfB3q2KhvzH success
Transaction executed in slot 419712134:
  Signature: 57wfr5rDPN8hpHkoDrjymcqg8rEpJzYvHN2ohcbrjjVeVdBrXy37pYX7XbWAxQt3zrXJYqNMfgN3vqgBudsSPj9G
  Status: Ok
  Log Messages:
    Program 6aaiUUVLjJaiqcdTRNcJy5Ekb8XQu3AY2nfB3q2KhvzH invoke [1]
    Program log: Instruction: ProcessInitializePool
    Program 11111111111111111111111111111111 invoke [2]
    Program 11111111111111111111111111111111 success
    Program TokenkegQfeZyiNwAJbNbGKPFXCWuBvf9Ss623VQ5DA invoke [2]
    Program log: Instruction: InitializeMint2
    Program TokenkegQfeZyiNwAJbNbGKPFXCWuBvf9Ss623VQ5DA consumed 2828 of 186522 compute units
    Program TokenkegQfeZyiNwAJbNbGKPFXCWuBvf9Ss623VQ5DA success
    Program 11111111111111111111111111111111 invoke [2]
    Program 11111111111111111111111111111111 success
    Program TokenkegQfeZyiNwAJbNbGKPFXCWuBvf9Ss623VQ5DA invoke [2]
    Program log: Instruction: InitializeAccount3
    Program TokenkegQfeZyiNwAJbNbGKPFXCWuBvf9Ss623VQ5DA consumed 4241 of 176038 compute units
    Program TokenkegQfeZyiNwAJbNbGKPFXCWuBvf9Ss623VQ5DA success
    Program 11111111111111111111111111111111 invoke [2]
    Program 11111111111111111111111111111111 success
    Program 11111111111111111111111111111111 invoke [2]
    Program 11111111111111111111111111111111 success
    Program TokenkegQfeZyiNwAJbNbGKPFXCWuBvf9Ss623VQ5DA invoke [2]
    Program log: Instruction: InitializeAccount3
    Program TokenkegQfeZyiNwAJbNbGKPFXCWuBvf9Ss623VQ5DA consumed 4214 of 152969 compute units
    Program TokenkegQfeZyiNwAJbNbGKPFXCWuBvf9Ss623VQ5DA success
    Program 11111111111111111111111111111111 invoke [2]
    Program 11111111111111111111111111111111 success
    Program TokenkegQfeZyiNwAJbNbGKPFXCWuBvf9Ss623VQ5DA invoke [2]
    Program log: Instruction: InitializeAccount3
    Program TokenkegQfeZyiNwAJbNbGKPFXCWuBvf9Ss623VQ5DA consumed 4214 of 139440 compute units
    Program TokenkegQfeZyiNwAJbNbGKPFXCWuBvf9Ss623VQ5DA success
    Program log: Initializing Liquidity Pool...
    Program log: Liquidity Pool Initialized Successfully!
    Program log: Creating LP Token Metadata...
    Program metaqbxxUerdq28cj1RbAWkYQm3ybzjb6a8bt518x1s invoke [2]
    Program log: IX: Create Metadata Accounts v3
    Program 11111111111111111111111111111111 invoke [3]
    Program 11111111111111111111111111111111 success
    Program log: Allocate space for the account
    Program 11111111111111111111111111111111 invoke [3]
    Program 11111111111111111111111111111111 success
    Program log: Assign the account to the owning program
    Program 11111111111111111111111111111111 invoke [3]
    Program 11111111111111111111111111111111 success
    Program metaqbxxUerdq28cj1RbAWkYQm3ybzjb6a8bt518x1s consumed 37572 of 127673 compute units
    Program metaqbxxUerdq28cj1RbAWkYQm3ybzjb6a8bt518x1s success
    Program log: LP Token Created!
    Program 6aaiUUVLjJaiqcdTRNcJy5Ekb8XQu3AY2nfB3q2KhvzH consumed 112110 of 200000 compute units
    Program 6aaiUUVLjJaiqcdTRNcJy5Ekb8XQu3AY2nfB3q2KhvzH success
Transaction executed in slot 419712144:
  Signature: 5XzppnCXjuFi3SHgGZ2PaNt9kQUKbEUaqSvuSx1dsQMPFDPWhJadXp7PZpERzyVfrsAXFxHnmqDdrRGAP1XeE2fx
  Status: Ok
  Log Messages:
    Program 6aaiUUVLjJaiqcdTRNcJy5Ekb8XQu3AY2nfB3q2KhvzH invoke [1]
    Program log: Instruction: ProcessDelegatePool
    Program 11111111111111111111111111111111 invoke [2]
    Program 11111111111111111111111111111111 success
    Program 11111111111111111111111111111111 invoke [2]
    Program 11111111111111111111111111111111 success
    Program DELeGGvXpWV2fqJUhqcF5ZSYMS4JTLjteaAMARRSaeSh invoke [2]
    Program 11111111111111111111111111111111 invoke [3]
    Program 11111111111111111111111111111111 success
    Program 11111111111111111111111111111111 invoke [3]
    Program 11111111111111111111111111111111 success
    Program DELeGGvXpWV2fqJUhqcF5ZSYMS4JTLjteaAMARRSaeSh consumed 15942 of 170943 compute units
    Program DELeGGvXpWV2fqJUhqcF5ZSYMS4JTLjteaAMARRSaeSh success
    Program log: Pool account delegated successfully!
    Program 6aaiUUVLjJaiqcdTRNcJy5Ekb8XQu3AY2nfB3q2KhvzH consumed 47081 of 200000 compute units
    Program 6aaiUUVLjJaiqcdTRNcJy5Ekb8XQu3AY2nfB3q2KhvzH success
Transaction executed in slot 419712174:
  Signature: 3T5muefVX9Sx5Egxm65ST32CV4YUC6gfKg23Y7cBH49GmZPoH4tAZejwPdFD1ufTJYMKXwS8BKtBx1znCkiddFFg
  Status: Ok
  Log Messages:
    Program 6aaiUUVLjJaiqcdTRNcJy5Ekb8XQu3AY2nfB3q2KhvzH invoke [1]
    Program log: Instruction: ProcessInitializeLiquidityProvider
    Program 11111111111111111111111111111111 invoke [2]
    Program 11111111111111111111111111111111 success
    Program log: Initializing Liquidity Provider...
    Program log: Initialized Liquidity Provider Succesfully!
    Program log: Liquidity Provider Info: Account { account: LiquidityProvider { provider: 3oLMD8mcD1PGmi9p9Y7qQX3661nyoPBcnPo54n7CWjsi, total_liquidity_provided: 0, total_lp_tokens: 0, liquidity_pools_info: [LiquidityPoolInfo { pool: 11111111111111111111111111111111, token_mint: 11111111111111111111111111111111, liquidity_amount: 0, lp_tokens: 0 }, LiquidityPoolInfo { pool: 11111111111111111111111111111111, token_mint: 11111111111111111111111111111111, liquidity_amount: 0, lp_tokens: 0 }, LiquidityPoolInfo { pool: 11111111111111111111111111111111, token_mint: 11111111111111111111111111111111, liquidity_amount: 0, lp_tokens: 0 }, LiquidityPoolInfo { pool: 11111111111111111111111111111111, token_mint: 11111111111111111111111111111111, liquidity_amount: 0, lp_tokens: 0 }, LiquidityPoolInfo { pool: 11111111111111111111111111111111, token_mint: 11111111111111111111111111111111, liquidity_amount: 0, lp_tokens: 0 }, LiquidityPoolInfo { pool: 11111111111111111111111111111111, token_mint: 11111111111111111111111111111111, liquidity_amount: 0, lp_tokens: 0 }, LiquidityPoolInfo { pool: 11111111111111111111111111111111, token_mint: 11111111111111111111111111111111, liquidity_amount: 0, lp_tokens: 0 }, LiquidityPoolInfo { pool: 11111111111111111111111111111111, token_mint: 11111111111111111111111111111111, liquidity_amount: 0, lp_tokens: 0 }, LiquidityPoolInfo { pool: 11111111111111111111111111111111, token_mint: 11111111111111111111111111111111, liquidity_amount: 0, lp_tokens: 0 }, LiquidityPoolInfo { pool: 11111111111111111111111111111111, token_mint: 11111111111111111111111111111111, liquidity_amount: 0, lp_tokens: 0 }], latest_liquidity_provided_on: 0, bump: 252 }, info: AccountInfo { key: BhLyZyzX1AFWEmdjvZ5NZKqZkudtpYAT23y7mg7Kv8Hy, owner: 6aaiUUVLjJaiqcdTRNcJy5Ekb8XQu3AY2nfB3q2KhvzH, is_signer: false, is_writable: true, executable: false, rent_epoch: 18446744073709551615, lamports: 6911280, data.len: 865, data: 00000000000000000000000000000000000000000000000000000000000000000000000000000000000000000000000000000000000000000000000000000000, .. } }
    Program 6aaiUUVLjJaiqcdTRNcJy5Ekb8XQu3AY2nfB3q2KhvzH consumed 103236 of 200000 compute units
    Program 6aaiUUVLjJaiqcdTRNcJy5Ekb8XQu3AY2nfB3q2KhvzH success
Transaction executed in slot 419712184:
  Signature: 5tXE3uV1Xw4UqqBW8hCVpcNnKYpezwMcRx82AaWk92PRvKSQpgTWSRkUWb3e2BnsdkXML2Cj5x8Q4rncHwDZHy42
  Status: Ok
  Log Messages:
    Program 6aaiUUVLjJaiqcdTRNcJy5Ekb8XQu3AY2nfB3q2KhvzH invoke [1]
    Program log: Instruction: ProcessDelegateLiquidityProvider
    Program 11111111111111111111111111111111 invoke [2]
    Program 11111111111111111111111111111111 success
    Program 11111111111111111111111111111111 invoke [2]
    Program 11111111111111111111111111111111 success
    Program DELeGGvXpWV2fqJUhqcF5ZSYMS4JTLjteaAMARRSaeSh invoke [2]
    Program 11111111111111111111111111111111 invoke [3]
    Program 11111111111111111111111111111111 success
    Program 11111111111111111111111111111111 invoke [3]
    Program 11111111111111111111111111111111 success
    Program DELeGGvXpWV2fqJUhqcF5ZSYMS4JTLjteaAMARRSaeSh consumed 23442 of 156990 compute units
    Program DELeGGvXpWV2fqJUhqcF5ZSYMS4JTLjteaAMARRSaeSh success
    Program log: Liquidity Provider account delegated successfully!
    Program 6aaiUUVLjJaiqcdTRNcJy5Ekb8XQu3AY2nfB3q2KhvzH consumed 69644 of 200000 compute units
    Program 6aaiUUVLjJaiqcdTRNcJy5Ekb8XQu3AY2nfB3q2KhvzH success
Transaction executed in slot 419712211:
  Signature: 4ygUYWB7tb5MchdVZzTC5n8LFsKRo9Gas2QqdHPmWe68xXXs1Da81eNuxN9543XFTpvf613ZMsMoWg5X7mG9vtWX
  Status: Ok
  Log Messages:
    Program 6aaiUUVLjJaiqcdTRNcJy5Ekb8XQu3AY2nfB3q2KhvzH invoke [1]
    Program log: Instruction: ProcessDepositAddLiquidityOnChain
    Program 11111111111111111111111111111111 invoke [2]
    Program 11111111111111111111111111111111 success
    Program TokenkegQfeZyiNwAJbNbGKPFXCWuBvf9Ss623VQ5DA invoke [2]
    Program log: Instruction: Transfer
    Program TokenkegQfeZyiNwAJbNbGKPFXCWuBvf9Ss623VQ5DA consumed 4645 of 164341 compute units
    Program TokenkegQfeZyiNwAJbNbGKPFXCWuBvf9Ss623VQ5DA success
    Program log: Transferred 100 of Token A to Vault
    Program TokenkegQfeZyiNwAJbNbGKPFXCWuBvf9Ss623VQ5DA invoke [2]
    Program log: Instruction: Transfer
    Program TokenkegQfeZyiNwAJbNbGKPFXCWuBvf9Ss623VQ5DA consumed 4645 of 157037 compute units
    Program TokenkegQfeZyiNwAJbNbGKPFXCWuBvf9Ss623VQ5DA success
    Program log: Transferred 100 of Token B to Vault
    Program log: Deposit Recept created successfully!
    Program 6aaiUUVLjJaiqcdTRNcJy5Ekb8XQu3AY2nfB3q2KhvzH consumed 51160 of 200000 compute units
    Program 6aaiUUVLjJaiqcdTRNcJy5Ekb8XQu3AY2nfB3q2KhvzH success
Transaction executed in slot 419712212:
  Signature: 4ygUYWB7tb5MchdVZzTC5n8LFsKRo9Gas2QqdHPmWe68xXXs1Da81eNuxN9543XFTpvf613ZMsMoWg5X7mG9vtWX
  Status: Ok
  Log Messages:
    Program 6aaiUUVLjJaiqcdTRNcJy5Ekb8XQu3AY2nfB3q2KhvzH invoke [1]
    Program log: Instruction: ProcessDepositAddLiquidityOnChain
    Program 11111111111111111111111111111111 invoke [2]
    Program 11111111111111111111111111111111 success
    Program TokenkegQfeZyiNwAJbNbGKPFXCWuBvf9Ss623VQ5DA invoke [2]
    Program log: Instruction: Transfer
    Program TokenkegQfeZyiNwAJbNbGKPFXCWuBvf9Ss623VQ5DA consumed 4645 of 164341 compute units
    Program TokenkegQfeZyiNwAJbNbGKPFXCWuBvf9Ss623VQ5DA success
    Program log: Transferred 100 of Token A to Vault
    Program TokenkegQfeZyiNwAJbNbGKPFXCWuBvf9Ss623VQ5DA invoke [2]
    Program log: Instruction: Transfer
    Program TokenkegQfeZyiNwAJbNbGKPFXCWuBvf9Ss623VQ5DA consumed 4645 of 157037 compute units
    Program TokenkegQfeZyiNwAJbNbGKPFXCWuBvf9Ss623VQ5DA success
    Program log: Transferred 100 of Token B to Vault
    Program log: Deposit Recept created successfully!
    Program 6aaiUUVLjJaiqcdTRNcJy5Ekb8XQu3AY2nfB3q2KhvzH consumed 51160 of 200000 compute units
    Program 6aaiUUVLjJaiqcdTRNcJy5Ekb8XQu3AY2nfB3q2KhvzH success
Transaction executed in slot 419712274:
  Signature: 2Tn12VdRhjwcYa2v7AcocxYVCRLwCiVoSg839Fmk94VeRgEpui6gtZp2KUZANZSTDqzGLN3Cq6HtcaxRMasmFfYv
  Status: Ok
  Log Messages:
    Program 6aaiUUVLjJaiqcdTRNcJy5Ekb8XQu3AY2nfB3q2KhvzH invoke [1]
    Program log: Instruction: ProcessDelegateAddLiquidityReceipt
    Program 11111111111111111111111111111111 invoke [2]
    Program 11111111111111111111111111111111 success
    Program 11111111111111111111111111111111 invoke [2]
    Program 11111111111111111111111111111111 success
    Program DELeGGvXpWV2fqJUhqcF5ZSYMS4JTLjteaAMARRSaeSh invoke [2]
    Program 11111111111111111111111111111111 invoke [3]
    Program 11111111111111111111111111111111 success
    Program 11111111111111111111111111111111 invoke [3]
    Program 11111111111111111111111111111111 success
    Program DELeGGvXpWV2fqJUhqcF5ZSYMS4JTLjteaAMARRSaeSh consumed 26442 of 158143 compute units
    Program DELeGGvXpWV2fqJUhqcF5ZSYMS4JTLjteaAMARRSaeSh success
    Program log: Deposit receipt delegated successfully!
    Program log: Receipt : Account { account: DepositRecept { pool: GNK9YZzP7wxaJ1wjY2NuESZk396JMcTsCogURbUJntKN, liquidity_provider: 3oLMD8mcD1PGmi9p9Y7qQX3661nyoPBcnPo54n7CWjsi, amount_a: 100, amount_b: 100, lp_tokens_minted: 100 }, info: AccountInfo { key: DLr92Mv3fqT7ZeBhBsAmGff63ziNKbYjsgnHQ4YCXDKa, owner: DELeGGvXpWV2fqJUhqcF5ZSYMS4JTLjteaAMARRSaeSh, is_signer: false, is_writable: true, executable: false, rent_epoch: 18446744073709551615, lamports: 1559040, data.len: 96, data: 18c27466c6ffe9bfe4550526a1c182eada2b69ae7eaed2fe1ff8a0b889c13e55cc2875ac45eeb2cd2995f7ea09c9626110796e05bcfee0988df63805361f9284, .. } }
    Program 6aaiUUVLjJaiqcdTRNcJy5Ekb8XQu3AY2nfB3q2KhvzH consumed 99823 of 200000 compute units
    Program 6aaiUUVLjJaiqcdTRNcJy5Ekb8XQu3AY2nfB3q2KhvzH success
