Streaming transaction logs mentioning 6k3vr9R4VexfTwF1BMBNEujEqtZbV9caYv9mGS51GFf9. Confirmed commitment
Transaction executed in slot 419543706:
  Signature: 4AphANXMdqXHVstKNfGJ5VpmSen11Q7yykcRniC5PJACjUuBHXyjDRCM4pFTnVMX2wCUtGtHgeX8zpP9bB7vTip3
  Status: Ok
  Log Messages:
    Program 6k3vr9R4VexfTwF1BMBNEujEqtZbV9caYv9mGS51GFf9 invoke [1]
    Program log: Instruction: Initialize
    Program log: Greetings from: 6k3vr9R4VexfTwF1BMBNEujEqtZbV9caYv9mGS51GFf9
    Program 6k3vr9R4VexfTwF1BMBNEujEqtZbV9caYv9mGS51GFf9 consumed 2963 of 200000 compute units
    Program 6k3vr9R4VexfTwF1BMBNEujEqtZbV9caYv9mGS51GFf9 success
Transaction executed in slot 419543708:
  Signature: heVnWoLyG322hqbK3Lj42T85CzeLCs8FjmjssyUbkkTxGGmnvFq3HrVExGt7QgK4oDoN6UsHtbApe6L81a4dQkW
  Status: Ok
  Log Messages:
    Program 6k3vr9R4VexfTwF1BMBNEujEqtZbV9caYv9mGS51GFf9 invoke [1]
    Program log: Instruction: ProcessInitializePool
    Program 11111111111111111111111111111111 invoke [2]
    Program 11111111111111111111111111111111 success
    Program TokenkegQfeZyiNwAJbNbGKPFXCWuBvf9Ss623VQ5DA invoke [2]
    Program log: Instruction: InitializeMint2
    Program TokenkegQfeZyiNwAJbNbGKPFXCWuBvf9Ss623VQ5DA consumed 2828 of 186522 compute units
    Program TokenkegQfeZyiNwAJbNbGKPFXCWuBvf9Ss623VQ5DA success
    Program 11111111111111111111111111111111 invoke [2]
    Program 11111111111111111111111111111111 success
    Program TokenkegQfeZyiNwAJbNbGKPFXCWuBvf9Ss623VQ5DA invoke [2]
    Program log: Instruction: InitializeAccount3
    Program TokenkegQfeZyiNwAJbNbGKPFXCWuBvf9Ss623VQ5DA consumed 4241 of 171538 compute units
    Program TokenkegQfeZyiNwAJbNbGKPFXCWuBvf9Ss623VQ5DA success
    Program 11111111111111111111111111111111 invoke [2]
    Program 11111111111111111111111111111111 success
    Program 11111111111111111111111111111111 invoke [2]
    Program 11111111111111111111111111111111 success
    Program TokenkegQfeZyiNwAJbNbGKPFXCWuBvf9Ss623VQ5DA invoke [2]
    Program log: Instruction: InitializeAccount3
    Program TokenkegQfeZyiNwAJbNbGKPFXCWuBvf9Ss623VQ5DA consumed 4214 of 151469 compute units
    Program TokenkegQfeZyiNwAJbNbGKPFXCWuBvf9Ss623VQ5DA success
    Program 11111111111111111111111111111111 invoke [2]
    Program 11111111111111111111111111111111 success
    Program TokenkegQfeZyiNwAJbNbGKPFXCWuBvf9Ss623VQ5DA invoke [2]
    Program log: Instruction: InitializeAccount3
    Program TokenkegQfeZyiNwAJbNbGKPFXCWuBvf9Ss623VQ5DA consumed 4214 of 139440 compute units
    Program TokenkegQfeZyiNwAJbNbGKPFXCWuBvf9Ss623VQ5DA success
    Program log: Initializing Liquidity Pool...
    Program log: Liquidity Pool Initialized Successfully!
    Program log: Creating LP Token Metadata...
    Program metaqbxxUerdq28cj1RbAWkYQm3ybzjb6a8bt518x1s invoke [2]
    Program log: IX: Create Metadata Accounts v3
    Program 11111111111111111111111111111111 invoke [3]
    Program 11111111111111111111111111111111 success
    Program log: Allocate space for the account
    Program 11111111111111111111111111111111 invoke [3]
    Program 11111111111111111111111111111111 success
    Program log: Assign the account to the owning program
    Program 11111111111111111111111111111111 invoke [3]
    Program 11111111111111111111111111111111 success
    Program metaqbxxUerdq28cj1RbAWkYQm3ybzjb6a8bt518x1s consumed 36072 of 124673 compute units
    Program metaqbxxUerdq28cj1RbAWkYQm3ybzjb6a8bt518x1s success
    Program log: LP Token Created!
    Program 6k3vr9R4VexfTwF1BMBNEujEqtZbV9caYv9mGS51GFf9 consumed 113610 of 200000 compute units
    Program 6k3vr9R4VexfTwF1BMBNEujEqtZbV9caYv9mGS51GFf9 success
Transaction executed in slot 419543725:
  Signature: 5m3Di4CuYbnc6S4HyVai924jEAFUVUsNa83B1z8cGMp6ECk9CD2NS2zJtSUBgu4sfxqKnrj8y8iMH6ax5QJPiEqh
  Status: Ok
  Log Messages:
    Program 6k3vr9R4VexfTwF1BMBNEujEqtZbV9caYv9mGS51GFf9 invoke [1]
    Program log: Instruction: ProcessDelegatePool
    Program 11111111111111111111111111111111 invoke [2]
    Program 11111111111111111111111111111111 success
    Program 11111111111111111111111111111111 invoke [2]
    Program 11111111111111111111111111111111 success
    Program DELeGGvXpWV2fqJUhqcF5ZSYMS4JTLjteaAMARRSaeSh invoke [2]
    Program 11111111111111111111111111111111 invoke [3]
    Program 11111111111111111111111111111111 success
    Program 11111111111111111111111111111111 invoke [3]
    Program 11111111111111111111111111111111 success
    Program DELeGGvXpWV2fqJUhqcF5ZSYMS4JTLjteaAMARRSaeSh consumed 21942 of 163443 compute units
    Program DELeGGvXpWV2fqJUhqcF5ZSYMS4JTLjteaAMARRSaeSh success
    Program log: Pool account delegated successfully!
    Program 6k3vr9R4VexfTwF1BMBNEujEqtZbV9caYv9mGS51GFf9 consumed 60576 of 200000 compute units
    Program 6k3vr9R4VexfTwF1BMBNEujEqtZbV9caYv9mGS51GFf9 success
Transaction executed in slot 419543754:
  Signature: WiCJK6WstTkHEh8xmtasyKtTRUUffNknFsJwz1hFUfq2iVUyA4PexMWJYFk5XhYrAQ4yRBrfCv2qgVfeZKHDCkb
  Status: Ok
  Log Messages:
    Program 6k3vr9R4VexfTwF1BMBNEujEqtZbV9caYv9mGS51GFf9 invoke [1]
    Program log: Instruction: ProcessInitializeLiquidityProvider
    Program 11111111111111111111111111111111 invoke [2]
    Program 11111111111111111111111111111111 success
    Program log: Initializing Liquidity Provider...
    Program log: Initialized Liquidity Provider Succesfully!
    Program log: Liquidity Provider Info: Account { account: LiquidityProvider { provider: 3oLMD8mcD1PGmi9p9Y7qQX3661nyoPBcnPo54n7CWjsi, total_liquidity_provided: 0, total_lp_tokens: 0, liquidity_pools_info: [LiquidityPoolInfo { pool: 11111111111111111111111111111111, token_mint: 11111111111111111111111111111111, liquidity_amount: 0, lp_tokens: 0 }, LiquidityPoolInfo { pool: 11111111111111111111111111111111, token_mint: 11111111111111111111111111111111, liquidity_amount: 0, lp_tokens: 0 }, LiquidityPoolInfo { pool: 11111111111111111111111111111111, token_mint: 11111111111111111111111111111111, liquidity_amount: 0, lp_tokens: 0 }, LiquidityPoolInfo { pool: 11111111111111111111111111111111, token_mint: 11111111111111111111111111111111, liquidity_amount: 0, lp_tokens: 0 }, LiquidityPoolInfo { pool: 11111111111111111111111111111111, token_mint: 11111111111111111111111111111111, liquidity_amount: 0, lp_tokens: 0 }, LiquidityPoolInfo { pool: 11111111111111111111111111111111, token_mint: 11111111111111111111111111111111, liquidity_amount: 0, lp_tokens: 0 }, LiquidityPoolInfo { pool: 11111111111111111111111111111111, token_mint: 11111111111111111111111111111111, liquidity_amount: 0, lp_tokens: 0 }, LiquidityPoolInfo { pool: 11111111111111111111111111111111, token_mint: 11111111111111111111111111111111, liquidity_amount: 0, lp_tokens: 0 }, LiquidityPoolInfo { pool: 11111111111111111111111111111111, token_mint: 11111111111111111111111111111111, liquidity_amount: 0, lp_tokens: 0 }, LiquidityPoolInfo { pool: 11111111111111111111111111111111, token_mint: 11111111111111111111111111111111, liquidity_amount: 0, lp_tokens: 0 }], latest_liquidity_provided_on: 0, bump: 254 }, info: AccountInfo { key: CCzAmdWSPnf8a24N9uyBbFyVZwThLYaBcKfzpbGaMtRJ, owner: 6k3vr9R4VexfTwF1BMBNEujEqtZbV9caYv9mGS51GFf9, is_signer: false, is_writable: true, executable: false, rent_epoch: 18446744073709551615, lamports: 6911280, data.len: 865, data: 00000000000000000000000000000000000000000000000000000000000000000000000000000000000000000000000000000000000000000000000000000000, .. } }
    Program 6k3vr9R4VexfTwF1BMBNEujEqtZbV9caYv9mGS51GFf9 consumed 100236 of 200000 compute units
    Program 6k3vr9R4VexfTwF1BMBNEujEqtZbV9caYv9mGS51GFf9 success
Transaction executed in slot 419543856:
  Signature: 5BZdQqm6c6qheuDRSjuDvcZ1i3j1EVnANEbMnqJH6K6N7wFHpWDZUXNHxNYA54A9QbkMRQKY3YhnULhH3MrXFu9v
  Status: Ok
  Log Messages:
    Program 6k3vr9R4VexfTwF1BMBNEujEqtZbV9caYv9mGS51GFf9 invoke [1]
    Program log: Instruction: ProcessDelegateLiquidityProvider
    Program 11111111111111111111111111111111 invoke [2]
    Program 11111111111111111111111111111111 success
    Program 11111111111111111111111111111111 invoke [2]
    Program 11111111111111111111111111111111 success
    Program DELeGGvXpWV2fqJUhqcF5ZSYMS4JTLjteaAMARRSaeSh invoke [2]
    Program 11111111111111111111111111111111 invoke [3]
    Program 11111111111111111111111111111111 success
    Program 11111111111111111111111111111111 invoke [3]
    Program 11111111111111111111111111111111 success
    Program DELeGGvXpWV2fqJUhqcF5ZSYMS4JTLjteaAMARRSaeSh consumed 23442 of 159990 compute units
    Program DELeGGvXpWV2fqJUhqcF5ZSYMS4JTLjteaAMARRSaeSh success
    Program log: Liquidity Provider account delegated successfully!
    Program 6k3vr9R4VexfTwF1BMBNEujEqtZbV9caYv9mGS51GFf9 consumed 66639 of 200000 compute units
    Program 6k3vr9R4VexfTwF1BMBNEujEqtZbV9caYv9mGS51GFf9 success
Transaction executed in slot 419543884:
  Signature: 4Um5mwh4zqpGYC6a1girN7UCc6LKnTGnYKHES6mYurak1WTSwhm6NYDZRBEGhCkwbmXqptbZdoQnUCUQWaUbVo7D
  Status: Ok
  Log Messages:
    Program 6k3vr9R4VexfTwF1BMBNEujEqtZbV9caYv9mGS51GFf9 invoke [1]
    Program log: Instruction: ProcessDepositAddLiquidityOnChain
    Program 11111111111111111111111111111111 invoke [2]
    Program 11111111111111111111111111111111 success
    Program TokenkegQfeZyiNwAJbNbGKPFXCWuBvf9Ss623VQ5DA invoke [2]
    Program log: Instruction: Transfer
    Program TokenkegQfeZyiNwAJbNbGKPFXCWuBvf9Ss623VQ5DA consumed 4645 of 168874 compute units
    Program TokenkegQfeZyiNwAJbNbGKPFXCWuBvf9Ss623VQ5DA success
    Program log: Transferred 100 of Token A to Vault
    Program TokenkegQfeZyiNwAJbNbGKPFXCWuBvf9Ss623VQ5DA invoke [2]
    Program log: Instruction: Transfer
    Program TokenkegQfeZyiNwAJbNbGKPFXCWuBvf9Ss623VQ5DA consumed 4645 of 161577 compute units
    Program TokenkegQfeZyiNwAJbNbGKPFXCWuBvf9Ss623VQ5DA success
    Program log: Transferred 100 of Token B to Vault
    Program log: Deposit Recept created successfully!
    Program 6k3vr9R4VexfTwF1BMBNEujEqtZbV9caYv9mGS51GFf9 consumed 46618 of 200000 compute units
    Program 6k3vr9R4VexfTwF1BMBNEujEqtZbV9caYv9mGS51GFf9 success
Transaction executed in slot 419543898:
  Signature: 2cP6stzoArqi2KA4t8irgjzkmJeuE9MadbEkr2Bj496oaYeV7h1JEGPeeew283bY5jhCymSzZarRSJAqb64QFynx
  Status: Ok
  Log Messages:
    Program 6k3vr9R4VexfTwF1BMBNEujEqtZbV9caYv9mGS51GFf9 invoke [1]
    Program log: Instruction: ProcessDelegateAddLiquidityReceipt
    Program 11111111111111111111111111111111 invoke [2]
    Program 11111111111111111111111111111111 success
    Program 11111111111111111111111111111111 invoke [2]
    Program 11111111111111111111111111111111 success
    Program DELeGGvXpWV2fqJUhqcF5ZSYMS4JTLjteaAMARRSaeSh invoke [2]
    Program 11111111111111111111111111111111 invoke [3]
    Program 11111111111111111111111111111111 success
    Program 11111111111111111111111111111111 invoke [3]
    Program 11111111111111111111111111111111 success
    Program DELeGGvXpWV2fqJUhqcF5ZSYMS4JTLjteaAMARRSaeSh consumed 14442 of 176143 compute units
    Program DELeGGvXpWV2fqJUhqcF5ZSYMS4JTLjteaAMARRSaeSh success
    Program log: Deposit receipt delegated successfully!
    Program log: Receipt : Account { account: DepositRecept { pool: 11111111111111111111111111111111, liquidity_provider: 3oLMD8mcD1PGmi9p9Y7qQX3661nyoPBcnPo54n7CWjsi, amount_a: 100, amount_b: 100, lp_tokens_minted: 100 }, info: AccountInfo { key: 72ZHUpbxYxZVSPxVdUCUE15mCK89iKQET4TtTrwWGa38, owner: DELeGGvXpWV2fqJUhqcF5ZSYMS4JTLjteaAMARRSaeSh, is_signer: false, is_writable: true, executable: false, rent_epoch: 18446744073709551615, lamports: 1559040, data.len: 96, data: 18c27466c6ffe9bf00000000000000000000000000000000000000000000000000000000000000002995f7ea09c9626110796e05bcfee0988df63805361f9284, .. } }
    Program 6k3vr9R4VexfTwF1BMBNEujEqtZbV9caYv9mGS51GFf9 consumed 71657 of 200000 compute units
    Program 6k3vr9R4VexfTwF1BMBNEujEqtZbV9caYv9mGS51GFf9 success
