Streaming transaction logs mentioning 7VHw8JmcxmtkuF4pftysUeePFhEKMPe6M9LnzjNwYkh3. Confirmed commitment
Transaction executed in slot 422809804:
  Signature: 2XYkpURXba1ACCyt92eYTeEUnN1FqN82NNYNH9bgACHS3Veyy2XC1Mx94MEYM4oFUDeARHoFkbrnYp6sJ6DvsFtg
  Status: Ok
  Log Messages:
    Program 7VHw8JmcxmtkuF4pftysUeePFhEKMPe6M9LnzjNwYkh3 invoke [1]
    Program log: Instruction: Initialize
    Program log: Greetings from: 7VHw8JmcxmtkuF4pftysUeePFhEKMPe6M9LnzjNwYkh3
    Program 7VHw8JmcxmtkuF4pftysUeePFhEKMPe6M9LnzjNwYkh3 consumed 2943 of 200000 compute units
    Program 7VHw8JmcxmtkuF4pftysUeePFhEKMPe6M9LnzjNwYkh3 success
Transaction executed in slot 422809806:
  Signature: FbJMVEVFuomacK1eiJLJ9fqqnnCiK7hUjGh18Gz3KRfXt7m2CghNW7KZmb6EJTJwA2taa6Mfj1LURFCEs298Xac
  Status: Ok
  Log Messages:
    Program 7VHw8JmcxmtkuF4pftysUeePFhEKMPe6M9LnzjNwYkh3 invoke [1]
    Program log: Instruction: ProcessInitializePool
    Program 11111111111111111111111111111111 invoke [2]
    Program 11111111111111111111111111111111 success
    Program TokenkegQfeZyiNwAJbNbGKPFXCWuBvf9Ss623VQ5DA invoke [2]
    Program log: Instruction: InitializeMint2
    Program TokenkegQfeZyiNwAJbNbGKPFXCWuBvf9Ss623VQ5DA consumed 2828 of 187089 compute units
    Program TokenkegQfeZyiNwAJbNbGKPFXCWuBvf9Ss623VQ5DA success
    Program 11111111111111111111111111111111 invoke [2]
    Program 11111111111111111111111111111111 success
    Program TokenkegQfeZyiNwAJbNbGKPFXCWuBvf9Ss623VQ5DA invoke [2]
    Program log: Instruction: InitializeAccount3
    Program TokenkegQfeZyiNwAJbNbGKPFXCWuBvf9Ss623VQ5DA consumed 4241 of 175765 compute units
    Program TokenkegQfeZyiNwAJbNbGKPFXCWuBvf9Ss623VQ5DA success
    Program 11111111111111111111111111111111 invoke [2]
    Program 11111111111111111111111111111111 success
    Program 11111111111111111111111111111111 invoke [2]
    Program 11111111111111111111111111111111 success
    Program TokenkegQfeZyiNwAJbNbGKPFXCWuBvf9Ss623VQ5DA invoke [2]
    Program log: Instruction: InitializeAccount3
    Program TokenkegQfeZyiNwAJbNbGKPFXCWuBvf9Ss623VQ5DA consumed 4214 of 156724 compute units
    Program TokenkegQfeZyiNwAJbNbGKPFXCWuBvf9Ss623VQ5DA success
    Program 11111111111111111111111111111111 invoke [2]
    Program 11111111111111111111111111111111 success
    Program TokenkegQfeZyiNwAJbNbGKPFXCWuBvf9Ss623VQ5DA invoke [2]
    Program log: Instruction: InitializeAccount3
    Program TokenkegQfeZyiNwAJbNbGKPFXCWuBvf9Ss623VQ5DA consumed 4214 of 145349 compute units
    Program TokenkegQfeZyiNwAJbNbGKPFXCWuBvf9Ss623VQ5DA success
    Program log: Initializing Liquidity Pool...
    Program log: Liquidity Pool Initialized Successfully!
    Program log: Creating LP Token Metadata...
    Program metaqbxxUerdq28cj1RbAWkYQm3ybzjb6a8bt518x1s invoke [2]
    Program log: IX: Create Metadata Accounts v3
    Program 11111111111111111111111111111111 invoke [3]
    Program 11111111111111111111111111111111 success
    Program log: Allocate space for the account
    Program 11111111111111111111111111111111 invoke [3]
    Program 11111111111111111111111111111111 success
    Program log: Assign the account to the owning program
    Program 11111111111111111111111111111111 invoke [3]
    Program 11111111111111111111111111111111 success
    Program metaqbxxUerdq28cj1RbAWkYQm3ybzjb6a8bt518x1s consumed 39072 of 134064 compute units
    Program metaqbxxUerdq28cj1RbAWkYQm3ybzjb6a8bt518x1s success
    Program log: LP Token Created!
    Program 7VHw8JmcxmtkuF4pftysUeePFhEKMPe6M9LnzjNwYkh3 consumed 107165 of 200000 compute units
    Program 7VHw8JmcxmtkuF4pftysUeePFhEKMPe6M9LnzjNwYkh3 success
Transaction executed in slot 422809818:
  Signature: 5z2EEB6NciGLqSAYooJCgi7gca4yhRs6zQn7pVmrs6bi5b3ha1xxTU4hgw4PvkDDrNHMznPnz791haqkYcc52c7z
  Status: Ok
  Log Messages:
    Program 7VHw8JmcxmtkuF4pftysUeePFhEKMPe6M9LnzjNwYkh3 invoke [1]
    Program log: Instruction: ProcessDelegatePool
    Program 11111111111111111111111111111111 invoke [2]
    Program 11111111111111111111111111111111 success
    Program 11111111111111111111111111111111 invoke [2]
    Program 11111111111111111111111111111111 success
    Program DELeGGvXpWV2fqJUhqcF5ZSYMS4JTLjteaAMARRSaeSh invoke [2]
    Program 11111111111111111111111111111111 invoke [3]
    Program 11111111111111111111111111111111 success
    Program 11111111111111111111111111111111 invoke [3]
    Program 11111111111111111111111111111111 success
    Program DELeGGvXpWV2fqJUhqcF5ZSYMS4JTLjteaAMARRSaeSh consumed 18942 of 167118 compute units
    Program DELeGGvXpWV2fqJUhqcF5ZSYMS4JTLjteaAMARRSaeSh success
    Program log: Pool account delegated successfully!
    Program 7VHw8JmcxmtkuF4pftysUeePFhEKMPe6M9LnzjNwYkh3 consumed 53876 of 200000 compute units
    Program 7VHw8JmcxmtkuF4pftysUeePFhEKMPe6M9LnzjNwYkh3 success
Transaction executed in slot 422809844:
  Signature: 2Rh7d3kzEpsAUxdPfGrPFWYyCTwZ2HLbuUBbkKJwV9ZJ9KgtbtKVzerqBdAr6KeZjk4YUtcRwzn59QUvHXu8xas5
  Status: Ok
  Log Messages:
    Program 7VHw8JmcxmtkuF4pftysUeePFhEKMPe6M9LnzjNwYkh3 invoke [1]
    Program log: Instruction: ProcessInitializeLiquidityProvider
    Program 11111111111111111111111111111111 invoke [2]
    Program 11111111111111111111111111111111 success
    Program log: Initializing Liquidity Provider...
    Program log: Initialized Liquidity Provider Succesfully!
    Program log: Liquidity Provider Info: Account { account: LiquidityProvider { provider: 3oLMD8mcD1PGmi9p9Y7qQX3661nyoPBcnPo54n7CWjsi, total_liquidity_provided: 0, total_lp_tokens: 0, liquidity_pools_info: [LiquidityPoolInfo { pool: 11111111111111111111111111111111, token_mint: 11111111111111111111111111111111, liquidity_amount: 0, lp_tokens: 0 }, LiquidityPoolInfo { pool: 11111111111111111111111111111111, token_mint: 11111111111111111111111111111111, liquidity_amount: 0, lp_tokens: 0 }, LiquidityPoolInfo { pool: 11111111111111111111111111111111, token_mint: 11111111111111111111111111111111, liquidity_amount: 0, lp_tokens: 0 }, LiquidityPoolInfo { pool: 11111111111111111111111111111111, token_mint: 11111111111111111111111111111111, liquidity_amount: 0, lp_tokens: 0 }, LiquidityPoolInfo { pool: 11111111111111111111111111111111, token_mint: 11111111111111111111111111111111, liquidity_amount: 0, lp_tokens: 0 }, LiquidityPoolInfo { pool: 11111111111111111111111111111111, token_mint: 11111111111111111111111111111111, liquidity_amount: 0, lp_tokens: 0 }, LiquidityPoolInfo { pool: 11111111111111111111111111111111, token_mint: 11111111111111111111111111111111, liquidity_amount: 0, lp_tokens: 0 }, LiquidityPoolInfo { pool: 11111111111111111111111111111111, token_mint: 11111111111111111111111111111111, liquidity_amount: 0, lp_tokens: 0 }, LiquidityPoolInfo { pool: 11111111111111111111111111111111, token_mint: 11111111111111111111111111111111, liquidity_amount: 0, lp_tokens: 0 }, LiquidityPoolInfo { pool: 11111111111111111111111111111111, token_mint: 11111111111111111111111111111111, liquidity_amount: 0, lp_tokens: 0 }], latest_liquidity_provided_on: 0, bump: 255 }, info: AccountInfo { key: 2WpwEPyzrcPZjbv8yNP59WyVdj8neDsvqa8DStyeARBX, owner: 7VHw8JmcxmtkuF4pftysUeePFhEKMPe6M9LnzjNwYkh3, is_signer: false, is_writable: true, executable: false, rent_epoch: 18446744073709551615, lamports: 6911280, data.len: 865, data: 00000000000000000000000000000000000000000000000000000000000000000000000000000000000000000000000000000000000000000000000000000000, .. } }
    Program 7VHw8JmcxmtkuF4pftysUeePFhEKMPe6M9LnzjNwYkh3 consumed 97233 of 200000 compute units
    Program 7VHw8JmcxmtkuF4pftysUeePFhEKMPe6M9LnzjNwYkh3 success
Transaction executed in slot 422809845:
  Signature: 2Rh7d3kzEpsAUxdPfGrPFWYyCTwZ2HLbuUBbkKJwV9ZJ9KgtbtKVzerqBdAr6KeZjk4YUtcRwzn59QUvHXu8xas5
  Status: Ok
  Log Messages:
    Program 7VHw8JmcxmtkuF4pftysUeePFhEKMPe6M9LnzjNwYkh3 invoke [1]
    Program log: Instruction: ProcessInitializeLiquidityProvider
    Program 11111111111111111111111111111111 invoke [2]
    Program 11111111111111111111111111111111 success
    Program log: Initializing Liquidity Provider...
    Program log: Initialized Liquidity Provider Succesfully!
    Program log: Liquidity Provider Info: Account { account: LiquidityProvider { provider: 3oLMD8mcD1PGmi9p9Y7qQX3661nyoPBcnPo54n7CWjsi, total_liquidity_provided: 0, total_lp_tokens: 0, liquidity_pools_info: [LiquidityPoolInfo { pool: 11111111111111111111111111111111, token_mint: 11111111111111111111111111111111, liquidity_amount: 0, lp_tokens: 0 }, LiquidityPoolInfo { pool: 11111111111111111111111111111111, token_mint: 11111111111111111111111111111111, liquidity_amount: 0, lp_tokens: 0 }, LiquidityPoolInfo { pool: 11111111111111111111111111111111, token_mint: 11111111111111111111111111111111, liquidity_amount: 0, lp_tokens: 0 }, LiquidityPoolInfo { pool: 11111111111111111111111111111111, token_mint: 11111111111111111111111111111111, liquidity_amount: 0, lp_tokens: 0 }, LiquidityPoolInfo { pool: 11111111111111111111111111111111, token_mint: 11111111111111111111111111111111, liquidity_amount: 0, lp_tokens: 0 }, LiquidityPoolInfo { pool: 11111111111111111111111111111111, token_mint: 11111111111111111111111111111111, liquidity_amount: 0, lp_tokens: 0 }, LiquidityPoolInfo { pool: 11111111111111111111111111111111, token_mint: 11111111111111111111111111111111, liquidity_amount: 0, lp_tokens: 0 }, LiquidityPoolInfo { pool: 11111111111111111111111111111111, token_mint: 11111111111111111111111111111111, liquidity_amount: 0, lp_tokens: 0 }, LiquidityPoolInfo { pool: 11111111111111111111111111111111, token_mint: 11111111111111111111111111111111, liquidity_amount: 0, lp_tokens: 0 }, LiquidityPoolInfo { pool: 11111111111111111111111111111111, token_mint: 11111111111111111111111111111111, liquidity_amount: 0, lp_tokens: 0 }], latest_liquidity_provided_on: 0, bump: 255 }, info: AccountInfo { key: 2WpwEPyzrcPZjbv8yNP59WyVdj8neDsvqa8DStyeARBX, owner: 7VHw8JmcxmtkuF4pftysUeePFhEKMPe6M9LnzjNwYkh3, is_signer: false, is_writable: true, executable: false, rent_epoch: 18446744073709551615, lamports: 6911280, data.len: 865, data: 00000000000000000000000000000000000000000000000000000000000000000000000000000000000000000000000000000000000000000000000000000000, .. } }
    Program 7VHw8JmcxmtkuF4pftysUeePFhEKMPe6M9LnzjNwYkh3 consumed 97233 of 200000 compute units
    Program 7VHw8JmcxmtkuF4pftysUeePFhEKMPe6M9LnzjNwYkh3 success
Transaction executed in slot 422809852:
  Signature: 3oaea3igjjjNDydAWnqKJAiP4sAw7iXevPmS4nSijnRhDrCLXcXD8qX1epMHUAs5pogBFYZKzzS4vTiQhB7uAtzD
  Status: Ok
  Log Messages:
    Program 7VHw8JmcxmtkuF4pftysUeePFhEKMPe6M9LnzjNwYkh3 invoke [1]
    Program log: Instruction: ProcessDelegateLiquidityProvider
    Program 11111111111111111111111111111111 invoke [2]
    Program 11111111111111111111111111111111 success
    Program 11111111111111111111111111111111 invoke [2]
    Program 11111111111111111111111111111111 success
    Program DELeGGvXpWV2fqJUhqcF5ZSYMS4JTLjteaAMARRSaeSh invoke [2]
    Program 11111111111111111111111111111111 invoke [3]
    Program 11111111111111111111111111111111 success
    Program 11111111111111111111111111111111 invoke [3]
    Program 11111111111111111111111111111111 success
    Program DELeGGvXpWV2fqJUhqcF5ZSYMS4JTLjteaAMARRSaeSh consumed 14442 of 175667 compute units
    Program DELeGGvXpWV2fqJUhqcF5ZSYMS4JTLjteaAMARRSaeSh success
    Program log: Liquidity Provider account delegated successfully!
    Program 7VHw8JmcxmtkuF4pftysUeePFhEKMPe6M9LnzjNwYkh3 consumed 41911 of 200000 compute units
    Program 7VHw8JmcxmtkuF4pftysUeePFhEKMPe6M9LnzjNwYkh3 success
Transaction executed in slot 422809877:
  Signature: 2oJCb3aKQnMwjm1JCyQCeX55aj3UnSuZxUrDaL1XaWKA9MZGXoHrn6Fe9pv5aUsC9BzTBBgDq3tNhxUNNj5MuYfv
  Status: Ok
  Log Messages:
    Program 7VHw8JmcxmtkuF4pftysUeePFhEKMPe6M9LnzjNwYkh3 invoke [1]
    Program log: Instruction: ProcessDepositAddLiquidityOnChain
    Program 11111111111111111111111111111111 invoke [2]
    Program 11111111111111111111111111111111 success
    Program TokenkegQfeZyiNwAJbNbGKPFXCWuBvf9Ss623VQ5DA invoke [2]
    Program log: Instruction: Transfer
    Program TokenkegQfeZyiNwAJbNbGKPFXCWuBvf9Ss623VQ5DA consumed 4645 of 171429 compute units
    Program TokenkegQfeZyiNwAJbNbGKPFXCWuBvf9Ss623VQ5DA success
    Program log: Transferred 100 of Token A to Vault
    Program TokenkegQfeZyiNwAJbNbGKPFXCWuBvf9Ss623VQ5DA invoke [2]
    Program log: Instruction: Transfer
    Program TokenkegQfeZyiNwAJbNbGKPFXCWuBvf9Ss623VQ5DA consumed 4645 of 164486 compute units
    Program TokenkegQfeZyiNwAJbNbGKPFXCWuBvf9Ss623VQ5DA success
    Program log: Transferred 100 of Token B to Vault
    Program log: Deposit Recept created successfully!
    Program 7VHw8JmcxmtkuF4pftysUeePFhEKMPe6M9LnzjNwYkh3 consumed 43507 of 200000 compute units
    Program 7VHw8JmcxmtkuF4pftysUeePFhEKMPe6M9LnzjNwYkh3 success
Transaction executed in slot 422809878:
  Signature: 2oJCb3aKQnMwjm1JCyQCeX55aj3UnSuZxUrDaL1XaWKA9MZGXoHrn6Fe9pv5aUsC9BzTBBgDq3tNhxUNNj5MuYfv
  Status: Ok
  Log Messages:
    Program 7VHw8JmcxmtkuF4pftysUeePFhEKMPe6M9LnzjNwYkh3 invoke [1]
    Program log: Instruction: ProcessDepositAddLiquidityOnChain
    Program 11111111111111111111111111111111 invoke [2]
    Program 11111111111111111111111111111111 success
    Program TokenkegQfeZyiNwAJbNbGKPFXCWuBvf9Ss623VQ5DA invoke [2]
    Program log: Instruction: Transfer
    Program TokenkegQfeZyiNwAJbNbGKPFXCWuBvf9Ss623VQ5DA consumed 4645 of 171429 compute units
    Program TokenkegQfeZyiNwAJbNbGKPFXCWuBvf9Ss623VQ5DA success
    Program log: Transferred 100 of Token A to Vault
    Program TokenkegQfeZyiNwAJbNbGKPFXCWuBvf9Ss623VQ5DA invoke [2]
    Program log: Instruction: Transfer
    Program TokenkegQfeZyiNwAJbNbGKPFXCWuBvf9Ss623VQ5DA consumed 4645 of 164486 compute units
    Program TokenkegQfeZyiNwAJbNbGKPFXCWuBvf9Ss623VQ5DA success
    Program log: Transferred 100 of Token B to Vault
    Program log: Deposit Recept created successfully!
    Program 7VHw8JmcxmtkuF4pftysUeePFhEKMPe6M9LnzjNwYkh3 consumed 43507 of 200000 compute units
    Program 7VHw8JmcxmtkuF4pftysUeePFhEKMPe6M9LnzjNwYkh3 success
Transaction executed in slot 422809885:
  Signature: 4BGyG9LJZnTYqFvJciMYX9adjyoxL8Knkp5tzLp9a9CA51dAkUNzsfhqQ9GNw1stdm1BQ5st15pVDq6EQ4BViBux
  Status: Ok
  Log Messages:
    Program 7VHw8JmcxmtkuF4pftysUeePFhEKMPe6M9LnzjNwYkh3 invoke [1]
    Program log: Instruction: ProcessDelegateAddLiquidityReceipt
    Program 11111111111111111111111111111111 invoke [2]
    Program 11111111111111111111111111111111 success
    Program 11111111111111111111111111111111 invoke [2]
    Program 11111111111111111111111111111111 success
    Program DELeGGvXpWV2fqJUhqcF5ZSYMS4JTLjteaAMARRSaeSh invoke [2]
    Program 11111111111111111111111111111111 invoke [3]
    Program 11111111111111111111111111111111 success
    Program 11111111111111111111111111111111 invoke [3]
    Program 11111111111111111111111111111111 success
    Program DELeGGvXpWV2fqJUhqcF5ZSYMS4JTLjteaAMARRSaeSh consumed 21942 of 163309 compute units
    Program DELeGGvXpWV2fqJUhqcF5ZSYMS4JTLjteaAMARRSaeSh success
    Program log: Deposit receipt delegated successfully!
    Program log: Receipt : Account { account: DepositRecept { pool: 9eqFJgunehoWp5JuiYyj2ivjc5KjZnzSPB7CXHvXhnQ7, liquidity_provider: 3oLMD8mcD1PGmi9p9Y7qQX3661nyoPBcnPo54n7CWjsi, amount_a: 100, amount_b: 100, lp_tokens_minted: 100 }, info: AccountInfo { key: 3A9KASNTGuGCpgxEbboghweM9T86XnVHeEeE35f46dfp, owner: DELeGGvXpWV2fqJUhqcF5ZSYMS4JTLjteaAMARRSaeSh, is_signer: false, is_writable: true, executable: false, rent_epoch: 18446744073709551615, lamports: 1559040, data.len: 96, data: 18c27466c6ffe9bf808e89b9ef360b5a1b0dec21203cfafb48a2ef2771a2644a2a8b5554b4e43ad02995f7ea09c9626110796e05bcfee0988df63805361f9284, .. } }
    Program 7VHw8JmcxmtkuF4pftysUeePFhEKMPe6M9LnzjNwYkh3 consumed 89777 of 200000 compute units
    Program 7VHw8JmcxmtkuF4pftysUeePFhEKMPe6M9LnzjNwYkh3 success
Transaction executed in slot 422809932:
  Signature: 37RFAVVGb1KFDPwwQwpPRC36xEFRHfKgU5GuZcaUsFWyadSQ1qJxrEGqzA1yc6L1v1WcsfoRNSCUU8av2uKGC5Tk
  Status: Error processing Instruction 0: custom program error: 0xbc4
  Log Messages:
    Program 7VHw8JmcxmtkuF4pftysUeePFhEKMPe6M9LnzjNwYkh3 invoke [1]
    Program log: Instruction: ProcessDelegateRemoveLiquidityReceipt
    Program log: AnchorError caused by account: withdraw_recept. Error Code: AccountNotInitialized. Error Number: 3012. Error Message: The program expected this account to be already initialized.
    Program 7VHw8JmcxmtkuF4pftysUeePFhEKMPe6M9LnzjNwYkh3 consumed 4459 of 200000 compute units
    Program 7VHw8JmcxmtkuF4pftysUeePFhEKMPe6M9LnzjNwYkh3 failed: custom program error: 0xbc4
