Streaming transaction logs mentioning 8jgWaVWkrQzwHwrW3KCpqG6eheADK8LCD7yEEwo5A7P6. Confirmed commitment
Transaction executed in slot 419760528:
  Signature: 4CUTTJ1Qaz2gL2HtyeCDD6qQBw75YuL961B68BquYX99Kxu7QGVajwAwrXFudbR2PduzK9FzycXqNZRQcodqhQmQ
  Status: Ok
  Log Messages:
    Program 8jgWaVWkrQzwHwrW3KCpqG6eheADK8LCD7yEEwo5A7P6 invoke [1]
    Program log: Instruction: Initialize
    Program log: Greetings from: 8jgWaVWkrQzwHwrW3KCpqG6eheADK8LCD7yEEwo5A7P6
    Program 8jgWaVWkrQzwHwrW3KCpqG6eheADK8LCD7yEEwo5A7P6 consumed 2963 of 200000 compute units
    Program 8jgWaVWkrQzwHwrW3KCpqG6eheADK8LCD7yEEwo5A7P6 success
Transaction executed in slot 419760530:
  Signature: 3zRbbJT7x4bB3AFD4VbHDvsWxs3Fgwh4hgBErarztTC47MDv2ctSqwk6CMbkuj6hvVXmdcKc6tczR6bLYyFGx4Hw
  Status: Ok
  Log Messages:
    Program 8jgWaVWkrQzwHwrW3KCpqG6eheADK8LCD7yEEwo5A7P6 invoke [1]
    Program log: Instruction: ProcessInitializePool
    Program 11111111111111111111111111111111 invoke [2]
    Program 11111111111111111111111111111111 success
    Program TokenkegQfeZyiNwAJbNbGKPFXCWuBvf9Ss623VQ5DA invoke [2]
    Program log: Instruction: InitializeMint2
    Program TokenkegQfeZyiNwAJbNbGKPFXCWuBvf9Ss623VQ5DA consumed 2828 of 183522 compute units
    Program TokenkegQfeZyiNwAJbNbGKPFXCWuBvf9Ss623VQ5DA success
    Program 11111111111111111111111111111111 invoke [2]
    Program 11111111111111111111111111111111 success
    Program TokenkegQfeZyiNwAJbNbGKPFXCWuBvf9Ss623VQ5DA invoke [2]
    Program log: Instruction: InitializeAccount3
    Program TokenkegQfeZyiNwAJbNbGKPFXCWuBvf9Ss623VQ5DA consumed 4241 of 173038 compute units
    Program TokenkegQfeZyiNwAJbNbGKPFXCWuBvf9Ss623VQ5DA success
    Program 11111111111111111111111111111111 invoke [2]
    Program 11111111111111111111111111111111 success
    Program 11111111111111111111111111111111 invoke [2]
    Program 11111111111111111111111111111111 success
    Program TokenkegQfeZyiNwAJbNbGKPFXCWuBvf9Ss623VQ5DA invoke [2]
    Program log: Instruction: InitializeAccount3
    Program TokenkegQfeZyiNwAJbNbGKPFXCWuBvf9Ss623VQ5DA consumed 4214 of 154469 compute units
    Program TokenkegQfeZyiNwAJbNbGKPFXCWuBvf9Ss623VQ5DA success
    Program 11111111111111111111111111111111 invoke [2]
    Program 11111111111111111111111111111111 success
    Program TokenkegQfeZyiNwAJbNbGKPFXCWuBvf9Ss623VQ5DA invoke [2]
    Program log: Instruction: InitializeAccount3
    Program TokenkegQfeZyiNwAJbNbGKPFXCWuBvf9Ss623VQ5DA consumed 4214 of 140940 compute units
    Program TokenkegQfeZyiNwAJbNbGKPFXCWuBvf9Ss623VQ5DA success
    Program log: Initializing Liquidity Pool...
    Program log: Liquidity Pool Initialized Successfully!
    Program log: Creating LP Token Metadata...
    Program metaqbxxUerdq28cj1RbAWkYQm3ybzjb6a8bt518x1s invoke [2]
    Program log: IX: Create Metadata Accounts v3
    Program 11111111111111111111111111111111 invoke [3]
    Program 11111111111111111111111111111111 success
    Program log: Allocate space for the account
    Program 11111111111111111111111111111111 invoke [3]
    Program 11111111111111111111111111111111 success
    Program log: Assign the account to the owning program
    Program 11111111111111111111111111111111 invoke [3]
    Program 11111111111111111111111111111111 success
    Program metaqbxxUerdq28cj1RbAWkYQm3ybzjb6a8bt518x1s consumed 37572 of 129173 compute units
    Program metaqbxxUerdq28cj1RbAWkYQm3ybzjb6a8bt518x1s success
    Program log: LP Token Created!
    Program 8jgWaVWkrQzwHwrW3KCpqG6eheADK8LCD7yEEwo5A7P6 consumed 110610 of 200000 compute units
    Program 8jgWaVWkrQzwHwrW3KCpqG6eheADK8LCD7yEEwo5A7P6 success
Transaction executed in slot 419760543:
  Signature: 3aaySyamKnui13RNCs7vvxN4nWLpRmNpwo4xihFvQJ3BXy3rLaDNh1bahLFiXggYHPeqAK7zqJMpV8JZYEcigkav
  Status: Ok
  Log Messages:
    Program 8jgWaVWkrQzwHwrW3KCpqG6eheADK8LCD7yEEwo5A7P6 invoke [1]
    Program log: Instruction: ProcessDelegatePool
    Program 11111111111111111111111111111111 invoke [2]
    Program 11111111111111111111111111111111 success
    Program 11111111111111111111111111111111 invoke [2]
    Program 11111111111111111111111111111111 success
    Program DELeGGvXpWV2fqJUhqcF5ZSYMS4JTLjteaAMARRSaeSh invoke [2]
    Program 11111111111111111111111111111111 invoke [3]
    Program 11111111111111111111111111111111 success
    Program 11111111111111111111111111111111 invoke [3]
    Program 11111111111111111111111111111111 success
    Program DELeGGvXpWV2fqJUhqcF5ZSYMS4JTLjteaAMARRSaeSh consumed 20442 of 163443 compute units
    Program DELeGGvXpWV2fqJUhqcF5ZSYMS4JTLjteaAMARRSaeSh success
    Program log: Pool account delegated successfully!
    Program 8jgWaVWkrQzwHwrW3KCpqG6eheADK8LCD7yEEwo5A7P6 consumed 59081 of 200000 compute units
    Program 8jgWaVWkrQzwHwrW3KCpqG6eheADK8LCD7yEEwo5A7P6 success
Transaction executed in slot 419760569:
  Signature: 36h5N1SH1Ac8ALFVLgrQoPnKfD4MYLuu2wioPnfMeBZbc6Av2NHy4Kai6ysjYZRNFWPJJrackw9QHez54pyn8MzY
  Status: Ok
  Log Messages:
    Program 8jgWaVWkrQzwHwrW3KCpqG6eheADK8LCD7yEEwo5A7P6 invoke [1]
    Program log: Instruction: ProcessInitializeLiquidityProvider
    Program 11111111111111111111111111111111 invoke [2]
    Program 11111111111111111111111111111111 success
    Program log: Initializing Liquidity Provider...
    Program log: Initialized Liquidity Provider Succesfully!
    Program log: Liquidity Provider Info: Account { account: LiquidityProvider { provider: 3oLMD8mcD1PGmi9p9Y7qQX3661nyoPBcnPo54n7CWjsi, total_liquidity_provided: 0, total_lp_tokens: 0, liquidity_pools_info: [LiquidityPoolInfo { pool: 11111111111111111111111111111111, token_mint: 11111111111111111111111111111111, liquidity_amount: 0, lp_tokens: 0 }, LiquidityPoolInfo { pool: 11111111111111111111111111111111, token_mint: 11111111111111111111111111111111, liquidity_amount: 0, lp_tokens: 0 }, LiquidityPoolInfo { pool: 11111111111111111111111111111111, token_mint: 11111111111111111111111111111111, liquidity_amount: 0, lp_tokens: 0 }, LiquidityPoolInfo { pool: 11111111111111111111111111111111, token_mint: 11111111111111111111111111111111, liquidity_amount: 0, lp_tokens: 0 }, LiquidityPoolInfo { pool: 11111111111111111111111111111111, token_mint: 11111111111111111111111111111111, liquidity_amount: 0, lp_tokens: 0 }, LiquidityPoolInfo { pool: 11111111111111111111111111111111, token_mint: 11111111111111111111111111111111, liquidity_amount: 0, lp_tokens: 0 }, LiquidityPoolInfo { pool: 11111111111111111111111111111111, token_mint: 11111111111111111111111111111111, liquidity_amount: 0, lp_tokens: 0 }, LiquidityPoolInfo { pool: 11111111111111111111111111111111, token_mint: 11111111111111111111111111111111, liquidity_amount: 0, lp_tokens: 0 }, LiquidityPoolInfo { pool: 11111111111111111111111111111111, token_mint: 11111111111111111111111111111111, liquidity_amount: 0, lp_tokens: 0 }, LiquidityPoolInfo { pool: 11111111111111111111111111111111, token_mint: 11111111111111111111111111111111, liquidity_amount: 0, lp_tokens: 0 }], latest_liquidity_provided_on: 0, bump: 252 }, info: AccountInfo { key: DmbV7mH6moQvACdxeinkvTWnjQZvVj9eRV9fhsrjBWcT, owner: 8jgWaVWkrQzwHwrW3KCpqG6eheADK8LCD7yEEwo5A7P6, is_signer: false, is_writable: true, executable: false, rent_epoch: 18446744073709551615, lamports: 6911280, data.len: 865, data: 00000000000000000000000000000000000000000000000000000000000000000000000000000000000000000000000000000000000000000000000000000000, .. } }
    Program 8jgWaVWkrQzwHwrW3KCpqG6eheADK8LCD7yEEwo5A7P6 consumed 103236 of 200000 compute units
    Program 8jgWaVWkrQzwHwrW3KCpqG6eheADK8LCD7yEEwo5A7P6 success
Transaction executed in slot 419760572:
  Signature: 36h5N1SH1Ac8ALFVLgrQoPnKfD4MYLuu2wioPnfMeBZbc6Av2NHy4Kai6ysjYZRNFWPJJrackw9QHez54pyn8MzY
  Status: Ok
  Log Messages:
    Program 8jgWaVWkrQzwHwrW3KCpqG6eheADK8LCD7yEEwo5A7P6 invoke [1]
    Program log: Instruction: ProcessInitializeLiquidityProvider
    Program 11111111111111111111111111111111 invoke [2]
    Program 11111111111111111111111111111111 success
    Program log: Initializing Liquidity Provider...
    Program log: Initialized Liquidity Provider Succesfully!
    Program log: Liquidity Provider Info: Account { account: LiquidityProvider { provider: 3oLMD8mcD1PGmi9p9Y7qQX3661nyoPBcnPo54n7CWjsi, total_liquidity_provided: 0, total_lp_tokens: 0, liquidity_pools_info: [LiquidityPoolInfo { pool: 11111111111111111111111111111111, token_mint: 11111111111111111111111111111111, liquidity_amount: 0, lp_tokens: 0 }, LiquidityPoolInfo { pool: 11111111111111111111111111111111, token_mint: 11111111111111111111111111111111, liquidity_amount: 0, lp_tokens: 0 }, LiquidityPoolInfo { pool: 11111111111111111111111111111111, token_mint: 11111111111111111111111111111111, liquidity_amount: 0, lp_tokens: 0 }, LiquidityPoolInfo { pool: 11111111111111111111111111111111, token_mint: 11111111111111111111111111111111, liquidity_amount: 0, lp_tokens: 0 }, LiquidityPoolInfo { pool: 11111111111111111111111111111111, token_mint: 11111111111111111111111111111111, liquidity_amount: 0, lp_tokens: 0 }, LiquidityPoolInfo { pool: 11111111111111111111111111111111, token_mint: 11111111111111111111111111111111, liquidity_amount: 0, lp_tokens: 0 }, LiquidityPoolInfo { pool: 11111111111111111111111111111111, token_mint: 11111111111111111111111111111111, liquidity_amount: 0, lp_tokens: 0 }, LiquidityPoolInfo { pool: 11111111111111111111111111111111, token_mint: 11111111111111111111111111111111, liquidity_amount: 0, lp_tokens: 0 }, LiquidityPoolInfo { pool: 11111111111111111111111111111111, token_mint: 11111111111111111111111111111111, liquidity_amount: 0, lp_tokens: 0 }, LiquidityPoolInfo { pool: 11111111111111111111111111111111, token_mint: 11111111111111111111111111111111, liquidity_amount: 0, lp_tokens: 0 }], latest_liquidity_provided_on: 0, bump: 252 }, info: AccountInfo { key: DmbV7mH6moQvACdxeinkvTWnjQZvVj9eRV9fhsrjBWcT, owner: 8jgWaVWkrQzwHwrW3KCpqG6eheADK8LCD7yEEwo5A7P6, is_signer: false, is_writable: true, executable: false, rent_epoch: 18446744073709551615, lamports: 6911280, data.len: 865, data: 00000000000000000000000000000000000000000000000000000000000000000000000000000000000000000000000000000000000000000000000000000000, .. } }
    Program 8jgWaVWkrQzwHwrW3KCpqG6eheADK8LCD7yEEwo5A7P6 consumed 103236 of 200000 compute units
    Program 8jgWaVWkrQzwHwrW3KCpqG6eheADK8LCD7yEEwo5A7P6 success
Transaction executed in slot 419760580:
  Signature: aRoE4ZqFukMkT3Pb3XqFdKiHTBAWvEkAR9VLwEFvcKo7PFcmupiCRrxt7mJyEpiHucN1crQ7Ygcu7xXk4GSRgoj
  Status: Ok
  Log Messages:
    Program 8jgWaVWkrQzwHwrW3KCpqG6eheADK8LCD7yEEwo5A7P6 invoke [1]
    Program log: Instruction: ProcessDelegateLiquidityProvider
    Program 11111111111111111111111111111111 invoke [2]
    Program 11111111111111111111111111111111 success
    Program 11111111111111111111111111111111 invoke [2]
    Program 11111111111111111111111111111111 success
    Program DELeGGvXpWV2fqJUhqcF5ZSYMS4JTLjteaAMARRSaeSh invoke [2]
    Program 11111111111111111111111111111111 invoke [3]
    Program 11111111111111111111111111111111 success
    Program 11111111111111111111111111111111 invoke [3]
    Program 11111111111111111111111111111111 success
    Program DELeGGvXpWV2fqJUhqcF5ZSYMS4JTLjteaAMARRSaeSh consumed 20442 of 164490 compute units
    Program DELeGGvXpWV2fqJUhqcF5ZSYMS4JTLjteaAMARRSaeSh success
    Program log: Liquidity Provider account delegated successfully!
    Program 8jgWaVWkrQzwHwrW3KCpqG6eheADK8LCD7yEEwo5A7P6 consumed 59144 of 200000 compute units
    Program 8jgWaVWkrQzwHwrW3KCpqG6eheADK8LCD7yEEwo5A7P6 success
Transaction executed in slot 419760609:
  Signature: 4DpqWY55EmrpsdseB7rLFsW5VrCQHf4XcfRDLJHFZtZnCY5m1f68SUkQKRZVzyA9m8GV1bDSJkDyNUAKyUQjQjMz
  Status: Ok
  Log Messages:
    Program 8jgWaVWkrQzwHwrW3KCpqG6eheADK8LCD7yEEwo5A7P6 invoke [1]
    Program log: Instruction: ProcessDepositAddLiquidityOnChain
    Program 11111111111111111111111111111111 invoke [2]
    Program 11111111111111111111111111111111 success
    Program TokenkegQfeZyiNwAJbNbGKPFXCWuBvf9Ss623VQ5DA invoke [2]
    Program log: Instruction: Transfer
    Program TokenkegQfeZyiNwAJbNbGKPFXCWuBvf9Ss623VQ5DA consumed 4645 of 164341 compute units
    Program TokenkegQfeZyiNwAJbNbGKPFXCWuBvf9Ss623VQ5DA success
    Program log: Transferred 100 of Token A to Vault
    Program TokenkegQfeZyiNwAJbNbGKPFXCWuBvf9Ss623VQ5DA invoke [2]
    Program log: Instruction: Transfer
    Program TokenkegQfeZyiNwAJbNbGKPFXCWuBvf9Ss623VQ5DA consumed 4645 of 157037 compute units
    Program TokenkegQfeZyiNwAJbNbGKPFXCWuBvf9Ss623VQ5DA success
    Program log: Transferred 100 of Token B to Vault
    Program log: Deposit Recept created successfully!
    Program 8jgWaVWkrQzwHwrW3KCpqG6eheADK8LCD7yEEwo5A7P6 consumed 51160 of 200000 compute units
    Program 8jgWaVWkrQzwHwrW3KCpqG6eheADK8LCD7yEEwo5A7P6 success
Transaction executed in slot 419760619:
  Signature: cEJMr6nbWBo2etXDpU3ibLBZNa9AuGUcKEze5QYQZiLrz6ATeC3kgKsedbLfdyWh4X84SuCgkfmT3oPb9Gp87SZ
  Status: Ok
  Log Messages:
    Program 8jgWaVWkrQzwHwrW3KCpqG6eheADK8LCD7yEEwo5A7P6 invoke [1]
    Program log: Instruction: ProcessDelegateAddLiquidityReceipt
    Program 11111111111111111111111111111111 invoke [2]
    Program 11111111111111111111111111111111 success
    Program 11111111111111111111111111111111 invoke [2]
    Program 11111111111111111111111111111111 success
    Program DELeGGvXpWV2fqJUhqcF5ZSYMS4JTLjteaAMARRSaeSh invoke [2]
    Program 11111111111111111111111111111111 invoke [3]
    Program 11111111111111111111111111111111 success
    Program 11111111111111111111111111111111 invoke [3]
    Program 11111111111111111111111111111111 success
    Program DELeGGvXpWV2fqJUhqcF5ZSYMS4JTLjteaAMARRSaeSh consumed 12942 of 177643 compute units
    Program DELeGGvXpWV2fqJUhqcF5ZSYMS4JTLjteaAMARRSaeSh success
    Program log: Deposit receipt delegated successfully!
    Program log: Receipt : Account { account: DepositRecept { pool: 3yax52eYkM4x2Kxt3LtbLqnx5AfPG42UpRKbbrcMdTxk, liquidity_provider: 3oLMD8mcD1PGmi9p9Y7qQX3661nyoPBcnPo54n7CWjsi, amount_a: 100, amount_b: 100, lp_tokens_minted: 100 }, info: AccountInfo { key: 65M7g7CEo4FACLzeJwRF2KCmjyUUqupBwNoPRjEqosCf, owner: DELeGGvXpWV2fqJUhqcF5ZSYMS4JTLjteaAMARRSaeSh, is_signer: false, is_writable: true, executable: false, rent_epoch: 18446744073709551615, lamports: 1559040, data.len: 96, data: 18c27466c6ffe9bf2c364934343e43b147b463bbb3205c14afd1f6c2b96b5bddc366d61d90e29f492995f7ea09c9626110796e05bcfee0988df63805361f9284, .. } }
    Program 8jgWaVWkrQzwHwrW3KCpqG6eheADK8LCD7yEEwo5A7P6 consumed 66746 of 200000 compute units
    Program 8jgWaVWkrQzwHwrW3KCpqG6eheADK8LCD7yEEwo5A7P6 success
Transaction executed in slot 419760665:
  Signature: bQqZF8huq976oget4XH7mya5wtj7gRyTgYWGof87Luz8eBZv85vforh2mfhhox3dZxjM4r4P6dc8kAFHMSiyGTX
  Status: Ok
  Log Messages:
    Program 8jgWaVWkrQzwHwrW3KCpqG6eheADK8LCD7yEEwo5A7P6 invoke [1]
    Program log: Instruction: ProcessMintLpTokens
    Program log: Minting 50 LP tokens on-chain to provider
    Program TokenkegQfeZyiNwAJbNbGKPFXCWuBvf9Ss623VQ5DA invoke [2]
    Program log: Instruction: MintTo
    Program TokenkegQfeZyiNwAJbNbGKPFXCWuBvf9Ss623VQ5DA consumed 4538 of 184975 compute units
    Program TokenkegQfeZyiNwAJbNbGKPFXCWuBvf9Ss623VQ5DA success
    Program log: Successfully minted 50 LP tokens on-chain
    Program 8jgWaVWkrQzwHwrW3KCpqG6eheADK8LCD7yEEwo5A7P6 consumed 20391 of 200000 compute units
    Program 8jgWaVWkrQzwHwrW3KCpqG6eheADK8LCD7yEEwo5A7P6 success
