Streaming transaction logs mentioning 8YA9mDpcX8kTrGdcZbFyRnJ2uTLsEn6qTpD8FQmMcBm4. Confirmed commitment
Transaction executed in slot 419656151:
  Signature: 5tVnrSp86K2ajTELxnNspe4bmoggPymDAYssZMWHGZqnAryYDpa3js2gZt8JYr8KEBeYmNTw4fJDe8oDukNuTAey
  Status: Ok
  Log Messages:
    Program 8YA9mDpcX8kTrGdcZbFyRnJ2uTLsEn6qTpD8FQmMcBm4 invoke [1]
    Program log: Instruction: Initialize
    Program log: Greetings from: 8YA9mDpcX8kTrGdcZbFyRnJ2uTLsEn6qTpD8FQmMcBm4
    Program 8YA9mDpcX8kTrGdcZbFyRnJ2uTLsEn6qTpD8FQmMcBm4 consumed 2963 of 200000 compute units
    Program 8YA9mDpcX8kTrGdcZbFyRnJ2uTLsEn6qTpD8FQmMcBm4 success
Transaction executed in slot 419656154:
  Signature: 2mQPZhDW7i73jNZUopYUJc7oxa1c3Z3mtyY1egK7228P7qcPK1Y9huYSZ4JCgcVnH966dDw9JVVUBGMeD8f25ku7
  Status: Ok
  Log Messages:
    Program 8YA9mDpcX8kTrGdcZbFyRnJ2uTLsEn6qTpD8FQmMcBm4 invoke [1]
    Program log: Instruction: ProcessInitializePool
    Program 11111111111111111111111111111111 invoke [2]
    Program 11111111111111111111111111111111 success
    Program TokenkegQfeZyiNwAJbNbGKPFXCWuBvf9Ss623VQ5DA invoke [2]
    Program log: Instruction: InitializeMint2
    Program TokenkegQfeZyiNwAJbNbGKPFXCWuBvf9Ss623VQ5DA consumed 2828 of 185022 compute units
    Program TokenkegQfeZyiNwAJbNbGKPFXCWuBvf9Ss623VQ5DA success
    Program 11111111111111111111111111111111 invoke [2]
    Program 11111111111111111111111111111111 success
    Program TokenkegQfeZyiNwAJbNbGKPFXCWuBvf9Ss623VQ5DA invoke [2]
    Program log: Instruction: InitializeAccount3
    Program TokenkegQfeZyiNwAJbNbGKPFXCWuBvf9Ss623VQ5DA consumed 4241 of 168538 compute units
    Program TokenkegQfeZyiNwAJbNbGKPFXCWuBvf9Ss623VQ5DA success
    Program 11111111111111111111111111111111 invoke [2]
    Program 11111111111111111111111111111111 success
    Program 11111111111111111111111111111111 invoke [2]
    Program 11111111111111111111111111111111 success
    Program TokenkegQfeZyiNwAJbNbGKPFXCWuBvf9Ss623VQ5DA invoke [2]
    Program log: Instruction: InitializeAccount3
    Program TokenkegQfeZyiNwAJbNbGKPFXCWuBvf9Ss623VQ5DA consumed 4214 of 149969 compute units
    Program TokenkegQfeZyiNwAJbNbGKPFXCWuBvf9Ss623VQ5DA success
    Program 11111111111111111111111111111111 invoke [2]
    Program 11111111111111111111111111111111 success
    Program TokenkegQfeZyiNwAJbNbGKPFXCWuBvf9Ss623VQ5DA invoke [2]
    Program log: Instruction: InitializeAccount3
    Program TokenkegQfeZyiNwAJbNbGKPFXCWuBvf9Ss623VQ5DA consumed 4214 of 137940 compute units
    Program TokenkegQfeZyiNwAJbNbGKPFXCWuBvf9Ss623VQ5DA success
    Program log: Initializing Liquidity Pool...
    Program log: Liquidity Pool Initialized Successfully!
    Program log: Creating LP Token Metadata...
    Program metaqbxxUerdq28cj1RbAWkYQm3ybzjb6a8bt518x1s invoke [2]
    Program log: IX: Create Metadata Accounts v3
    Program 11111111111111111111111111111111 invoke [3]
    Program 11111111111111111111111111111111 success
    Program log: Allocate space for the account
    Program 11111111111111111111111111111111 invoke [3]
    Program 11111111111111111111111111111111 success
    Program log: Assign the account to the owning program
    Program 11111111111111111111111111111111 invoke [3]
    Program 11111111111111111111111111111111 success
    Program metaqbxxUerdq28cj1RbAWkYQm3ybzjb6a8bt518x1s consumed 34572 of 126173 compute units
    Program metaqbxxUerdq28cj1RbAWkYQm3ybzjb6a8bt518x1s success
    Program log: LP Token Created!
    Program 8YA9mDpcX8kTrGdcZbFyRnJ2uTLsEn6qTpD8FQmMcBm4 consumed 110610 of 200000 compute units
    Program 8YA9mDpcX8kTrGdcZbFyRnJ2uTLsEn6qTpD8FQmMcBm4 success
Transaction executed in slot 419656172:
  Signature: 2WFeWqm7DuxAveLVP6xvNwbMekZCQ4SiWDV657H6fXGAFzz2zJJejK4VN97FxYnH4e3R9zopVqxKrdNZtUd6NMke
  Status: Ok
  Log Messages:
    Program 8YA9mDpcX8kTrGdcZbFyRnJ2uTLsEn6qTpD8FQmMcBm4 invoke [1]
    Program log: Instruction: ProcessDelegatePool
    Program 11111111111111111111111111111111 invoke [2]
    Program 11111111111111111111111111111111 success
    Program 11111111111111111111111111111111 invoke [2]
    Program 11111111111111111111111111111111 success
    Program DELeGGvXpWV2fqJUhqcF5ZSYMS4JTLjteaAMARRSaeSh invoke [2]
    Program 11111111111111111111111111111111 invoke [3]
    Program 11111111111111111111111111111111 success
    Program 11111111111111111111111111111111 invoke [3]
    Program 11111111111111111111111111111111 success
    Program DELeGGvXpWV2fqJUhqcF5ZSYMS4JTLjteaAMARRSaeSh consumed 14442 of 173943 compute units
    Program DELeGGvXpWV2fqJUhqcF5ZSYMS4JTLjteaAMARRSaeSh success
    Program log: Pool account delegated successfully!
    Program 8YA9mDpcX8kTrGdcZbFyRnJ2uTLsEn6qTpD8FQmMcBm4 consumed 42576 of 200000 compute units
    Program 8YA9mDpcX8kTrGdcZbFyRnJ2uTLsEn6qTpD8FQmMcBm4 success
Transaction executed in slot 419656201:
  Signature: 4Z7ayf3jZ1yxzZuyZHKFHGpKt133artwBmFobejwna9TUndbuvo5aykdNbmbTzp5gZTSvevmu6f4cTx1euwCPVb8
  Status: Ok
  Log Messages:
    Program 8YA9mDpcX8kTrGdcZbFyRnJ2uTLsEn6qTpD8FQmMcBm4 invoke [1]
    Program log: Instruction: ProcessInitializeLiquidityProvider
    Program 11111111111111111111111111111111 invoke [2]
    Program 11111111111111111111111111111111 success
    Program log: Initializing Liquidity Provider...
    Program log: Initialized Liquidity Provider Succesfully!
    Program log: Liquidity Provider Info: Account { account: LiquidityProvider { provider: 3oLMD8mcD1PGmi9p9Y7qQX3661nyoPBcnPo54n7CWjsi, total_liquidity_provided: 0, total_lp_tokens: 0, liquidity_pools_info: [LiquidityPoolInfo { pool: 11111111111111111111111111111111, token_mint: 11111111111111111111111111111111, liquidity_amount: 0, lp_tokens: 0 }, LiquidityPoolInfo { pool: 11111111111111111111111111111111, token_mint: 11111111111111111111111111111111, liquidity_amount: 0, lp_tokens: 0 }, LiquidityPoolInfo { pool: 11111111111111111111111111111111, token_mint: 11111111111111111111111111111111, liquidity_amount: 0, lp_tokens: 0 }, LiquidityPoolInfo { pool: 11111111111111111111111111111111, token_mint: 11111111111111111111111111111111, liquidity_amount: 0, lp_tokens: 0 }, LiquidityPoolInfo { pool: 11111111111111111111111111111111, token_mint: 11111111111111111111111111111111, liquidity_amount: 0, lp_tokens: 0 }, LiquidityPoolInfo { pool: 11111111111111111111111111111111, token_mint: 11111111111111111111111111111111, liquidity_amount: 0, lp_tokens: 0 }, LiquidityPoolInfo { pool: 11111111111111111111111111111111, token_mint: 11111111111111111111111111111111, liquidity_amount: 0, lp_tokens: 0 }, LiquidityPoolInfo { pool: 11111111111111111111111111111111, token_mint: 11111111111111111111111111111111, liquidity_amount: 0, lp_tokens: 0 }, LiquidityPoolInfo { pool: 11111111111111111111111111111111, token_mint: 11111111111111111111111111111111, liquidity_amount: 0, lp_tokens: 0 }, LiquidityPoolInfo { pool: 11111111111111111111111111111111, token_mint: 11111111111111111111111111111111, liquidity_amount: 0, lp_tokens: 0 }], latest_liquidity_provided_on: 0, bump: 255 }, info: AccountInfo { key: HjsNi4RHgdqNwSGMLsRAjnz1yqCy69pkoJ45zzDCaRZL, owner: 8YA9mDpcX8kTrGdcZbFyRnJ2uTLsEn6qTpD8FQmMcBm4, is_signer: false, is_writable: true, executable: false, rent_epoch: 18446744073709551615, lamports: 6911280, data.len: 865, data: 00000000000000000000000000000000000000000000000000000000000000000000000000000000000000000000000000000000000000000000000000000000, .. } }
    Program 8YA9mDpcX8kTrGdcZbFyRnJ2uTLsEn6qTpD8FQmMcBm4 consumed 98736 of 200000 compute units
    Program 8YA9mDpcX8kTrGdcZbFyRnJ2uTLsEn6qTpD8FQmMcBm4 success
Transaction executed in slot 419656210:
  Signature: 3WCvqjwJ5dikejLMM1MShmHUTHWK6SzAGaszNLVS1Tg7XqCBWu6pcJENVJaSsWpmDZu6D2jUYsic5EGi96xEXUPY
  Status: Ok
  Log Messages:
    Program 8YA9mDpcX8kTrGdcZbFyRnJ2uTLsEn6qTpD8FQmMcBm4 invoke [1]
    Program log: Instruction: ProcessDelegateLiquidityProvider
    Program 11111111111111111111111111111111 invoke [2]
    Program 11111111111111111111111111111111 success
    Program 11111111111111111111111111111111 invoke [2]
    Program 11111111111111111111111111111111 success
    Program DELeGGvXpWV2fqJUhqcF5ZSYMS4JTLjteaAMARRSaeSh invoke [2]
    Program 11111111111111111111111111111111 invoke [3]
    Program 11111111111111111111111111111111 success
    Program 11111111111111111111111111111111 invoke [3]
    Program 11111111111111111111111111111111 success
    Program DELeGGvXpWV2fqJUhqcF5ZSYMS4JTLjteaAMARRSaeSh consumed 26442 of 153990 compute units
    Program DELeGGvXpWV2fqJUhqcF5ZSYMS4JTLjteaAMARRSaeSh success
    Program log: Liquidity Provider account delegated successfully!
    Program 8YA9mDpcX8kTrGdcZbFyRnJ2uTLsEn6qTpD8FQmMcBm4 consumed 75639 of 200000 compute units
    Program 8YA9mDpcX8kTrGdcZbFyRnJ2uTLsEn6qTpD8FQmMcBm4 success
Transaction executed in slot 419656238:
  Signature: 5RGWT1PKngJxHWyGShh746o9p5TepqmGzgsWhDYKA3meBS7eiw2bUBjZwkUcKsZXeAXGSqJ2vUZN7zE4A6yEgeAV
  Status: Ok
  Log Messages:
    Program 8YA9mDpcX8kTrGdcZbFyRnJ2uTLsEn6qTpD8FQmMcBm4 invoke [1]
    Program log: Instruction: ProcessDepositAddLiquidityOnChain
    Program 11111111111111111111111111111111 invoke [2]
    Program 11111111111111111111111111111111 success
    Program TokenkegQfeZyiNwAJbNbGKPFXCWuBvf9Ss623VQ5DA invoke [2]
    Program log: Instruction: Transfer
    Program TokenkegQfeZyiNwAJbNbGKPFXCWuBvf9Ss623VQ5DA consumed 4645 of 164341 compute units
    Program TokenkegQfeZyiNwAJbNbGKPFXCWuBvf9Ss623VQ5DA success
    Program log: Transferred 100 of Token A to Vault
    Program TokenkegQfeZyiNwAJbNbGKPFXCWuBvf9Ss623VQ5DA invoke [2]
    Program log: Instruction: Transfer
    Program TokenkegQfeZyiNwAJbNbGKPFXCWuBvf9Ss623VQ5DA consumed 4645 of 157037 compute units
    Program TokenkegQfeZyiNwAJbNbGKPFXCWuBvf9Ss623VQ5DA success
    Program log: Transferred 100 of Token B to Vault
    Program log: Deposit Recept created successfully!
    Program 8YA9mDpcX8kTrGdcZbFyRnJ2uTLsEn6qTpD8FQmMcBm4 consumed 51160 of 200000 compute units
    Program 8YA9mDpcX8kTrGdcZbFyRnJ2uTLsEn6qTpD8FQmMcBm4 success
Transaction executed in slot 419656252:
  Signature: vWNNoiXPB9T2pHnadigdWofmc8yvmPnf2Sbd4cvsmUPsE9NVp8MMLaZ1j5Bo9Q6DhKzqZGZ8h8ThZhHB4ZxfKs9
  Status: Ok
  Log Messages:
    Program 8YA9mDpcX8kTrGdcZbFyRnJ2uTLsEn6qTpD8FQmMcBm4 invoke [1]
    Program log: Instruction: ProcessDelegateAddLiquidityReceipt
    Program 11111111111111111111111111111111 invoke [2]
    Program 11111111111111111111111111111111 success
    Program 11111111111111111111111111111111 invoke [2]
    Program 11111111111111111111111111111111 success
    Program DELeGGvXpWV2fqJUhqcF5ZSYMS4JTLjteaAMARRSaeSh invoke [2]
    Program 11111111111111111111111111111111 invoke [3]
    Program 11111111111111111111111111111111 success
    Program 11111111111111111111111111111111 invoke [3]
    Program 11111111111111111111111111111111 success
    Program DELeGGvXpWV2fqJUhqcF5ZSYMS4JTLjteaAMARRSaeSh consumed 18942 of 165643 compute units
    Program DELeGGvXpWV2fqJUhqcF5ZSYMS4JTLjteaAMARRSaeSh success
    Program log: Deposit receipt delegated successfully!
    Program log: Receipt : Account { account: DepositRecept { pool: DoZqxBS1LJ3RGqZpi5PVeoW4UVBwG8NRJMA2n5tTJwoS, liquidity_provider: 3oLMD8mcD1PGmi9p9Y7qQX3661nyoPBcnPo54n7CWjsi, amount_a: 100, amount_b: 100, lp_tokens_minted: 100 }, info: AccountInfo { key: GN1AmASbcwCBiJ8RHvS6H6F5iYWrYyDjXq8EgqLpRiqq, owner: DELeGGvXpWV2fqJUhqcF5ZSYMS4JTLjteaAMARRSaeSh, is_signer: false, is_writable: true, executable: false, rent_epoch: 18446744073709551615, lamports: 1559040, data.len: 96, data: 18c27466c6ffe9bfbe3a18dedea992adcaae339bf4f31fddfb6e0bb7cd78897817121fc641c183c52995f7ea09c9626110796e05bcfee0988df63805361f9284, .. } }
    Program 8YA9mDpcX8kTrGdcZbFyRnJ2uTLsEn6qTpD8FQmMcBm4 consumed 84818 of 200000 compute units
    Program 8YA9mDpcX8kTrGdcZbFyRnJ2uTLsEn6qTpD8FQmMcBm4 success
