Streaming transaction logs mentioning CzwQU6jk9B3a2aBx5eXS5iJWeECtXYBM3HAYgfQ1bcMA. Confirmed commitment
Transaction executed in slot 419972435:
  Signature: 5qeh8Z4191fPmzdohgZpneRGKbUNWNuPYPf9toQNDTwxFLNys9eavW4KcsYurLQt7kcjMRBQtDD6BbxE9YRjoe2D
  Status: Ok
  Log Messages:
    Program CzwQU6jk9B3a2aBx5eXS5iJWeECtXYBM3HAYgfQ1bcMA invoke [1]
    Program log: Instruction: Initialize
    Program log: Greetings from: CzwQU6jk9B3a2aBx5eXS5iJWeECtXYBM3HAYgfQ1bcMA
    Program CzwQU6jk9B3a2aBx5eXS5iJWeECtXYBM3HAYgfQ1bcMA consumed 2963 of 200000 compute units
    Program CzwQU6jk9B3a2aBx5eXS5iJWeECtXYBM3HAYgfQ1bcMA success
Transaction executed in slot 419972437:
  Signature: 5pcqeM2u76sSwhW8gTyKbP3tBE8VoSrKaLMUm5AYen2jdabsCw9PQ9UtLKWqXaFTu9QzHmP4DivVneA6pZX6oGdB
  Status: Ok
  Log Messages:
    Program CzwQU6jk9B3a2aBx5eXS5iJWeECtXYBM3HAYgfQ1bcMA invoke [1]
    Program log: Instruction: ProcessInitializePool
    Program 11111111111111111111111111111111 invoke [2]
    Program 11111111111111111111111111111111 success
    Program TokenkegQfeZyiNwAJbNbGKPFXCWuBvf9Ss623VQ5DA invoke [2]
    Program log: Instruction: InitializeMint2
    Program TokenkegQfeZyiNwAJbNbGKPFXCWuBvf9Ss623VQ5DA consumed 2828 of 185022 compute units
    Program TokenkegQfeZyiNwAJbNbGKPFXCWuBvf9Ss623VQ5DA success
    Program 11111111111111111111111111111111 invoke [2]
    Program 11111111111111111111111111111111 success
    Program TokenkegQfeZyiNwAJbNbGKPFXCWuBvf9Ss623VQ5DA invoke [2]
    Program log: Instruction: InitializeAccount3
    Program TokenkegQfeZyiNwAJbNbGKPFXCWuBvf9Ss623VQ5DA consumed 4241 of 173038 compute units
    Program TokenkegQfeZyiNwAJbNbGKPFXCWuBvf9Ss623VQ5DA success
    Program 11111111111111111111111111111111 invoke [2]
    Program 11111111111111111111111111111111 success
    Program 11111111111111111111111111111111 invoke [2]
    Program 11111111111111111111111111111111 success
    Program TokenkegQfeZyiNwAJbNbGKPFXCWuBvf9Ss623VQ5DA invoke [2]
    Program log: Instruction: InitializeAccount3
    Program TokenkegQfeZyiNwAJbNbGKPFXCWuBvf9Ss623VQ5DA consumed 4214 of 149969 compute units
    Program TokenkegQfeZyiNwAJbNbGKPFXCWuBvf9Ss623VQ5DA success
    Program 11111111111111111111111111111111 invoke [2]
    Program 11111111111111111111111111111111 success
    Program TokenkegQfeZyiNwAJbNbGKPFXCWuBvf9Ss623VQ5DA invoke [2]
    Program log: Instruction: InitializeAccount3
    Program TokenkegQfeZyiNwAJbNbGKPFXCWuBvf9Ss623VQ5DA consumed 4214 of 133440 compute units
    Program TokenkegQfeZyiNwAJbNbGKPFXCWuBvf9Ss623VQ5DA success
    Program log: Initializing Liquidity Pool...
    Program log: Liquidity Pool Initialized Successfully!
    Program log: Creating LP Token Metadata...
    Program metaqbxxUerdq28cj1RbAWkYQm3ybzjb6a8bt518x1s invoke [2]
    Program log: IX: Create Metadata Accounts v3
    Program 11111111111111111111111111111111 invoke [3]
    Program 11111111111111111111111111111111 success
    Program log: Allocate space for the account
    Program 11111111111111111111111111111111 invoke [3]
    Program 11111111111111111111111111111111 success
    Program log: Assign the account to the owning program
    Program 11111111111111111111111111111111 invoke [3]
    Program 11111111111111111111111111111111 success
    Program metaqbxxUerdq28cj1RbAWkYQm3ybzjb6a8bt518x1s consumed 42072 of 121673 compute units
    Program metaqbxxUerdq28cj1RbAWkYQm3ybzjb6a8bt518x1s success
    Program log: LP Token Created!
    Program CzwQU6jk9B3a2aBx5eXS5iJWeECtXYBM3HAYgfQ1bcMA consumed 122610 of 200000 compute units
    Program CzwQU6jk9B3a2aBx5eXS5iJWeECtXYBM3HAYgfQ1bcMA success
Transaction executed in slot 419972460:
  Signature: 4ubqRfjjPkfF6kF7hfNCrdRr7CQzTvz7CKzHzFxXf1p3EL5w9nd1UAZ4v2fQcwV5xUFms2WYpVNCH9VnjtmwLitV
  Status: Ok
  Log Messages:
    Program CzwQU6jk9B3a2aBx5eXS5iJWeECtXYBM3HAYgfQ1bcMA invoke [1]
    Program log: Instruction: ProcessDelegatePool
    Program 11111111111111111111111111111111 invoke [2]
    Program 11111111111111111111111111111111 success
    Program 11111111111111111111111111111111 invoke [2]
    Program 11111111111111111111111111111111 success
    Program DELeGGvXpWV2fqJUhqcF5ZSYMS4JTLjteaAMARRSaeSh invoke [2]
    Program 11111111111111111111111111111111 invoke [3]
    Program 11111111111111111111111111111111 success
    Program 11111111111111111111111111111111 invoke [3]
    Program 11111111111111111111111111111111 success
    Program DELeGGvXpWV2fqJUhqcF5ZSYMS4JTLjteaAMARRSaeSh consumed 21942 of 163443 compute units
    Program DELeGGvXpWV2fqJUhqcF5ZSYMS4JTLjteaAMARRSaeSh success
    Program log: Pool account delegated successfully!
    Program CzwQU6jk9B3a2aBx5eXS5iJWeECtXYBM3HAYgfQ1bcMA consumed 60581 of 200000 compute units
    Program CzwQU6jk9B3a2aBx5eXS5iJWeECtXYBM3HAYgfQ1bcMA success
Transaction executed in slot 419972487:
  Signature: 2wdrmwJPDyYoNKDPFpP9Ruf4FA31ECJJaj4TbzXWLEaXJ6CcXUZo4JY2Cyn3ubs61NBxEfgYMjpK2dq366sorvmK
  Status: Ok
  Log Messages:
    Program CzwQU6jk9B3a2aBx5eXS5iJWeECtXYBM3HAYgfQ1bcMA invoke [1]
    Program log: Instruction: ProcessInitializeLiquidityProvider
    Program 11111111111111111111111111111111 invoke [2]
    Program 11111111111111111111111111111111 success
    Program log: Initializing Liquidity Provider...
    Program log: Initialized Liquidity Provider Succesfully!
    Program log: Liquidity Provider Info: Account { account: LiquidityProvider { provider: 3oLMD8mcD1PGmi9p9Y7qQX3661nyoPBcnPo54n7CWjsi, total_liquidity_provided: 0, total_lp_tokens: 0, liquidity_pools_info: [LiquidityPoolInfo { pool: 11111111111111111111111111111111, token_mint: 11111111111111111111111111111111, liquidity_amount: 0, lp_tokens: 0 }, LiquidityPoolInfo { pool: 11111111111111111111111111111111, token_mint: 11111111111111111111111111111111, liquidity_amount: 0, lp_tokens: 0 }, LiquidityPoolInfo { pool: 11111111111111111111111111111111, token_mint: 11111111111111111111111111111111, liquidity_amount: 0, lp_tokens: 0 }, LiquidityPoolInfo { pool: 11111111111111111111111111111111, token_mint: 11111111111111111111111111111111, liquidity_amount: 0, lp_tokens: 0 }, LiquidityPoolInfo { pool: 11111111111111111111111111111111, token_mint: 11111111111111111111111111111111, liquidity_amount: 0, lp_tokens: 0 }, LiquidityPoolInfo { pool: 11111111111111111111111111111111, token_mint: 11111111111111111111111111111111, liquidity_amount: 0, lp_tokens: 0 }, LiquidityPoolInfo { pool: 11111111111111111111111111111111, token_mint: 11111111111111111111111111111111, liquidity_amount: 0, lp_tokens: 0 }, LiquidityPoolInfo { pool: 11111111111111111111111111111111, token_mint: 11111111111111111111111111111111, liquidity_amount: 0, lp_tokens: 0 }, LiquidityPoolInfo { pool: 11111111111111111111111111111111, token_mint: 11111111111111111111111111111111, liquidity_amount: 0, lp_tokens: 0 }, LiquidityPoolInfo { pool: 11111111111111111111111111111111, token_mint: 11111111111111111111111111111111, liquidity_amount: 0, lp_tokens: 0 }], latest_liquidity_provided_on: 0, bump: 255 }, info: AccountInfo { key: 21FykbwfBs2Y6RZXqcKtBvfvetixNnm3QdTcWfQCQo7x, owner: CzwQU6jk9B3a2aBx5eXS5iJWeECtXYBM3HAYgfQ1bcMA, is_signer: false, is_writable: true, executable: false, rent_epoch: 18446744073709551615, lamports: 6911280, data.len: 865, data: 00000000000000000000000000000000000000000000000000000000000000000000000000000000000000000000000000000000000000000000000000000000, .. } }
    Program CzwQU6jk9B3a2aBx5eXS5iJWeECtXYBM3HAYgfQ1bcMA consumed 98736 of 200000 compute units
    Program CzwQU6jk9B3a2aBx5eXS5iJWeECtXYBM3HAYgfQ1bcMA success
Transaction executed in slot 419972488:
  Signature: 2wdrmwJPDyYoNKDPFpP9Ruf4FA31ECJJaj4TbzXWLEaXJ6CcXUZo4JY2Cyn3ubs61NBxEfgYMjpK2dq366sorvmK
  Status: Ok
  Log Messages:
    Program CzwQU6jk9B3a2aBx5eXS5iJWeECtXYBM3HAYgfQ1bcMA invoke [1]
    Program log: Instruction: ProcessInitializeLiquidityProvider
    Program 11111111111111111111111111111111 invoke [2]
    Program 11111111111111111111111111111111 success
    Program log: Initializing Liquidity Provider...
    Program log: Initialized Liquidity Provider Succesfully!
    Program log: Liquidity Provider Info: Account { account: LiquidityProvider { provider: 3oLMD8mcD1PGmi9p9Y7qQX3661nyoPBcnPo54n7CWjsi, total_liquidity_provided: 0, total_lp_tokens: 0, liquidity_pools_info: [LiquidityPoolInfo { pool: 11111111111111111111111111111111, token_mint: 11111111111111111111111111111111, liquidity_amount: 0, lp_tokens: 0 }, LiquidityPoolInfo { pool: 11111111111111111111111111111111, token_mint: 11111111111111111111111111111111, liquidity_amount: 0, lp_tokens: 0 }, LiquidityPoolInfo { pool: 11111111111111111111111111111111, token_mint: 11111111111111111111111111111111, liquidity_amount: 0, lp_tokens: 0 }, LiquidityPoolInfo { pool: 11111111111111111111111111111111, token_mint: 11111111111111111111111111111111, liquidity_amount: 0, lp_tokens: 0 }, LiquidityPoolInfo { pool: 11111111111111111111111111111111, token_mint: 11111111111111111111111111111111, liquidity_amount: 0, lp_tokens: 0 }, LiquidityPoolInfo { pool: 11111111111111111111111111111111, token_mint: 11111111111111111111111111111111, liquidity_amount: 0, lp_tokens: 0 }, LiquidityPoolInfo { pool: 11111111111111111111111111111111, token_mint: 11111111111111111111111111111111, liquidity_amount: 0, lp_tokens: 0 }, LiquidityPoolInfo { pool: 11111111111111111111111111111111, token_mint: 11111111111111111111111111111111, liquidity_amount: 0, lp_tokens: 0 }, LiquidityPoolInfo { pool: 11111111111111111111111111111111, token_mint: 11111111111111111111111111111111, liquidity_amount: 0, lp_tokens: 0 }, LiquidityPoolInfo { pool: 11111111111111111111111111111111, token_mint: 11111111111111111111111111111111, liquidity_amount: 0, lp_tokens: 0 }], latest_liquidity_provided_on: 0, bump: 255 }, info: AccountInfo { key: 21FykbwfBs2Y6RZXqcKtBvfvetixNnm3QdTcWfQCQo7x, owner: CzwQU6jk9B3a2aBx5eXS5iJWeECtXYBM3HAYgfQ1bcMA, is_signer: false, is_writable: true, executable: false, rent_epoch: 18446744073709551615, lamports: 6911280, data.len: 865, data: 00000000000000000000000000000000000000000000000000000000000000000000000000000000000000000000000000000000000000000000000000000000, .. } }
    Program CzwQU6jk9B3a2aBx5eXS5iJWeECtXYBM3HAYgfQ1bcMA consumed 98736 of 200000 compute units
    Program CzwQU6jk9B3a2aBx5eXS5iJWeECtXYBM3HAYgfQ1bcMA success
Transaction executed in slot 419972505:
  Signature: 4VwWQrbAYKcL74ovMRHipFHQbrsRnQk3eSsbXy7geNjmiH3ve2kDgxkzhgMTFwp5pJuWmgqkTskhaBhUGq4UWB5e
  Status: Ok
  Log Messages:
    Program CzwQU6jk9B3a2aBx5eXS5iJWeECtXYBM3HAYgfQ1bcMA invoke [1]
    Program log: Instruction: ProcessDelegateLiquidityProvider
    Program 11111111111111111111111111111111 invoke [2]
    Program 11111111111111111111111111111111 success
    Program 11111111111111111111111111111111 invoke [2]
    Program 11111111111111111111111111111111 success
    Program DELeGGvXpWV2fqJUhqcF5ZSYMS4JTLjteaAMARRSaeSh invoke [2]
    Program 11111111111111111111111111111111 invoke [3]
    Program 11111111111111111111111111111111 success
    Program 11111111111111111111111111111111 invoke [3]
    Program 11111111111111111111111111111111 success
    Program DELeGGvXpWV2fqJUhqcF5ZSYMS4JTLjteaAMARRSaeSh consumed 18942 of 167490 compute units
    Program DELeGGvXpWV2fqJUhqcF5ZSYMS4JTLjteaAMARRSaeSh success
    Program log: Liquidity Provider account delegated successfully!
    Program CzwQU6jk9B3a2aBx5eXS5iJWeECtXYBM3HAYgfQ1bcMA consumed 54644 of 200000 compute units
    Program CzwQU6jk9B3a2aBx5eXS5iJWeECtXYBM3HAYgfQ1bcMA success
Transaction executed in slot 419972531:
  Signature: 3fhHeZqmmU7LrGhGvfwc84kftnZcJt63oDdWnGGfRuiUzD45WkXHV2LwUb4d9x21gZRQ7JjGrdmWEDNvvPnkcHxB
  Status: Ok
  Log Messages:
    Program CzwQU6jk9B3a2aBx5eXS5iJWeECtXYBM3HAYgfQ1bcMA invoke [1]
    Program log: Instruction: ProcessDepositAddLiquidityOnChain
    Program 11111111111111111111111111111111 invoke [2]
    Program 11111111111111111111111111111111 success
    Program TokenkegQfeZyiNwAJbNbGKPFXCWuBvf9Ss623VQ5DA invoke [2]
    Program log: Instruction: Transfer
    Program TokenkegQfeZyiNwAJbNbGKPFXCWuBvf9Ss623VQ5DA consumed 4645 of 156841 compute units
    Program TokenkegQfeZyiNwAJbNbGKPFXCWuBvf9Ss623VQ5DA success
    Program log: Transferred 100 of Token A to Vault
    Program TokenkegQfeZyiNwAJbNbGKPFXCWuBvf9Ss623VQ5DA invoke [2]
    Program log: Instruction: Transfer
    Program TokenkegQfeZyiNwAJbNbGKPFXCWuBvf9Ss623VQ5DA consumed 4645 of 149537 compute units
    Program TokenkegQfeZyiNwAJbNbGKPFXCWuBvf9Ss623VQ5DA success
    Program log: Transferred 100 of Token B to Vault
    Program log: Deposit Recept created successfully!
    Program CzwQU6jk9B3a2aBx5eXS5iJWeECtXYBM3HAYgfQ1bcMA consumed 58660 of 200000 compute units
    Program CzwQU6jk9B3a2aBx5eXS5iJWeECtXYBM3HAYgfQ1bcMA success
Transaction executed in slot 419972532:
  Signature: 3fhHeZqmmU7LrGhGvfwc84kftnZcJt63oDdWnGGfRuiUzD45WkXHV2LwUb4d9x21gZRQ7JjGrdmWEDNvvPnkcHxB
  Status: Ok
  Log Messages:
    Program CzwQU6jk9B3a2aBx5eXS5iJWeECtXYBM3HAYgfQ1bcMA invoke [1]
    Program log: Instruction: ProcessDepositAddLiquidityOnChain
    Program 11111111111111111111111111111111 invoke [2]
    Program 11111111111111111111111111111111 success
    Program TokenkegQfeZyiNwAJbNbGKPFXCWuBvf9Ss623VQ5DA invoke [2]
    Program log: Instruction: Transfer
    Program TokenkegQfeZyiNwAJbNbGKPFXCWuBvf9Ss623VQ5DA consumed 4645 of 156841 compute units
    Program TokenkegQfeZyiNwAJbNbGKPFXCWuBvf9Ss623VQ5DA success
    Program log: Transferred 100 of Token A to Vault
    Program TokenkegQfeZyiNwAJbNbGKPFXCWuBvf9Ss623VQ5DA invoke [2]
    Program log: Instruction: Transfer
    Program TokenkegQfeZyiNwAJbNbGKPFXCWuBvf9Ss623VQ5DA consumed 4645 of 149537 compute units
    Program TokenkegQfeZyiNwAJbNbGKPFXCWuBvf9Ss623VQ5DA success
    Program log: Transferred 100 of Token B to Vault
    Program log: Deposit Recept created successfully!
    Program CzwQU6jk9B3a2aBx5eXS5iJWeECtXYBM3HAYgfQ1bcMA consumed 58660 of 200000 compute units
    Program CzwQU6jk9B3a2aBx5eXS5iJWeECtXYBM3HAYgfQ1bcMA success
Transaction executed in slot 419972541:
  Signature: 4aBWHihPJxaUYGg9S9E9eLtuC1VytXdzDLbB8Hp9qqshvbCWF2EWcmWk1FV9wVg7hJvobU9K7YTUFMPXFRwFjexf
  Status: Ok
  Log Messages:
    Program CzwQU6jk9B3a2aBx5eXS5iJWeECtXYBM3HAYgfQ1bcMA invoke [1]
    Program log: Instruction: ProcessDelegateAddLiquidityReceipt
    Program 11111111111111111111111111111111 invoke [2]
    Program 11111111111111111111111111111111 success
    Program 11111111111111111111111111111111 invoke [2]
    Program 11111111111111111111111111111111 success
    Program DELeGGvXpWV2fqJUhqcF5ZSYMS4JTLjteaAMARRSaeSh invoke [2]
    Program 11111111111111111111111111111111 invoke [3]
    Program 11111111111111111111111111111111 success
    Program 11111111111111111111111111111111 invoke [3]
    Program 11111111111111111111111111111111 success
    Program DELeGGvXpWV2fqJUhqcF5ZSYMS4JTLjteaAMARRSaeSh consumed 26442 of 158143 compute units
    Program DELeGGvXpWV2fqJUhqcF5ZSYMS4JTLjteaAMARRSaeSh success
    Program log: Deposit receipt delegated successfully!
    Program log: Receipt : Account { account: DepositRecept { pool: HoyKZQuD42zDBsXBADixTCfyLxDZjv8ZMVWmHkD76FzG, liquidity_provider: 3oLMD8mcD1PGmi9p9Y7qQX3661nyoPBcnPo54n7CWjsi, amount_a: 100, amount_b: 100, lp_tokens_minted: 100 }, info: AccountInfo { key: HaQoN4t6vgowEb96P1df384cot2BcXmb46JfECr8Py66, owner: DELeGGvXpWV2fqJUhqcF5ZSYMS4JTLjteaAMARRSaeSh, is_signer: false, is_writable: true, executable: false, rent_epoch: 18446744073709551615, lamports: 1559040, data.len: 96, data: 18c27466c6ffe9bff9c363a572884892b7708a78ba5cc2c5fda2f2d2d92b0f77734acf73e9bd7c592995f7ea09c9626110796e05bcfee0988df63805361f9284, .. } }
    Program CzwQU6jk9B3a2aBx5eXS5iJWeECtXYBM3HAYgfQ1bcMA consumed 99811 of 200000 compute units
    Program CzwQU6jk9B3a2aBx5eXS5iJWeECtXYBM3HAYgfQ1bcMA success
