Streaming transaction logs mentioning EDdzeoiqJnnWTKYYSz3PgcspM4EDLee9PUYPMqjMnxPz. Confirmed commitment
Transaction executed in slot 419466806:
  Signature: 4L3KAQJ2TZeuZGEyWPZZbrQ2t7o9GtotBUWKHLTjpv1zXCNd5RABXz8vgC5nzKDEJVpWtAH84BMf39zbvd5pzh7y
  Status: Ok
  Log Messages:
    Program EDdzeoiqJnnWTKYYSz3PgcspM4EDLee9PUYPMqjMnxPz invoke [1]
    Program log: Instruction: Initialize
    Program log: Greetings from: EDdzeoiqJnnWTKYYSz3PgcspM4EDLee9PUYPMqjMnxPz
    Program EDdzeoiqJnnWTKYYSz3PgcspM4EDLee9PUYPMqjMnxPz consumed 2963 of 200000 compute units
    Program EDdzeoiqJnnWTKYYSz3PgcspM4EDLee9PUYPMqjMnxPz success
Transaction executed in slot 419466812:
  Signature: 3kTdgvML1Lxs8v5dA2X9swHTJQjwaQPxp3DYXmj4rEwV1N2qS1pE6ZodJiZpDrodXEAim3vibvBYBBxdjvJvCKf2
  Status: Ok
  Log Messages:
    Program EDdzeoiqJnnWTKYYSz3PgcspM4EDLee9PUYPMqjMnxPz invoke [1]
    Program log: Instruction: ProcessInitializePool
    Program 11111111111111111111111111111111 invoke [2]
    Program 11111111111111111111111111111111 success
    Program TokenkegQfeZyiNwAJbNbGKPFXCWuBvf9Ss623VQ5DA invoke [2]
    Program log: Instruction: InitializeMint2
    Program TokenkegQfeZyiNwAJbNbGKPFXCWuBvf9Ss623VQ5DA consumed 2828 of 183522 compute units
    Program TokenkegQfeZyiNwAJbNbGKPFXCWuBvf9Ss623VQ5DA success
    Program 11111111111111111111111111111111 invoke [2]
    Program 11111111111111111111111111111111 success
    Program TokenkegQfeZyiNwAJbNbGKPFXCWuBvf9Ss623VQ5DA invoke [2]
    Program log: Instruction: InitializeAccount3
    Program TokenkegQfeZyiNwAJbNbGKPFXCWuBvf9Ss623VQ5DA consumed 4241 of 171538 compute units
    Program TokenkegQfeZyiNwAJbNbGKPFXCWuBvf9Ss623VQ5DA success
    Program 11111111111111111111111111111111 invoke [2]
    Program 11111111111111111111111111111111 success
    Program 11111111111111111111111111111111 invoke [2]
    Program 11111111111111111111111111111111 success
    Program TokenkegQfeZyiNwAJbNbGKPFXCWuBvf9Ss623VQ5DA invoke [2]
    Program log: Instruction: InitializeAccount3
    Program TokenkegQfeZyiNwAJbNbGKPFXCWuBvf9Ss623VQ5DA consumed 4214 of 151469 compute units
    Program TokenkegQfeZyiNwAJbNbGKPFXCWuBvf9Ss623VQ5DA success
    Program 11111111111111111111111111111111 invoke [2]
    Program 11111111111111111111111111111111 success
    Program TokenkegQfeZyiNwAJbNbGKPFXCWuBvf9Ss623VQ5DA invoke [2]
    Program log: Instruction: InitializeAccount3
    Program TokenkegQfeZyiNwAJbNbGKPFXCWuBvf9Ss623VQ5DA consumed 4214 of 139440 compute units
    Program TokenkegQfeZyiNwAJbNbGKPFXCWuBvf9Ss623VQ5DA success
    Program log: Initializing Liquidity Pool...
    Program log: Liquidity Pool Initialized Successfully!
    Program log: Creating LP Token Metadata...
    Program metaqbxxUerdq28cj1RbAWkYQm3ybzjb6a8bt518x1s invoke [2]
    Program log: IX: Create Metadata Accounts v3
    Program 11111111111111111111111111111111 invoke [3]
    Program 11111111111111111111111111111111 success
    Program log: Allocate space for the account
    Program 11111111111111111111111111111111 invoke [3]
    Program 11111111111111111111111111111111 success
    Program log: Assign the account to the owning program
    Program 11111111111111111111111111111111 invoke [3]
    Program 11111111111111111111111111111111 success
    Program metaqbxxUerdq28cj1RbAWkYQm3ybzjb6a8bt518x1s consumed 36072 of 127673 compute units
    Program metaqbxxUerdq28cj1RbAWkYQm3ybzjb6a8bt518x1s success
    Program log: LP Token Created!
    Program EDdzeoiqJnnWTKYYSz3PgcspM4EDLee9PUYPMqjMnxPz consumed 110610 of 200000 compute units
    Program EDdzeoiqJnnWTKYYSz3PgcspM4EDLee9PUYPMqjMnxPz success
Transaction executed in slot 419466836:
  Signature: 2ohHW5g7uaoQX2pX9LF56nAthSZyP1TsqbYAd75YwvBKn4cyyJd54MqCmYcfFDJqNVJQWSsHtnjoFNkrcpyTY7x5
  Status: Ok
  Log Messages:
    Program EDdzeoiqJnnWTKYYSz3PgcspM4EDLee9PUYPMqjMnxPz invoke [1]
    Program log: Instruction: ProcessDelegatePool
    Program 11111111111111111111111111111111 invoke [2]
    Program 11111111111111111111111111111111 success
    Program 11111111111111111111111111111111 invoke [2]
    Program 11111111111111111111111111111111 success
    Program DELeGGvXpWV2fqJUhqcF5ZSYMS4JTLjteaAMARRSaeSh invoke [2]
    Program 11111111111111111111111111111111 invoke [3]
    Program 11111111111111111111111111111111 success
    Program 11111111111111111111111111111111 invoke [3]
    Program 11111111111111111111111111111111 success
    Program DELeGGvXpWV2fqJUhqcF5ZSYMS4JTLjteaAMARRSaeSh consumed 27942 of 154443 compute units
    Program DELeGGvXpWV2fqJUhqcF5ZSYMS4JTLjteaAMARRSaeSh success
    Program log: Pool account delegated successfully!
    Program EDdzeoiqJnnWTKYYSz3PgcspM4EDLee9PUYPMqjMnxPz consumed 75576 of 200000 compute units
    Program EDdzeoiqJnnWTKYYSz3PgcspM4EDLee9PUYPMqjMnxPz success
Transaction executed in slot 419466864:
  Signature: 3EKqKXLfPyDVPb8hqayFhMRd83DPgNr7AkXfBwjDcpWAdY45NJtpzdmSKkwvdbewosWFsuDhnNGrLiozufvw4Eju
  Status: Ok
  Log Messages:
    Program EDdzeoiqJnnWTKYYSz3PgcspM4EDLee9PUYPMqjMnxPz invoke [1]
    Program log: Instruction: ProcessInitializeLiquidityProvider
    Program 11111111111111111111111111111111 invoke [2]
    Program 11111111111111111111111111111111 success
    Program log: Initializing Liquidity Provider...
    Program log: Initialized Liquidity Provider Succesfully!
    Program log: Liquidity Provider Info: Account { account: LiquidityProvider { provider: 3oLMD8mcD1PGmi9p9Y7qQX3661nyoPBcnPo54n7CWjsi, total_liquidity_provided: 0, total_lp_tokens: 0, liquidity_pools_info: [LiquidityPoolInfo { pool: 11111111111111111111111111111111, token_mint: 11111111111111111111111111111111, liquidity_amount: 0, lp_tokens: 0 }, LiquidityPoolInfo { pool: 11111111111111111111111111111111, token_mint: 11111111111111111111111111111111, liquidity_amount: 0, lp_tokens: 0 }, LiquidityPoolInfo { pool: 11111111111111111111111111111111, token_mint: 11111111111111111111111111111111, liquidity_amount: 0, lp_tokens: 0 }, LiquidityPoolInfo { pool: 11111111111111111111111111111111, token_mint: 11111111111111111111111111111111, liquidity_amount: 0, lp_tokens: 0 }, LiquidityPoolInfo { pool: 11111111111111111111111111111111, token_mint: 11111111111111111111111111111111, liquidity_amount: 0, lp_tokens: 0 }, LiquidityPoolInfo { pool: 11111111111111111111111111111111, token_mint: 11111111111111111111111111111111, liquidity_amount: 0, lp_tokens: 0 }, LiquidityPoolInfo { pool: 11111111111111111111111111111111, token_mint: 11111111111111111111111111111111, liquidity_amount: 0, lp_tokens: 0 }, LiquidityPoolInfo { pool: 11111111111111111111111111111111, token_mint: 11111111111111111111111111111111, liquidity_amount: 0, lp_tokens: 0 }, LiquidityPoolInfo { pool: 11111111111111111111111111111111, token_mint: 11111111111111111111111111111111, liquidity_amount: 0, lp_tokens: 0 }, LiquidityPoolInfo { pool: 11111111111111111111111111111111, token_mint: 11111111111111111111111111111111, liquidity_amount: 0, lp_tokens: 0 }], latest_liquidity_provided_on: 0, bump: 254 }, info: AccountInfo { key: 8vYBjRMiRRwxtXGDpM2rg39G8X8eu9HGeznQgUCFs6z5, owner: EDdzeoiqJnnWTKYYSz3PgcspM4EDLee9PUYPMqjMnxPz, is_signer: false, is_writable: true, executable: false, rent_epoch: 18446744073709551615, lamports: 6911280, data.len: 865, data: 00000000000000000000000000000000000000000000000000000000000000000000000000000000000000000000000000000000000000000000000000000000, .. } }
    Program EDdzeoiqJnnWTKYYSz3PgcspM4EDLee9PUYPMqjMnxPz consumed 100236 of 200000 compute units
    Program EDdzeoiqJnnWTKYYSz3PgcspM4EDLee9PUYPMqjMnxPz success
Transaction executed in slot 419466881:
  Signature: UkAuUiNzdG1qVcFY4vkv1afNaJKkSvsMTDxbrAi38JYU3e66mD8JBk6oZvxfPc6bCzMGe1WuNPnp8Bg62pbLejY
  Status: Ok
  Log Messages:
    Program EDdzeoiqJnnWTKYYSz3PgcspM4EDLee9PUYPMqjMnxPz invoke [1]
    Program log: Instruction: ProcessDelegateLiquidityProvider
    Program 11111111111111111111111111111111 invoke [2]
    Program 11111111111111111111111111111111 success
    Program 11111111111111111111111111111111 invoke [2]
    Program 11111111111111111111111111111111 success
    Program DELeGGvXpWV2fqJUhqcF5ZSYMS4JTLjteaAMARRSaeSh invoke [2]
    Program 11111111111111111111111111111111 invoke [3]
    Program 11111111111111111111111111111111 success
    Program 11111111111111111111111111111111 invoke [3]
    Program 11111111111111111111111111111111 success
    Program DELeGGvXpWV2fqJUhqcF5ZSYMS4JTLjteaAMARRSaeSh consumed 23442 of 161490 compute units
    Program DELeGGvXpWV2fqJUhqcF5ZSYMS4JTLjteaAMARRSaeSh success
    Program log: Liquidity Provider account delegated successfully!
    Program EDdzeoiqJnnWTKYYSz3PgcspM4EDLee9PUYPMqjMnxPz consumed 65139 of 200000 compute units
    Program EDdzeoiqJnnWTKYYSz3PgcspM4EDLee9PUYPMqjMnxPz success
