Streaming transaction logs mentioning EmJTrTGhFdweLPK2xAwgB1wmcEASaCPqViqRxSXkCdL4. Confirmed commitment
Transaction executed in slot 422222318:
  Signature: MhTopQKjp11YNWAUbniTekawxUhB31Ah6puHMujTrZoDGvwhMFkFjaZbru7pLzXEpSeYGtm8LutnvZY1jEHJ2oj
  Status: Ok
  Log Messages:
    Program EmJTrTGhFdweLPK2xAwgB1wmcEASaCPqViqRxSXkCdL4 invoke [1]
    Program log: Instruction: Initialize
    Program log: Greetings from: EmJTrTGhFdweLPK2xAwgB1wmcEASaCPqViqRxSXkCdL4
    Program EmJTrTGhFdweLPK2xAwgB1wmcEASaCPqViqRxSXkCdL4 consumed 2943 of 200000 compute units
    Program EmJTrTGhFdweLPK2xAwgB1wmcEASaCPqViqRxSXkCdL4 success
Transaction executed in slot 422222320:
  Signature: Sx6FoDuziWSwmVdg18zxw4Wmu2fBwAfRw6HBKt5ySqNF7ZtSthNLo1XUqEG8bNTse6wKVUxjp6nNq7k1FYqqyWp
  Status: Ok
  Log Messages:
    Program EmJTrTGhFdweLPK2xAwgB1wmcEASaCPqViqRxSXkCdL4 invoke [1]
    Program log: Instruction: ProcessInitializePool
    Program 11111111111111111111111111111111 invoke [2]
    Program 11111111111111111111111111111111 success
    Program TokenkegQfeZyiNwAJbNbGKPFXCWuBvf9Ss623VQ5DA invoke [2]
    Program log: Instruction: InitializeMint2
    Program TokenkegQfeZyiNwAJbNbGKPFXCWuBvf9Ss623VQ5DA consumed 2828 of 187089 compute units
    Program TokenkegQfeZyiNwAJbNbGKPFXCWuBvf9Ss623VQ5DA success
    Program 11111111111111111111111111111111 invoke [2]
    Program 11111111111111111111111111111111 success
    Program TokenkegQfeZyiNwAJbNbGKPFXCWuBvf9Ss623VQ5DA invoke [2]
    Program log: Instruction: InitializeAccount3
    Program TokenkegQfeZyiNwAJbNbGKPFXCWuBvf9Ss623VQ5DA consumed 4241 of 177265 compute units
    Program TokenkegQfeZyiNwAJbNbGKPFXCWuBvf9Ss623VQ5DA success
    Program 11111111111111111111111111111111 invoke [2]
    Program 11111111111111111111111111111111 success
    Program 11111111111111111111111111111111 invoke [2]
    Program 11111111111111111111111111111111 success
    Program TokenkegQfeZyiNwAJbNbGKPFXCWuBvf9Ss623VQ5DA invoke [2]
    Program log: Instruction: InitializeAccount3
    Program TokenkegQfeZyiNwAJbNbGKPFXCWuBvf9Ss623VQ5DA consumed 4214 of 149224 compute units
    Program TokenkegQfeZyiNwAJbNbGKPFXCWuBvf9Ss623VQ5DA success
    Program 11111111111111111111111111111111 invoke [2]
    Program 11111111111111111111111111111111 success
    Program TokenkegQfeZyiNwAJbNbGKPFXCWuBvf9Ss623VQ5DA invoke [2]
    Program log: Instruction: InitializeAccount3
    Program TokenkegQfeZyiNwAJbNbGKPFXCWuBvf9Ss623VQ5DA consumed 4214 of 137849 compute units
    Program TokenkegQfeZyiNwAJbNbGKPFXCWuBvf9Ss623VQ5DA success
    Program log: Initializing Liquidity Pool...
    Program log: Liquidity Pool Initialized Successfully!
    Program log: Creating LP Token Metadata...
    Program metaqbxxUerdq28cj1RbAWkYQm3ybzjb6a8bt518x1s invoke [2]
    Program log: IX: Create Metadata Accounts v3
    Program 11111111111111111111111111111111 invoke [3]
    Program 11111111111111111111111111111111 success
    Program log: Allocate space for the account
    Program 11111111111111111111111111111111 invoke [3]
    Program 11111111111111111111111111111111 success
    Program log: Assign the account to the owning program
    Program 11111111111111111111111111111111 invoke [3]
    Program 11111111111111111111111111111111 success
    Program metaqbxxUerdq28cj1RbAWkYQm3ybzjb6a8bt518x1s consumed 37572 of 122064 compute units
    Program metaqbxxUerdq28cj1RbAWkYQm3ybzjb6a8bt518x1s success
    Program log: LP Token Created!
    Program EmJTrTGhFdweLPK2xAwgB1wmcEASaCPqViqRxSXkCdL4 consumed 117665 of 200000 compute units
    Program EmJTrTGhFdweLPK2xAwgB1wmcEASaCPqViqRxSXkCdL4 success
Transaction executed in slot 422222333:
  Signature: 35wb79Z9yJzL5AXziqdBGq9Ec5T5rm8t3nQiLHn5TT9L2pGUxrS3VYDK27SikGa5Q1dzSaqXnwrKGY7nmBXxYmUk
  Status: Ok
  Log Messages:
    Program EmJTrTGhFdweLPK2xAwgB1wmcEASaCPqViqRxSXkCdL4 invoke [1]
    Program log: Instruction: ProcessDelegatePool
    Program 11111111111111111111111111111111 invoke [2]
    Program 11111111111111111111111111111111 success
    Program 11111111111111111111111111111111 invoke [2]
    Program 11111111111111111111111111111111 success
    Program DELeGGvXpWV2fqJUhqcF5ZSYMS4JTLjteaAMARRSaeSh invoke [2]
    Program 11111111111111111111111111111111 invoke [3]
    Program 11111111111111111111111111111111 success
    Program 11111111111111111111111111111111 invoke [3]
    Program 11111111111111111111111111111111 success
    Program DELeGGvXpWV2fqJUhqcF5ZSYMS4JTLjteaAMARRSaeSh consumed 23442 of 156618 compute units
    Program DELeGGvXpWV2fqJUhqcF5ZSYMS4JTLjteaAMARRSaeSh success
    Program log: Pool account delegated successfully!
    Program EmJTrTGhFdweLPK2xAwgB1wmcEASaCPqViqRxSXkCdL4 consumed 68876 of 200000 compute units
    Program EmJTrTGhFdweLPK2xAwgB1wmcEASaCPqViqRxSXkCdL4 success
Transaction executed in slot 422222359:
  Signature: 3pehDx4YBf9RJEfDN7Syj1eBwBHq2Uyv9Wde49ZPnQeJPzRqSqJXi3pfMNXP451uYT1nUQ67JpXhF8Ew3pwvvRVv
  Status: Ok
  Log Messages:
    Program EmJTrTGhFdweLPK2xAwgB1wmcEASaCPqViqRxSXkCdL4 invoke [1]
    Program log: Instruction: ProcessInitializeLiquidityProvider
    Program 11111111111111111111111111111111 invoke [2]
    Program 11111111111111111111111111111111 success
    Program log: Initializing Liquidity Provider...
    Program log: Initialized Liquidity Provider Succesfully!
    Program log: Liquidity Provider Info: Account { account: LiquidityProvider { provider: 3oLMD8mcD1PGmi9p9Y7qQX3661nyoPBcnPo54n7CWjsi, total_liquidity_provided: 0, total_lp_tokens: 0, liquidity_pools_info: [LiquidityPoolInfo { pool: 11111111111111111111111111111111, token_mint: 11111111111111111111111111111111, liquidity_amount: 0, lp_tokens: 0 }, LiquidityPoolInfo { pool: 11111111111111111111111111111111, token_mint: 11111111111111111111111111111111, liquidity_amount: 0, lp_tokens: 0 }, LiquidityPoolInfo { pool: 11111111111111111111111111111111, token_mint: 11111111111111111111111111111111, liquidity_amount: 0, lp_tokens: 0 }, LiquidityPoolInfo { pool: 11111111111111111111111111111111, token_mint: 11111111111111111111111111111111, liquidity_amount: 0, lp_tokens: 0 }, LiquidityPoolInfo { pool: 11111111111111111111111111111111, token_mint: 11111111111111111111111111111111, liquidity_amount: 0, lp_tokens: 0 }, LiquidityPoolInfo { pool: 11111111111111111111111111111111, token_mint: 11111111111111111111111111111111, liquidity_amount: 0, lp_tokens: 0 }, LiquidityPoolInfo { pool: 11111111111111111111111111111111, token_mint: 11111111111111111111111111111111, liquidity_amount: 0, lp_tokens: 0 }, LiquidityPoolInfo { pool: 11111111111111111111111111111111, token_mint: 11111111111111111111111111111111, liquidity_amount: 0, lp_tokens: 0 }, LiquidityPoolInfo { pool: 11111111111111111111111111111111, token_mint: 11111111111111111111111111111111, liquidity_amount: 0, lp_tokens: 0 }, LiquidityPoolInfo { pool: 11111111111111111111111111111111, token_mint: 11111111111111111111111111111111, liquidity_amount: 0, lp_tokens: 0 }], latest_liquidity_provided_on: 0, bump: 255 }, info: AccountInfo { key: 4JA1rfzR5nRUAVJWENUQdshVXCF3Su6YdYPuuubbqRmJ, owner: EmJTrTGhFdweLPK2xAwgB1wmcEASaCPqViqRxSXkCdL4, is_signer: false, is_writable: true, executable: false, rent_epoch: 18446744073709551615, lamports: 6911280, data.len: 865, data: 00000000000000000000000000000000000000000000000000000000000000000000000000000000000000000000000000000000000000000000000000000000, .. } }
    Program EmJTrTGhFdweLPK2xAwgB1wmcEASaCPqViqRxSXkCdL4 consumed 97233 of 200000 compute units
    Program EmJTrTGhFdweLPK2xAwgB1wmcEASaCPqViqRxSXkCdL4 success
Transaction executed in slot 422222360:
  Signature: 3pehDx4YBf9RJEfDN7Syj1eBwBHq2Uyv9Wde49ZPnQeJPzRqSqJXi3pfMNXP451uYT1nUQ67JpXhF8Ew3pwvvRVv
  Status: Ok
  Log Messages:
    Program EmJTrTGhFdweLPK2xAwgB1wmcEASaCPqViqRxSXkCdL4 invoke [1]
    Program log: Instruction: ProcessInitializeLiquidityProvider
    Program 11111111111111111111111111111111 invoke [2]
    Program 11111111111111111111111111111111 success
    Program log: Initializing Liquidity Provider...
    Program log: Initialized Liquidity Provider Succesfully!
    Program log: Liquidity Provider Info: Account { account: LiquidityProvider { provider: 3oLMD8mcD1PGmi9p9Y7qQX3661nyoPBcnPo54n7CWjsi, total_liquidity_provided: 0, total_lp_tokens: 0, liquidity_pools_info: [LiquidityPoolInfo { pool: 11111111111111111111111111111111, token_mint: 11111111111111111111111111111111, liquidity_amount: 0, lp_tokens: 0 }, LiquidityPoolInfo { pool: 11111111111111111111111111111111, token_mint: 11111111111111111111111111111111, liquidity_amount: 0, lp_tokens: 0 }, LiquidityPoolInfo { pool: 11111111111111111111111111111111, token_mint: 11111111111111111111111111111111, liquidity_amount: 0, lp_tokens: 0 }, LiquidityPoolInfo { pool: 11111111111111111111111111111111, token_mint: 11111111111111111111111111111111, liquidity_amount: 0, lp_tokens: 0 }, LiquidityPoolInfo { pool: 11111111111111111111111111111111, token_mint: 11111111111111111111111111111111, liquidity_amount: 0, lp_tokens: 0 }, LiquidityPoolInfo { pool: 11111111111111111111111111111111, token_mint: 11111111111111111111111111111111, liquidity_amount: 0, lp_tokens: 0 }, LiquidityPoolInfo { pool: 11111111111111111111111111111111, token_mint: 11111111111111111111111111111111, liquidity_amount: 0, lp_tokens: 0 }, LiquidityPoolInfo { pool: 11111111111111111111111111111111, token_mint: 11111111111111111111111111111111, liquidity_amount: 0, lp_tokens: 0 }, LiquidityPoolInfo { pool: 11111111111111111111111111111111, token_mint: 11111111111111111111111111111111, liquidity_amount: 0, lp_tokens: 0 }, LiquidityPoolInfo { pool: 11111111111111111111111111111111, token_mint: 11111111111111111111111111111111, liquidity_amount: 0, lp_tokens: 0 }], latest_liquidity_provided_on: 0, bump: 255 }, info: AccountInfo { key: 4JA1rfzR5nRUAVJWENUQdshVXCF3Su6YdYPuuubbqRmJ, owner: EmJTrTGhFdweLPK2xAwgB1wmcEASaCPqViqRxSXkCdL4, is_signer: false, is_writable: true, executable: false, rent_epoch: 18446744073709551615, lamports: 6911280, data.len: 865, data: 00000000000000000000000000000000000000000000000000000000000000000000000000000000000000000000000000000000000000000000000000000000, .. } }
    Program EmJTrTGhFdweLPK2xAwgB1wmcEASaCPqViqRxSXkCdL4 consumed 97233 of 200000 compute units
    Program EmJTrTGhFdweLPK2xAwgB1wmcEASaCPqViqRxSXkCdL4 success
Transaction executed in slot 422222369:
  Signature: MDuunfgWWmgn38dHM1SoZJqVHsdBEMxSKyYecbYKmAhPFF25JBz3V8wPbF271vEESJHBr1LWtU8didrKifBKkCJ
  Status: Ok
  Log Messages:
    Program EmJTrTGhFdweLPK2xAwgB1wmcEASaCPqViqRxSXkCdL4 invoke [1]
    Program log: Instruction: ProcessDelegateLiquidityProvider
    Program 11111111111111111111111111111111 invoke [2]
    Program 11111111111111111111111111111111 success
    Program 11111111111111111111111111111111 invoke [2]
    Program 11111111111111111111111111111111 success
    Program DELeGGvXpWV2fqJUhqcF5ZSYMS4JTLjteaAMARRSaeSh invoke [2]
    Program 11111111111111111111111111111111 invoke [3]
    Program 11111111111111111111111111111111 success
    Program 11111111111111111111111111111111 invoke [3]
    Program 11111111111111111111111111111111 success
    Program DELeGGvXpWV2fqJUhqcF5ZSYMS4JTLjteaAMARRSaeSh consumed 14442 of 175667 compute units
    Program DELeGGvXpWV2fqJUhqcF5ZSYMS4JTLjteaAMARRSaeSh success
    Program log: Liquidity Provider account delegated successfully!
    Program EmJTrTGhFdweLPK2xAwgB1wmcEASaCPqViqRxSXkCdL4 consumed 41911 of 200000 compute units
    Program EmJTrTGhFdweLPK2xAwgB1wmcEASaCPqViqRxSXkCdL4 success
Transaction executed in slot 422222397:
  Signature: 621we5XBqhZDoi84smM2yoPqiMrXqMhZwpVqAz15kFAPMGGbEZ8fGrBkJ4inRJh2gS83GoKCwkXVrZyKStaDa9hJ
  Status: Ok
  Log Messages:
    Program EmJTrTGhFdweLPK2xAwgB1wmcEASaCPqViqRxSXkCdL4 invoke [1]
    Program log: Instruction: ProcessDepositAddLiquidityOnChain
    Program 11111111111111111111111111111111 invoke [2]
    Program 11111111111111111111111111111111 success
    Program TokenkegQfeZyiNwAJbNbGKPFXCWuBvf9Ss623VQ5DA invoke [2]
    Program log: Instruction: Transfer
    Program TokenkegQfeZyiNwAJbNbGKPFXCWuBvf9Ss623VQ5DA consumed 4645 of 163929 compute units
    Program TokenkegQfeZyiNwAJbNbGKPFXCWuBvf9Ss623VQ5DA success
    Program log: Transferred 100 of Token A to Vault
    Program TokenkegQfeZyiNwAJbNbGKPFXCWuBvf9Ss623VQ5DA invoke [2]
    Program log: Instruction: Transfer
    Program TokenkegQfeZyiNwAJbNbGKPFXCWuBvf9Ss623VQ5DA consumed 4645 of 156986 compute units
    Program TokenkegQfeZyiNwAJbNbGKPFXCWuBvf9Ss623VQ5DA success
    Program log: Transferred 100 of Token B to Vault
    Program log: Deposit Recept created successfully!
    Program EmJTrTGhFdweLPK2xAwgB1wmcEASaCPqViqRxSXkCdL4 consumed 51007 of 200000 compute units
    Program EmJTrTGhFdweLPK2xAwgB1wmcEASaCPqViqRxSXkCdL4 success
Transaction executed in slot 422222404:
  Signature: 5kJ7pnu6nvuGpdj2ThGB5yoGwGqsv8KGVszbbeYsiCKdPTR3MoyktkxiiEJ9LcmSKMHGEjTEokFxsDdZZnMVRQVs
  Status: Ok
  Log Messages:
    Program EmJTrTGhFdweLPK2xAwgB1wmcEASaCPqViqRxSXkCdL4 invoke [1]
    Program log: Instruction: ProcessDelegateAddLiquidityReceipt
    Program 11111111111111111111111111111111 invoke [2]
    Program 11111111111111111111111111111111 success
    Program 11111111111111111111111111111111 invoke [2]
    Program 11111111111111111111111111111111 success
    Program DELeGGvXpWV2fqJUhqcF5ZSYMS4JTLjteaAMARRSaeSh invoke [2]
    Program 11111111111111111111111111111111 invoke [3]
    Program 11111111111111111111111111111111 success
    Program 11111111111111111111111111111111 invoke [3]
    Program 11111111111111111111111111111111 success
    Program DELeGGvXpWV2fqJUhqcF5ZSYMS4JTLjteaAMARRSaeSh consumed 23442 of 164809 compute units
    Program DELeGGvXpWV2fqJUhqcF5ZSYMS4JTLjteaAMARRSaeSh success
    Program log: Deposit receipt delegated successfully!
    Program log: Receipt : Account { account: DepositRecept { pool: 7hW7dbcyc53bYo4ns7escDqFvQfVnfNKFFVKpvtMM77u, liquidity_provider: 3oLMD8mcD1PGmi9p9Y7qQX3661nyoPBcnPo54n7CWjsi, amount_a: 100, amount_b: 100, lp_tokens_minted: 100 }, info: AccountInfo { key: E6Jwn4n8HmeTsM3si2UJCgm7HA2pT84MQzSu1AdtH3gK, owner: DELeGGvXpWV2fqJUhqcF5ZSYMS4JTLjteaAMARRSaeSh, is_signer: false, is_writable: true, executable: false, rent_epoch: 18446744073709551615, lamports: 1559040, data.len: 96, data: 18c27466c6ffe9bf6386460a617a12a70f612c3a8deb07bd3e000300bc8550c15a2d664be1f55a682995f7ea09c9626110796e05bcfee0988df63805361f9284, .. } }
    Program EmJTrTGhFdweLPK2xAwgB1wmcEASaCPqViqRxSXkCdL4 consumed 89993 of 200000 compute units
    Program EmJTrTGhFdweLPK2xAwgB1wmcEASaCPqViqRxSXkCdL4 success
Transaction executed in slot 422222461:
  Signature: 3VkJcdNLduzoRou1aXMQH9mEpdZXXGquMbAkL9B7DyzBCY8gNjoF4CWxwrC6XBDjTcqwTJAwL3rp6H64cgbKwHMn
  Status: Error processing Instruction 5: custom program error: 0xbc2
  Log Messages:
    Program ComputeBudget111111111111111111111111111111 invoke [1]
    Program ComputeBudget111111111111111111111111111111 success
    Program ComputeBudget111111111111111111111111111111 invoke [1]
    Program ComputeBudget111111111111111111111111111111 success
    Program DELeGGvXpWV2fqJUhqcF5ZSYMS4JTLjteaAMARRSaeSh invoke [1]
    Program 11111111111111111111111111111111 invoke [2]
    Program 11111111111111111111111111111111 success
    Program 11111111111111111111111111111111 invoke [2]
    Program 11111111111111111111111111111111 success
    Program DELeGGvXpWV2fqJUhqcF5ZSYMS4JTLjteaAMARRSaeSh consumed 43883 of 609700 compute units
    Program DELeGGvXpWV2fqJUhqcF5ZSYMS4JTLjteaAMARRSaeSh success
    Program DELeGGvXpWV2fqJUhqcF5ZSYMS4JTLjteaAMARRSaeSh invoke [1]
    Program DELeGGvXpWV2fqJUhqcF5ZSYMS4JTLjteaAMARRSaeSh consumed 36431 of 565817 compute units
    Program DELeGGvXpWV2fqJUhqcF5ZSYMS4JTLjteaAMARRSaeSh success
    Program DELeGGvXpWV2fqJUhqcF5ZSYMS4JTLjteaAMARRSaeSh invoke [1]
    Program log: Processing instruction: CallHandler
    Program EmJTrTGhFdweLPK2xAwgB1wmcEASaCPqViqRxSXkCdL4 invoke [2]
    Program log: Instruction: ProcessMintLpTokens
    Program log: Minting 100 LP tokens on-chain to provider
    Program TokenkegQfeZyiNwAJbNbGKPFXCWuBvf9Ss623VQ5DA invoke [3]
    Program log: Instruction: MintTo
    Program TokenkegQfeZyiNwAJbNbGKPFXCWuBvf9Ss623VQ5DA consumed 4538 of 487531 compute units
    Program TokenkegQfeZyiNwAJbNbGKPFXCWuBvf9Ss623VQ5DA success
    Program log: Successfully minted 100 LP tokens on-chain
    Program EmJTrTGhFdweLPK2xAwgB1wmcEASaCPqViqRxSXkCdL4 consumed 19748 of 501963 compute units
    Program EmJTrTGhFdweLPK2xAwgB1wmcEASaCPqViqRxSXkCdL4 success
    Program DELeGGvXpWV2fqJUhqcF5ZSYMS4JTLjteaAMARRSaeSh consumed 48053 of 529386 compute units
    Program DELeGGvXpWV2fqJUhqcF5ZSYMS4JTLjteaAMARRSaeSh success
    Program DELeGGvXpWV2fqJUhqcF5ZSYMS4JTLjteaAMARRSaeSh invoke [1]
    Program log: Processing instruction: CallHandler
    Program EmJTrTGhFdweLPK2xAwgB1wmcEASaCPqViqRxSXkCdL4 invoke [2]
    Program log: Instruction: ProcessCloseDepositReceipt
    Program log: AnchorError caused by account: provider. Error Code: AccountNotSigner. Error Number: 3010. Error Message: The given account did not sign.
    Program EmJTrTGhFdweLPK2xAwgB1wmcEASaCPqViqRxSXkCdL4 consumed 2955 of 455765 compute units
    Program EmJTrTGhFdweLPK2xAwgB1wmcEASaCPqViqRxSXkCdL4 failed: custom program error: 0xbc2
    Program DELeGGvXpWV2fqJUhqcF5ZSYMS4JTLjteaAMARRSaeSh consumed 28523 of 481333 compute units
    Program DELeGGvXpWV2fqJUhqcF5ZSYMS4JTLjteaAMARRSaeSh failed: custom program error: 0xbc2
Transaction executed in slot 422222467:
  Signature: 5zzXFRdfZpZq4FtabAyUQnsZFYczYr6pCRSUoBfgA5UYuiDvSgRjMbn8oxwQKHMf8gRASczYGX8htZTwsfxnmwyr
  Status: Error processing Instruction 4: custom program error: 0x65
  Log Messages:
    Program ComputeBudget111111111111111111111111111111 invoke [1]
    Program ComputeBudget111111111111111111111111111111 success
    Program ComputeBudget111111111111111111111111111111 invoke [1]
    Program ComputeBudget111111111111111111111111111111 success
    Program DELeGGvXpWV2fqJUhqcF5ZSYMS4JTLjteaAMARRSaeSh invoke [1]
    Program 11111111111111111111111111111111 invoke [2]
    Program 11111111111111111111111111111111 success
    Program 11111111111111111111111111111111 invoke [2]
    Program 11111111111111111111111111111111 success
    Program DELeGGvXpWV2fqJUhqcF5ZSYMS4JTLjteaAMARRSaeSh consumed 43883 of 209700 compute units
    Program DELeGGvXpWV2fqJUhqcF5ZSYMS4JTLjteaAMARRSaeSh success
    Program DELeGGvXpWV2fqJUhqcF5ZSYMS4JTLjteaAMARRSaeSh invoke [1]
    Program DELeGGvXpWV2fqJUhqcF5ZSYMS4JTLjteaAMARRSaeSh consumed 36431 of 165817 compute units
    Program DELeGGvXpWV2fqJUhqcF5ZSYMS4JTLjteaAMARRSaeSh success
    Program DELeGGvXpWV2fqJUhqcF5ZSYMS4JTLjteaAMARRSaeSh invoke [1]
    Program 11111111111111111111111111111111 invoke [2]
    Program 11111111111111111111111111111111 success
    Program EmJTrTGhFdweLPK2xAwgB1wmcEASaCPqViqRxSXkCdL4 invoke [2]
    Program log: AnchorError occurred. Error Code: InstructionFallbackNotFound. Error Number: 101. Error Message: Fallback functions are not supported.
    Program EmJTrTGhFdweLPK2xAwgB1wmcEASaCPqViqRxSXkCdL4 consumed 2547 of 80240 compute units
    Program EmJTrTGhFdweLPK2xAwgB1wmcEASaCPqViqRxSXkCdL4 failed: custom program error: 0x65
    Program DELeGGvXpWV2fqJUhqcF5ZSYMS4JTLjteaAMARRSaeSh consumed 51693 of 129386 compute units
    Program DELeGGvXpWV2fqJUhqcF5ZSYMS4JTLjteaAMARRSaeSh failed: custom program error: 0x65
Transaction executed in slot 422222485:
  Signature: 51sEjKTt64WPCtjehm6LR85HKQfvFQXp3b6VmvCn4pLHWdzUUXXCu1FDo2UVnnGXLpfkUC7mWssw5L1zZAUsDNNy
  Status: Error processing Instruction 0: custom program error: 0x1773
  Log Messages:
    Program EmJTrTGhFdweLPK2xAwgB1wmcEASaCPqViqRxSXkCdL4 invoke [1]
    Program log: Instruction: ProcessRemoveLiquidityOnChain
    Program 11111111111111111111111111111111 invoke [2]
    Program 11111111111111111111111111111111 success
    Program log: AnchorError occurred. Error Code: MathOverflow. Error Number: 6003. Error Message: MathOverflow.
    Program EmJTrTGhFdweLPK2xAwgB1wmcEASaCPqViqRxSXkCdL4 consumed 41755 of 200000 compute units
    Program EmJTrTGhFdweLPK2xAwgB1wmcEASaCPqViqRxSXkCdL4 failed: custom program error: 0x1773
Transaction executed in slot 422222493:
  Signature: AHLYmzbxh52XL8q7oJnrX25NN3aDFLHTB4x8Fywfbrd5UkbKQ7nZ1kKwLgymywMKX9yA8q4kkp97KijRTVuFzRb
  Status: Error processing Instruction 0: custom program error: 0xbc4
  Log Messages:
    Program EmJTrTGhFdweLPK2xAwgB1wmcEASaCPqViqRxSXkCdL4 invoke [1]
    Program log: Instruction: ProcessDelegateRemoveLiquidityReceipt
    Program log: AnchorError caused by account: withdraw_recept. Error Code: AccountNotInitialized. Error Number: 3012. Error Message: The program expected this account to be already initialized.
    Program EmJTrTGhFdweLPK2xAwgB1wmcEASaCPqViqRxSXkCdL4 consumed 4459 of 200000 compute units
    Program EmJTrTGhFdweLPK2xAwgB1wmcEASaCPqViqRxSXkCdL4 failed: custom program error: 0xbc4
