Streaming transaction logs mentioning ExHfGdk5fcYPtyPaUGWJGBH3mFc2QqvTca6sQ8BoYbx1. Confirmed commitment
Transaction executed in slot 419873947:
  Signature: 3quqqBwW9k4B6YAonYyvsfoQmCVRKuEs3Y2DBLXhrUyH9K8Thz5rk5DF4xGFwY1Pg1XKnUgwNfHSvSFXNsQ9L1Pv
  Status: Ok
  Log Messages:
    Program ExHfGdk5fcYPtyPaUGWJGBH3mFc2QqvTca6sQ8BoYbx1 invoke [1]
    Program log: Instruction: Initialize
    Program log: Greetings from: ExHfGdk5fcYPtyPaUGWJGBH3mFc2QqvTca6sQ8BoYbx1
    Program ExHfGdk5fcYPtyPaUGWJGBH3mFc2QqvTca6sQ8BoYbx1 consumed 2963 of 200000 compute units
    Program ExHfGdk5fcYPtyPaUGWJGBH3mFc2QqvTca6sQ8BoYbx1 success
Transaction executed in slot 419873949:
  Signature: 4SfD66qBYesVG3M6bYT1zk52Qov149stDAP3F8ZZ1YvL9aE5tGFLh9CBUjYvPWd9DqtjY5uzsmmkrZemhRoYSs2r
  Status: Ok
  Log Messages:
    Program ExHfGdk5fcYPtyPaUGWJGBH3mFc2QqvTca6sQ8BoYbx1 invoke [1]
    Program log: Instruction: ProcessInitializePool
    Program 11111111111111111111111111111111 invoke [2]
    Program 11111111111111111111111111111111 success
    Program TokenkegQfeZyiNwAJbNbGKPFXCWuBvf9Ss623VQ5DA invoke [2]
    Program log: Instruction: InitializeMint2
    Program TokenkegQfeZyiNwAJbNbGKPFXCWuBvf9Ss623VQ5DA consumed 2828 of 176022 compute units
    Program TokenkegQfeZyiNwAJbNbGKPFXCWuBvf9Ss623VQ5DA success
    Program 11111111111111111111111111111111 invoke [2]
    Program 11111111111111111111111111111111 success
    Program TokenkegQfeZyiNwAJbNbGKPFXCWuBvf9Ss623VQ5DA invoke [2]
    Program log: Instruction: InitializeAccount3
    Program TokenkegQfeZyiNwAJbNbGKPFXCWuBvf9Ss623VQ5DA consumed 4241 of 162538 compute units
    Program TokenkegQfeZyiNwAJbNbGKPFXCWuBvf9Ss623VQ5DA success
    Program 11111111111111111111111111111111 invoke [2]
    Program 11111111111111111111111111111111 success
    Program 11111111111111111111111111111111 invoke [2]
    Program 11111111111111111111111111111111 success
    Program TokenkegQfeZyiNwAJbNbGKPFXCWuBvf9Ss623VQ5DA invoke [2]
    Program log: Instruction: InitializeAccount3
    Program TokenkegQfeZyiNwAJbNbGKPFXCWuBvf9Ss623VQ5DA consumed 4214 of 136469 compute units
    Program TokenkegQfeZyiNwAJbNbGKPFXCWuBvf9Ss623VQ5DA success
    Program 11111111111111111111111111111111 invoke [2]
    Program 11111111111111111111111111111111 success
    Program TokenkegQfeZyiNwAJbNbGKPFXCWuBvf9Ss623VQ5DA invoke [2]
    Program log: Instruction: InitializeAccount3
    Program TokenkegQfeZyiNwAJbNbGKPFXCWuBvf9Ss623VQ5DA consumed 4214 of 121440 compute units
    Program TokenkegQfeZyiNwAJbNbGKPFXCWuBvf9Ss623VQ5DA success
    Program log: Initializing Liquidity Pool...
    Program log: Liquidity Pool Initialized Successfully!
    Program log: Creating LP Token Metadata...
    Program metaqbxxUerdq28cj1RbAWkYQm3ybzjb6a8bt518x1s invoke [2]
    Program log: IX: Create Metadata Accounts v3
    Program 11111111111111111111111111111111 invoke [3]
    Program 11111111111111111111111111111111 success
    Program log: Allocate space for the account
    Program 11111111111111111111111111111111 invoke [3]
    Program 11111111111111111111111111111111 success
    Program log: Assign the account to the owning program
    Program 11111111111111111111111111111111 invoke [3]
    Program 11111111111111111111111111111111 success
    Program metaqbxxUerdq28cj1RbAWkYQm3ybzjb6a8bt518x1s consumed 36072 of 109673 compute units
    Program metaqbxxUerdq28cj1RbAWkYQm3ybzjb6a8bt518x1s success
    Program log: LP Token Created!
    Program ExHfGdk5fcYPtyPaUGWJGBH3mFc2QqvTca6sQ8BoYbx1 consumed 128610 of 200000 compute units
    Program ExHfGdk5fcYPtyPaUGWJGBH3mFc2QqvTca6sQ8BoYbx1 success
Transaction executed in slot 419873962:
  Signature: 1Y7uvSmDr8Rq22EiiLrbCqs8cEe1YCcW4Vv1duh8XcCsaJSNUvo2rqKgd1t3svAJAUJScca4FtpJhth3d85ccmE
  Status: Ok
  Log Messages:
    Program ExHfGdk5fcYPtyPaUGWJGBH3mFc2QqvTca6sQ8BoYbx1 invoke [1]
    Program log: Instruction: ProcessDelegatePool
    Program 11111111111111111111111111111111 invoke [2]
    Program 11111111111111111111111111111111 success
    Program 11111111111111111111111111111111 invoke [2]
    Program 11111111111111111111111111111111 success
    Program DELeGGvXpWV2fqJUhqcF5ZSYMS4JTLjteaAMARRSaeSh invoke [2]
    Program 11111111111111111111111111111111 invoke [3]
    Program 11111111111111111111111111111111 success
    Program 11111111111111111111111111111111 invoke [3]
    Program 11111111111111111111111111111111 success
    Program DELeGGvXpWV2fqJUhqcF5ZSYMS4JTLjteaAMARRSaeSh consumed 23442 of 160443 compute units
    Program DELeGGvXpWV2fqJUhqcF5ZSYMS4JTLjteaAMARRSaeSh success
    Program log: Pool account delegated successfully!
    Program ExHfGdk5fcYPtyPaUGWJGBH3mFc2QqvTca6sQ8BoYbx1 consumed 65081 of 200000 compute units
    Program ExHfGdk5fcYPtyPaUGWJGBH3mFc2QqvTca6sQ8BoYbx1 success
Transaction executed in slot 419873988:
  Signature: 3Xw5NgsELJm8pWuhVDpNdkkzuQrWEq8sanTq1b6r93rs2Krq5R8uT27v5otsdMiGC8WHWeENEcSt12nuySPHMr9p
  Status: Ok
  Log Messages:
    Program ExHfGdk5fcYPtyPaUGWJGBH3mFc2QqvTca6sQ8BoYbx1 invoke [1]
    Program log: Instruction: ProcessInitializeLiquidityProvider
    Program 11111111111111111111111111111111 invoke [2]
    Program 11111111111111111111111111111111 success
    Program log: Initializing Liquidity Provider...
    Program log: Initialized Liquidity Provider Succesfully!
    Program log: Liquidity Provider Info: Account { account: LiquidityProvider { provider: 3oLMD8mcD1PGmi9p9Y7qQX3661nyoPBcnPo54n7CWjsi, total_liquidity_provided: 0, total_lp_tokens: 0, liquidity_pools_info: [LiquidityPoolInfo { pool: 11111111111111111111111111111111, token_mint: 11111111111111111111111111111111, liquidity_amount: 0, lp_tokens: 0 }, LiquidityPoolInfo { pool: 11111111111111111111111111111111, token_mint: 11111111111111111111111111111111, liquidity_amount: 0, lp_tokens: 0 }, LiquidityPoolInfo { pool: 11111111111111111111111111111111, token_mint: 11111111111111111111111111111111, liquidity_amount: 0, lp_tokens: 0 }, LiquidityPoolInfo { pool: 11111111111111111111111111111111, token_mint: 11111111111111111111111111111111, liquidity_amount: 0, lp_tokens: 0 }, LiquidityPoolInfo { pool: 11111111111111111111111111111111, token_mint: 11111111111111111111111111111111, liquidity_amount: 0, lp_tokens: 0 }, LiquidityPoolInfo { pool: 11111111111111111111111111111111, token_mint: 11111111111111111111111111111111, liquidity_amount: 0, lp_tokens: 0 }, LiquidityPoolInfo { pool: 11111111111111111111111111111111, token_mint: 11111111111111111111111111111111, liquidity_amount: 0, lp_tokens: 0 }, LiquidityPoolInfo { pool: 11111111111111111111111111111111, token_mint: 11111111111111111111111111111111, liquidity_amount: 0, lp_tokens: 0 }, LiquidityPoolInfo { pool: 11111111111111111111111111111111, token_mint: 11111111111111111111111111111111, liquidity_amount: 0, lp_tokens: 0 }, LiquidityPoolInfo { pool: 11111111111111111111111111111111, token_mint: 11111111111111111111111111111111, liquidity_amount: 0, lp_tokens: 0 }], latest_liquidity_provided_on: 0, bump: 255 }, info: AccountInfo { key: 8dr26ebfwcXXa3u6wgfkBakYzpJ1NoeEibrVLrEq1HKW, owner: ExHfGdk5fcYPtyPaUGWJGBH3mFc2QqvTca6sQ8BoYbx1, is_signer: false, is_writable: true, executable: false, rent_epoch: 18446744073709551615, lamports: 6911280, data.len: 865, data: 00000000000000000000000000000000000000000000000000000000000000000000000000000000000000000000000000000000000000000000000000000000, .. } }
    Program ExHfGdk5fcYPtyPaUGWJGBH3mFc2QqvTca6sQ8BoYbx1 consumed 98736 of 200000 compute units
    Program ExHfGdk5fcYPtyPaUGWJGBH3mFc2QqvTca6sQ8BoYbx1 success
Transaction executed in slot 419873989:
  Signature: 3Xw5NgsELJm8pWuhVDpNdkkzuQrWEq8sanTq1b6r93rs2Krq5R8uT27v5otsdMiGC8WHWeENEcSt12nuySPHMr9p
  Status: Ok
  Log Messages:
    Program ExHfGdk5fcYPtyPaUGWJGBH3mFc2QqvTca6sQ8BoYbx1 invoke [1]
    Program log: Instruction: ProcessInitializeLiquidityProvider
    Program 11111111111111111111111111111111 invoke [2]
    Program 11111111111111111111111111111111 success
    Program log: Initializing Liquidity Provider...
    Program log: Initialized Liquidity Provider Succesfully!
    Program log: Liquidity Provider Info: Account { account: LiquidityProvider { provider: 3oLMD8mcD1PGmi9p9Y7qQX3661nyoPBcnPo54n7CWjsi, total_liquidity_provided: 0, total_lp_tokens: 0, liquidity_pools_info: [LiquidityPoolInfo { pool: 11111111111111111111111111111111, token_mint: 11111111111111111111111111111111, liquidity_amount: 0, lp_tokens: 0 }, LiquidityPoolInfo { pool: 11111111111111111111111111111111, token_mint: 11111111111111111111111111111111, liquidity_amount: 0, lp_tokens: 0 }, LiquidityPoolInfo { pool: 11111111111111111111111111111111, token_mint: 11111111111111111111111111111111, liquidity_amount: 0, lp_tokens: 0 }, LiquidityPoolInfo { pool: 11111111111111111111111111111111, token_mint: 11111111111111111111111111111111, liquidity_amount: 0, lp_tokens: 0 }, LiquidityPoolInfo { pool: 11111111111111111111111111111111, token_mint: 11111111111111111111111111111111, liquidity_amount: 0, lp_tokens: 0 }, LiquidityPoolInfo { pool: 11111111111111111111111111111111, token_mint: 11111111111111111111111111111111, liquidity_amount: 0, lp_tokens: 0 }, LiquidityPoolInfo { pool: 11111111111111111111111111111111, token_mint: 11111111111111111111111111111111, liquidity_amount: 0, lp_tokens: 0 }, LiquidityPoolInfo { pool: 11111111111111111111111111111111, token_mint: 11111111111111111111111111111111, liquidity_amount: 0, lp_tokens: 0 }, LiquidityPoolInfo { pool: 11111111111111111111111111111111, token_mint: 11111111111111111111111111111111, liquidity_amount: 0, lp_tokens: 0 }, LiquidityPoolInfo { pool: 11111111111111111111111111111111, token_mint: 11111111111111111111111111111111, liquidity_amount: 0, lp_tokens: 0 }], latest_liquidity_provided_on: 0, bump: 255 }, info: AccountInfo { key: 8dr26ebfwcXXa3u6wgfkBakYzpJ1NoeEibrVLrEq1HKW, owner: ExHfGdk5fcYPtyPaUGWJGBH3mFc2QqvTca6sQ8BoYbx1, is_signer: false, is_writable: true, executable: false, rent_epoch: 18446744073709551615, lamports: 6911280, data.len: 865, data: 00000000000000000000000000000000000000000000000000000000000000000000000000000000000000000000000000000000000000000000000000000000, .. } }
    Program ExHfGdk5fcYPtyPaUGWJGBH3mFc2QqvTca6sQ8BoYbx1 consumed 98736 of 200000 compute units
    Program ExHfGdk5fcYPtyPaUGWJGBH3mFc2QqvTca6sQ8BoYbx1 success
Transaction executed in slot 419873998:
  Signature: 2JJSDzK8AWCs5KxYod6nxXKraqRPNTAs4V6XrwbiamL8Dbq5sKygGs3gmPhYgKbVKYJieg2w2c2g5tJMqEr1txwz
  Status: Ok
  Log Messages:
    Program ExHfGdk5fcYPtyPaUGWJGBH3mFc2QqvTca6sQ8BoYbx1 invoke [1]
    Program log: Instruction: ProcessDelegateLiquidityProvider
    Program 11111111111111111111111111111111 invoke [2]
    Program 11111111111111111111111111111111 success
    Program 11111111111111111111111111111111 invoke [2]
    Program 11111111111111111111111111111111 success
    Program DELeGGvXpWV2fqJUhqcF5ZSYMS4JTLjteaAMARRSaeSh invoke [2]
    Program 11111111111111111111111111111111 invoke [3]
    Program 11111111111111111111111111111111 success
    Program 11111111111111111111111111111111 invoke [3]
    Program 11111111111111111111111111111111 success
    Program DELeGGvXpWV2fqJUhqcF5ZSYMS4JTLjteaAMARRSaeSh consumed 17442 of 171990 compute units
    Program DELeGGvXpWV2fqJUhqcF5ZSYMS4JTLjteaAMARRSaeSh success
    Program log: Liquidity Provider account delegated successfully!
    Program ExHfGdk5fcYPtyPaUGWJGBH3mFc2QqvTca6sQ8BoYbx1 consumed 48644 of 200000 compute units
    Program ExHfGdk5fcYPtyPaUGWJGBH3mFc2QqvTca6sQ8BoYbx1 success
Transaction executed in slot 419874025:
  Signature: 5f8CpbouoVGWjGe1t98piYWTxnp4ZmqKNoiGEL1oMMfwCFCfWkQbvPZVHsroP56JjckYUjo45tmob4AkGGnoTa5s
  Status: Ok
  Log Messages:
    Program ExHfGdk5fcYPtyPaUGWJGBH3mFc2QqvTca6sQ8BoYbx1 invoke [1]
    Program log: Instruction: ProcessDepositAddLiquidityOnChain
    Program 11111111111111111111111111111111 invoke [2]
    Program 11111111111111111111111111111111 success
    Program TokenkegQfeZyiNwAJbNbGKPFXCWuBvf9Ss623VQ5DA invoke [2]
    Program log: Instruction: Transfer
    Program TokenkegQfeZyiNwAJbNbGKPFXCWuBvf9Ss623VQ5DA consumed 4645 of 150841 compute units
    Program TokenkegQfeZyiNwAJbNbGKPFXCWuBvf9Ss623VQ5DA success
    Program log: Transferred 100 of Token A to Vault
    Program TokenkegQfeZyiNwAJbNbGKPFXCWuBvf9Ss623VQ5DA invoke [2]
    Program log: Instruction: Transfer
    Program TokenkegQfeZyiNwAJbNbGKPFXCWuBvf9Ss623VQ5DA consumed 4645 of 143537 compute units
    Program TokenkegQfeZyiNwAJbNbGKPFXCWuBvf9Ss623VQ5DA success
    Program log: Transferred 100 of Token B to Vault
    Program log: Deposit Recept created successfully!
    Program ExHfGdk5fcYPtyPaUGWJGBH3mFc2QqvTca6sQ8BoYbx1 consumed 64660 of 200000 compute units
    Program ExHfGdk5fcYPtyPaUGWJGBH3mFc2QqvTca6sQ8BoYbx1 success
Transaction executed in slot 419874028:
  Signature: 5f8CpbouoVGWjGe1t98piYWTxnp4ZmqKNoiGEL1oMMfwCFCfWkQbvPZVHsroP56JjckYUjo45tmob4AkGGnoTa5s
  Status: Ok
  Log Messages:
    Program ExHfGdk5fcYPtyPaUGWJGBH3mFc2QqvTca6sQ8BoYbx1 invoke [1]
    Program log: Instruction: ProcessDepositAddLiquidityOnChain
    Program 11111111111111111111111111111111 invoke [2]
    Program 11111111111111111111111111111111 success
    Program TokenkegQfeZyiNwAJbNbGKPFXCWuBvf9Ss623VQ5DA invoke [2]
    Program log: Instruction: Transfer
    Program TokenkegQfeZyiNwAJbNbGKPFXCWuBvf9Ss623VQ5DA consumed 4645 of 150841 compute units
    Program TokenkegQfeZyiNwAJbNbGKPFXCWuBvf9Ss623VQ5DA success
    Program log: Transferred 100 of Token A to Vault
    Program TokenkegQfeZyiNwAJbNbGKPFXCWuBvf9Ss623VQ5DA invoke [2]
    Program log: Instruction: Transfer
    Program TokenkegQfeZyiNwAJbNbGKPFXCWuBvf9Ss623VQ5DA consumed 4645 of 143537 compute units
    Program TokenkegQfeZyiNwAJbNbGKPFXCWuBvf9Ss623VQ5DA success
    Program log: Transferred 100 of Token B to Vault
    Program log: Deposit Recept created successfully!
    Program ExHfGdk5fcYPtyPaUGWJGBH3mFc2QqvTca6sQ8BoYbx1 consumed 64660 of 200000 compute units
    Program ExHfGdk5fcYPtyPaUGWJGBH3mFc2QqvTca6sQ8BoYbx1 success
Transaction executed in slot 419874037:
  Signature: 4M3YxSw8wzEb7R9bLZRzJ3xNJXs9B96hqhnDfhkr23SmHB4tndfi2hxAo18uUvtk8fVhf2Uu5xXc77DeMooTk6Mw
  Status: Ok
  Log Messages:
    Program ExHfGdk5fcYPtyPaUGWJGBH3mFc2QqvTca6sQ8BoYbx1 invoke [1]
    Program log: Instruction: ProcessDelegateAddLiquidityReceipt
    Program 11111111111111111111111111111111 invoke [2]
    Program 11111111111111111111111111111111 success
    Program 11111111111111111111111111111111 invoke [2]
    Program 11111111111111111111111111111111 success
    Program DELeGGvXpWV2fqJUhqcF5ZSYMS4JTLjteaAMARRSaeSh invoke [2]
    Program 11111111111111111111111111111111 invoke [3]
    Program 11111111111111111111111111111111 success
    Program 11111111111111111111111111111111 invoke [3]
    Program 11111111111111111111111111111111 success
    Program DELeGGvXpWV2fqJUhqcF5ZSYMS4JTLjteaAMARRSaeSh consumed 24942 of 159643 compute units
    Program DELeGGvXpWV2fqJUhqcF5ZSYMS4JTLjteaAMARRSaeSh success
    Program log: Deposit receipt delegated successfully!
    Program log: Receipt : Account { account: DepositRecept { pool: GjazDsjJVF2Uw2jn8ms1o12u8zmSzLcqort1JF2ixcX9, liquidity_provider: 3oLMD8mcD1PGmi9p9Y7qQX3661nyoPBcnPo54n7CWjsi, amount_a: 100, amount_b: 100, lp_tokens_minted: 100 }, info: AccountInfo { key: 8wUx64kLSrR4jfUbptgoJqVAPiy8ZTWfXgyQztCCSNd3, owner: DELeGGvXpWV2fqJUhqcF5ZSYMS4JTLjteaAMARRSaeSh, is_signer: false, is_writable: true, executable: false, rent_epoch: 18446744073709551615, lamports: 1559040, data.len: 96, data: 18c27466c6ffe9bfe9c8206aec56a0b889058d4fcf30dedd934f9912ff55bb0a18c2ba1e0c0bea882995f7ea09c9626110796e05bcfee0988df63805361f9284, .. } }
    Program ExHfGdk5fcYPtyPaUGWJGBH3mFc2QqvTca6sQ8BoYbx1 consumed 97002 of 200000 compute units
    Program ExHfGdk5fcYPtyPaUGWJGBH3mFc2QqvTca6sQ8BoYbx1 success
Transaction executed in slot 419874074:
  Signature: 44Wdkhx4CGtQQNQBJCpMdxysPgFUzVUTEGnqYVkLnYQtv4wjYr4AomTsk5V6kjfZth4r4geWwNxH1fjjw699tvkW
  Status: Ok
  Log Messages:
    Program ExHfGdk5fcYPtyPaUGWJGBH3mFc2QqvTca6sQ8BoYbx1 invoke [1]
    Program log: Instruction: ProcessMintLpTokens
    Program log: Minting 50 LP tokens on-chain to provider
    Program TokenkegQfeZyiNwAJbNbGKPFXCWuBvf9Ss623VQ5DA invoke [2]
    Program log: Instruction: MintTo
    Program TokenkegQfeZyiNwAJbNbGKPFXCWuBvf9Ss623VQ5DA consumed 4538 of 175975 compute units
    Program TokenkegQfeZyiNwAJbNbGKPFXCWuBvf9Ss623VQ5DA success
    Program log: Successfully minted 50 LP tokens on-chain
    Program ExHfGdk5fcYPtyPaUGWJGBH3mFc2QqvTca6sQ8BoYbx1 consumed 29391 of 200000 compute units
    Program ExHfGdk5fcYPtyPaUGWJGBH3mFc2QqvTca6sQ8BoYbx1 success
