Streaming transaction logs mentioning HmBMkwugty2Govvk31r33dLxfMDJi58Ch8aLqzjaXaAj. Confirmed commitment
Transaction executed in slot 419249139:
  Signature: dP7odWDHDF8ChNLxEHkarUtEivSDcy1BT8AinuTGZ8axGHhCoNuNgZparXNms3RpEz8LfrphZhw9uJ48HC5wbF2
  Status: Ok
  Log Messages:
    Program HmBMkwugty2Govvk31r33dLxfMDJi58Ch8aLqzjaXaAj invoke [1]
    Program log: Instruction: Initialize
    Program log: Greetings from: HmBMkwugty2Govvk31r33dLxfMDJi58Ch8aLqzjaXaAj
    Program HmBMkwugty2Govvk31r33dLxfMDJi58Ch8aLqzjaXaAj consumed 2963 of 200000 compute units
    Program HmBMkwugty2Govvk31r33dLxfMDJi58Ch8aLqzjaXaAj success
Transaction executed in slot 419249140:
  Signature: dP7odWDHDF8ChNLxEHkarUtEivSDcy1BT8AinuTGZ8axGHhCoNuNgZparXNms3RpEz8LfrphZhw9uJ48HC5wbF2
  Status: Ok
  Log Messages:
    Program HmBMkwugty2Govvk31r33dLxfMDJi58Ch8aLqzjaXaAj invoke [1]
    Program log: Instruction: Initialize
    Program log: Greetings from: HmBMkwugty2Govvk31r33dLxfMDJi58Ch8aLqzjaXaAj
    Program HmBMkwugty2Govvk31r33dLxfMDJi58Ch8aLqzjaXaAj consumed 2963 of 200000 compute units
    Program HmBMkwugty2Govvk31r33dLxfMDJi58Ch8aLqzjaXaAj success
Transaction executed in slot 419249142:
  Signature: 5Ri3jSFXBnjVZjBY1bi5XhChASuAodDdigZDXXjweRbZPpac8Av45F5UCmnaPubT9CwiSdc4PAtzbn4yYMWf8Joa
  Status: Error processing Instruction 0: custom program error: 0x0
  Log Messages:
    Program HmBMkwugty2Govvk31r33dLxfMDJi58Ch8aLqzjaXaAj invoke [1]
    Program log: Instruction: ProcessInitializePool
    Program 11111111111111111111111111111111 invoke [2]
    Allocate: account Address { address: 4Da5NrLjVHT44wwAoEBsuXdwx3uHmcuksNxY7N5yK9Xw, base: None } already in use
    Program 11111111111111111111111111111111 failed: custom program error: 0x0
    Program HmBMkwugty2Govvk31r33dLxfMDJi58Ch8aLqzjaXaAj consumed 10946 of 200000 compute units
    Program HmBMkwugty2Govvk31r33dLxfMDJi58Ch8aLqzjaXaAj failed: custom program error: 0x0
Transaction executed in slot 419249220:
  Signature: 2wRxLEmk9DmTymkkHyrPR36zSa6j8uSoNdqvQfGmjPnAkAQWUJ3vZ7trHLQL6H3jtwsP7rW1RDqtr3hHge6u1eMj
  Status: Error processing Instruction 0: custom program error: 0xbc4
  Log Messages:
    Program HmBMkwugty2Govvk31r33dLxfMDJi58Ch8aLqzjaXaAj invoke [1]
    Program log: Instruction: ProcessCommitAndAddLiquidity
    Program log: AnchorError caused by account: token_vault_a. Error Code: AccountNotInitialized. Error Number: 3012. Error Message: The program expected this account to be already initialized.
    Program HmBMkwugty2Govvk31r33dLxfMDJi58Ch8aLqzjaXaAj consumed 9096 of 200000 compute units
    Program HmBMkwugty2Govvk31r33dLxfMDJi58Ch8aLqzjaXaAj failed: custom program error: 0xbc4
