Streaming transaction logs mentioning UfCSQPV6JBAkJxfHS3HWdcN149DYZ6RPTST4LtuzGQY. Confirmed commitment
Transaction executed in slot 419433233:
  Signature: 4S8jUZfQjkfYpXmd6N4St9hmP4zNcAk7evdyvQAFf3aZ1LWUTFwKCYJxU32uk1DqgmEs8quR4LqXxJiYnTRjKfQE
  Status: Ok
  Log Messages:
    Program UfCSQPV6JBAkJxfHS3HWdcN149DYZ6RPTST4LtuzGQY invoke [1]
    Program log: Instruction: Initialize
    Program log: Greetings from: UfCSQPV6JBAkJxfHS3HWdcN149DYZ6RPTST4LtuzGQY
    Program UfCSQPV6JBAkJxfHS3HWdcN149DYZ6RPTST4LtuzGQY consumed 2948 of 200000 compute units
    Program UfCSQPV6JBAkJxfHS3HWdcN149DYZ6RPTST4LtuzGQY success
Transaction executed in slot 419433243:
  Signature: 5FpcHDwdgLRo8PcPCi1JHFkcyNmzHWNEMQWx22ZYBSp6tKVrt2TLj84d1W486YXcLjDwyXyq9JYFh1WrHtdsfbky
  Status: Ok
  Log Messages:
    Program UfCSQPV6JBAkJxfHS3HWdcN149DYZ6RPTST4LtuzGQY invoke [1]
    Program log: Instruction: ProcessDelegatePool
    Program 11111111111111111111111111111111 invoke [2]
    Program 11111111111111111111111111111111 success
    Program 11111111111111111111111111111111 invoke [2]
    Program 11111111111111111111111111111111 success
    Program DELeGGvXpWV2fqJUhqcF5ZSYMS4JTLjteaAMARRSaeSh invoke [2]
    Program 11111111111111111111111111111111 invoke [3]
    Program 11111111111111111111111111111111 success
    Program 11111111111111111111111111111111 invoke [3]
    Program 11111111111111111111111111111111 success
    Program DELeGGvXpWV2fqJUhqcF5ZSYMS4JTLjteaAMARRSaeSh consumed 23442 of 161943 compute units
    Program DELeGGvXpWV2fqJUhqcF5ZSYMS4JTLjteaAMARRSaeSh success
    Program log: Pool account delegated successfully!
    Program UfCSQPV6JBAkJxfHS3HWdcN149DYZ6RPTST4LtuzGQY consumed 63576 of 200000 compute units
    Program UfCSQPV6JBAkJxfHS3HWdcN149DYZ6RPTST4LtuzGQY success
Transaction executed in slot 419433270:
  Signature: 4Tpiw58u3qrTPtVHuYuv7cmYQDPp1anxsamN3hsJyHRGts54ndmHgFRJBxumKH527MqZ96py2AqkM25pHjsWp8mj
  Status: Ok
  Log Messages:
    Program UfCSQPV6JBAkJxfHS3HWdcN149DYZ6RPTST4LtuzGQY invoke [1]
    Program log: Instruction: ProcessInitializeLiquidityProvider
    Program 11111111111111111111111111111111 invoke [2]
    Program 11111111111111111111111111111111 success
    Program log: Initializing Liquidity Provider...
    Program log: Initialized Liquidity Provider Succesfully!
    Program log: Liquidity Provider Info: Account { account: LiquidityProvider { provider: 3oLMD8mcD1PGmi9p9Y7qQX3661nyoPBcnPo54n7CWjsi, total_liquidity_provided: 0, total_lp_tokens: 0, liquidity_pools_info: [LiquidityPoolInfo { pool: 11111111111111111111111111111111, token_mint: 11111111111111111111111111111111, liquidity_amount: 0, lp_tokens: 0 }, LiquidityPoolInfo { pool: 11111111111111111111111111111111, token_mint: 11111111111111111111111111111111, liquidity_amount: 0, lp_tokens: 0 }, LiquidityPoolInfo { pool: 11111111111111111111111111111111, token_mint: 11111111111111111111111111111111, liquidity_amount: 0, lp_tokens: 0 }, LiquidityPoolInfo { pool: 11111111111111111111111111111111, token_mint: 11111111111111111111111111111111, liquidity_amount: 0, lp_tokens: 0 }, LiquidityPoolInfo { pool: 11111111111111111111111111111111, token_mint: 11111111111111111111111111111111, liquidity_amount: 0, lp_tokens: 0 }, LiquidityPoolInfo { pool: 11111111111111111111111111111111, token_mint: 11111111111111111111111111111111, liquidity_amount: 0, lp_tokens: 0 }, LiquidityPoolInfo { pool: 11111111111111111111111111111111, token_mint: 11111111111111111111111111111111, liquidity_amount: 0, lp_tokens: 0 }, LiquidityPoolInfo { pool: 11111111111111111111111111111111, token_mint: 11111111111111111111111111111111, liquidity_amount: 0, lp_tokens: 0 }, LiquidityPoolInfo { pool: 11111111111111111111111111111111, token_mint: 11111111111111111111111111111111, liquidity_amount: 0, lp_tokens: 0 }, LiquidityPoolInfo { pool: 11111111111111111111111111111111, token_mint: 11111111111111111111111111111111, liquidity_amount: 0, lp_tokens: 0 }], latest_liquidity_provided_on: 0, bump: 255 }, info: AccountInfo { key: 7LU1agFfeqfp6LAuJWzFB2TS53wC6gCtNmtvUwLQmMJY, owner: UfCSQPV6JBAkJxfHS3HWdcN149DYZ6RPTST4LtuzGQY, is_signer: false, is_writable: true, executable: false, rent_epoch: 18446744073709551615, lamports: 6911280, data.len: 865, data: 00000000000000000000000000000000000000000000000000000000000000000000000000000000000000000000000000000000000000000000000000000000, .. } }
    Program UfCSQPV6JBAkJxfHS3HWdcN149DYZ6RPTST4LtuzGQY consumed 98720 of 200000 compute units
    Program UfCSQPV6JBAkJxfHS3HWdcN149DYZ6RPTST4LtuzGQY success
Transaction executed in slot 419433278:
  Signature: 4QnARFdH92npDRBv5ChnSK2pYkT9ysd1KdvjiuQB76oGpDFA4NoeZ5nMPmTevj6wNGTREkUt7XTF6mo6We4Sfjuy
  Status: Ok
  Log Messages:
    Program UfCSQPV6JBAkJxfHS3HWdcN149DYZ6RPTST4LtuzGQY invoke [1]
    Program log: Instruction: ProcessDelegateLiquidityProvider
    Program 11111111111111111111111111111111 invoke [2]
    Program 11111111111111111111111111111111 success
    Program 11111111111111111111111111111111 invoke [2]
    Program 11111111111111111111111111111111 success
    Program DELeGGvXpWV2fqJUhqcF5ZSYMS4JTLjteaAMARRSaeSh invoke [2]
    Program 11111111111111111111111111111111 invoke [3]
    Program 11111111111111111111111111111111 success
    Program 11111111111111111111111111111111 invoke [3]
    Program 11111111111111111111111111111111 success
    Program DELeGGvXpWV2fqJUhqcF5ZSYMS4JTLjteaAMARRSaeSh consumed 15942 of 173490 compute units
    Program DELeGGvXpWV2fqJUhqcF5ZSYMS4JTLjteaAMARRSaeSh success
    Program log: Liquidity Provider account delegated successfully!
    Program UfCSQPV6JBAkJxfHS3HWdcN149DYZ6RPTST4LtuzGQY consumed 45639 of 200000 compute units
    Program UfCSQPV6JBAkJxfHS3HWdcN149DYZ6RPTST4LtuzGQY success
Transaction executed in slot 419433366:
  Signature: 5hM63JXJZPLuQ8iGBqAiFUAfazFBY5oBQystXbWyTWFyH11yGj2FSdyRvcX6d7ThmVrJbz9fcobBxNJoNAcQtbUZ
  Status: Ok
  Log Messages:
    Program ComputeBudget111111111111111111111111111111 invoke [1]
    Program ComputeBudget111111111111111111111111111111 success
    Program ComputeBudget111111111111111111111111111111 invoke [1]
    Program ComputeBudget111111111111111111111111111111 success
    Program DELeGGvXpWV2fqJUhqcF5ZSYMS4JTLjteaAMARRSaeSh invoke [1]
    Program 11111111111111111111111111111111 invoke [2]
    Program 11111111111111111111111111111111 success
    Program 11111111111111111111111111111111 invoke [2]
    Program 11111111111111111111111111111111 success
    Program DELeGGvXpWV2fqJUhqcF5ZSYMS4JTLjteaAMARRSaeSh consumed 43523 of 579700 compute units
    Program DELeGGvXpWV2fqJUhqcF5ZSYMS4JTLjteaAMARRSaeSh success
    Program DELeGGvXpWV2fqJUhqcF5ZSYMS4JTLjteaAMARRSaeSh invoke [1]
    Program 11111111111111111111111111111111 invoke [2]
    Program 11111111111111111111111111111111 success
    Program 11111111111111111111111111111111 invoke [2]
    Program 11111111111111111111111111111111 success
    Program DELeGGvXpWV2fqJUhqcF5ZSYMS4JTLjteaAMARRSaeSh consumed 40523 of 536177 compute units
    Program DELeGGvXpWV2fqJUhqcF5ZSYMS4JTLjteaAMARRSaeSh success
    Program DELeGGvXpWV2fqJUhqcF5ZSYMS4JTLjteaAMARRSaeSh invoke [1]
    Program DELeGGvXpWV2fqJUhqcF5ZSYMS4JTLjteaAMARRSaeSh consumed 33429 of 495654 compute units
    Program DELeGGvXpWV2fqJUhqcF5ZSYMS4JTLjteaAMARRSaeSh success
    Program DELeGGvXpWV2fqJUhqcF5ZSYMS4JTLjteaAMARRSaeSh invoke [1]
    Program DELeGGvXpWV2fqJUhqcF5ZSYMS4JTLjteaAMARRSaeSh consumed 30429 of 462225 compute units
    Program DELeGGvXpWV2fqJUhqcF5ZSYMS4JTLjteaAMARRSaeSh success
    Program DELeGGvXpWV2fqJUhqcF5ZSYMS4JTLjteaAMARRSaeSh invoke [1]
    Program log: Processing instruction: CallHandler
    Program UfCSQPV6JBAkJxfHS3HWdcN149DYZ6RPTST4LtuzGQY invoke [2]
    Program log: Instruction: ProcessDepositLiquidityOnChain
    Program log: Hello World!
    Program UfCSQPV6JBAkJxfHS3HWdcN149DYZ6RPTST4LtuzGQY consumed 5613 of 396289 compute units
    Program UfCSQPV6JBAkJxfHS3HWdcN149DYZ6RPTST4LtuzGQY success
    Program DELeGGvXpWV2fqJUhqcF5ZSYMS4JTLjteaAMARRSaeSh consumed 42722 of 431796 compute units
    Program DELeGGvXpWV2fqJUhqcF5ZSYMS4JTLjteaAMARRSaeSh success
